[0.075s] DEBUG:colcon:Command line arguments: ['/usr/bin/colcon', 'build']
[0.075s] DEBUG:colcon:Parsed command line arguments: Namespace(log_base=None, log_level=None, verb_name='build', build_base='build', install_base='install', merge_install=False, symlink_install=False, test_result_base=None, continue_on_error=False, executor='parallel', parallel_workers=8, event_handlers=None, ignore_user_meta=False, metas=['./colcon.meta'], base_paths=['.'], packages_ignore=None, packages_ignore_regex=None, paths=None, packages_up_to=None, packages_up_to_regex=None, packages_above=None, packages_above_and_dependencies=None, packages_above_depth=None, packages_select_by_dep=None, packages_skip_by_dep=None, packages_skip_up_to=None, packages_select_build_failed=False, packages_skip_build_finished=False, packages_select_test_failures=False, packages_skip_test_passed=False, packages_select=None, packages_skip=None, packages_select_regex=None, packages_skip_regex=None, packages_start=None, packages_end=None, allow_overriding=[], cmake_args=None, cmake_target=None, cmake_target_skip_unavailable=False, cmake_clean_cache=False, cmake_clean_first=False, cmake_force_configure=False, ament_cmake_args=None, catkin_cmake_args=None, catkin_skip_building_tests=False, mixin_files=None, mixin=None, verb_parser=<colcon_mixin.mixin.mixin_argument.MixinArgumentDecorator object at 0x775fad181c00>, verb_extension=<colcon_core.verb.build.BuildVerb object at 0x775fad1815d0>, main=<bound method BuildVerb.main of <colcon_core.verb.build.BuildVerb object at 0x775fad1815d0>>, mixin_verb=('build',))
[0.167s] Level 1:colcon.colcon_core.package_discovery:discover_packages(colcon_meta) check parameters
[0.167s] Level 1:colcon.colcon_core.package_discovery:discover_packages(recursive) check parameters
[0.167s] Level 1:colcon.colcon_core.package_discovery:discover_packages(ignore) check parameters
[0.167s] Level 1:colcon.colcon_core.package_discovery:discover_packages(path) check parameters
[0.167s] Level 1:colcon.colcon_core.package_discovery:discover_packages(colcon_meta) discover
[0.167s] Level 1:colcon.colcon_core.package_discovery:discover_packages(recursive) discover
[0.167s] INFO:colcon.colcon_core.package_discovery:Crawling recursively for packages in '/home/roboi-amr/ros2_ws/src/amr2_packages/roboi_control'
[0.167s] Level 1:colcon.colcon_core.package_identification:_identify(.) by extensions ['ignore', 'ignore_ament_install']
[0.167s] Level 1:colcon.colcon_core.package_identification:_identify(.) by extension 'ignore'
[0.167s] Level 1:colcon.colcon_core.package_identification:_identify(.) by extension 'ignore_ament_install'
[0.167s] Level 1:colcon.colcon_core.package_identification:_identify(.) by extensions ['colcon_pkg']
[0.167s] Level 1:colcon.colcon_core.package_identification:_identify(.) by extension 'colcon_pkg'
[0.167s] Level 1:colcon.colcon_core.package_identification:_identify(.) by extensions ['colcon_meta']
[0.167s] Level 1:colcon.colcon_core.package_identification:_identify(.) by extension 'colcon_meta'
[0.167s] Level 1:colcon.colcon_core.package_identification:_identify(.) by extensions ['ros']
[0.167s] Level 1:colcon.colcon_core.package_identification:_identify(.) by extension 'ros'
[0.182s] DEBUG:colcon.colcon_core.package_identification:Package '.' with type 'ros.ament_cmake' and name 'roboi_amr_control'
[0.182s] Level 1:colcon.colcon_core.package_discovery:discover_packages(recursive) using defaults
[0.182s] Level 1:colcon.colcon_core.package_discovery:discover_packages(ignore) discover
[0.182s] Level 1:colcon.colcon_core.package_discovery:discover_packages(ignore) using defaults
[0.182s] Level 1:colcon.colcon_core.package_discovery:discover_packages(path) discover
[0.182s] Level 1:colcon.colcon_core.package_discovery:discover_packages(path) using defaults
[0.193s] Level 1:colcon.colcon_core.package_discovery:discover_packages(prefix_path) check parameters
[0.193s] Level 1:colcon.colcon_core.package_discovery:discover_packages(prefix_path) discover
[0.194s] DEBUG:colcon.colcon_installed_package_information.package_discovery:Found 1 installed packages in /home/roboi-amr/ros2_ws/src/amr2_packages/roboi_amr_msgs/install
[0.194s] DEBUG:colcon.colcon_installed_package_information.package_discovery:Found 2 installed packages in /home/roboi-amr/ros2_ws/install
[0.195s] DEBUG:colcon.colcon_installed_package_information.package_discovery:Found 270 installed packages in /opt/ros/humble
[0.196s] Level 1:colcon.colcon_core.package_discovery:discover_packages(prefix_path) using defaults
[0.217s] Level 5:colcon.colcon_core.verb:set package 'roboi_amr_control' build argument 'cmake_args' from command line to 'None'
[0.217s] Level 5:colcon.colcon_core.verb:set package 'roboi_amr_control' build argument 'cmake_target' from command line to 'None'
[0.217s] Level 5:colcon.colcon_core.verb:set package 'roboi_amr_control' build argument 'cmake_target_skip_unavailable' from command line to 'False'
[0.217s] Level 5:colcon.colcon_core.verb:set package 'roboi_amr_control' build argument 'cmake_clean_cache' from command line to 'False'
[0.217s] Level 5:colcon.colcon_core.verb:set package 'roboi_amr_control' build argument 'cmake_clean_first' from command line to 'False'
[0.217s] Level 5:colcon.colcon_core.verb:set package 'roboi_amr_control' build argument 'cmake_force_configure' from command line to 'False'
[0.217s] Level 5:colcon.colcon_core.verb:set package 'roboi_amr_control' build argument 'ament_cmake_args' from command line to 'None'
[0.217s] Level 5:colcon.colcon_core.verb:set package 'roboi_amr_control' build argument 'catkin_cmake_args' from command line to 'None'
[0.217s] Level 5:colcon.colcon_core.verb:set package 'roboi_amr_control' build argument 'catkin_skip_building_tests' from command line to 'False'
[0.217s] DEBUG:colcon.colcon_core.verb:Building package 'roboi_amr_control' with the following arguments: {'ament_cmake_args': None, 'build_base': '/home/roboi-amr/ros2_ws/src/amr2_packages/roboi_control/build/roboi_amr_control', 'catkin_cmake_args': None, 'catkin_skip_building_tests': False, 'cmake_args': None, 'cmake_clean_cache': False, 'cmake_clean_first': False, 'cmake_force_configure': False, 'cmake_target': None, 'cmake_target_skip_unavailable': False, 'install_base': '/home/roboi-amr/ros2_ws/src/amr2_packages/roboi_control/install/roboi_amr_control', 'merge_install': False, 'path': '/home/roboi-amr/ros2_ws/src/amr2_packages/roboi_control', 'symlink_install': False, 'test_result_base': None}
[0.217s] INFO:colcon.colcon_core.executor:Executing jobs using 'parallel' executor
[0.217s] DEBUG:colcon.colcon_parallel_executor.executor.parallel:run_until_complete
[0.218s] INFO:colcon.colcon_ros.task.ament_cmake.build:Building ROS package in '/home/roboi-amr/ros2_ws/src/amr2_packages/roboi_control' with build type 'ament_cmake'
[0.218s] INFO:colcon.colcon_cmake.task.cmake.build:Building CMake package in '/home/roboi-amr/ros2_ws/src/amr2_packages/roboi_control'
[0.219s] INFO:colcon.colcon_core.plugin_system:Skipping extension 'colcon_core.shell.bat': Not used on non-Windows systems
[0.219s] INFO:colcon.colcon_core.shell:Skip shell extension 'powershell' for command environment: Not usable outside of PowerShell
[0.219s] DEBUG:colcon.colcon_core.shell:Skip shell extension 'dsv' for command environment
[0.225s] DEBUG:colcon.colcon_core.event_handler.log_command:Invoking command in '/home/roboi-amr/ros2_ws/src/amr2_packages/roboi_control/build/roboi_amr_control': CMAKE_PREFIX_PATH=${CMAKE_PREFIX_PATH}:/opt/ros/humble /usr/bin/cmake --build /home/roboi-amr/ros2_ws/src/amr2_packages/roboi_control/build/roboi_amr_control -- -j8 -l8
[0.405s] DEBUG:colcon.colcon_core.event_handler.log_command:Invoked command in '/home/roboi-amr/ros2_ws/src/amr2_packages/roboi_control/build/roboi_amr_control' returned '2': CMAKE_PREFIX_PATH=${CMAKE_PREFIX_PATH}:/opt/ros/humble /usr/bin/cmake --build /home/roboi-amr/ros2_ws/src/amr2_packages/roboi_control/build/roboi_amr_control -- -j8 -l8
[0.425s] Level 1:colcon.colcon_core.environment:create_environment_scripts_only(roboi_amr_control)
[0.427s] Level 1:colcon.colcon_core.environment:checking '/home/roboi-amr/ros2_ws/src/amr2_packages/roboi_control/install/roboi_amr_control' for CMake module files
[0.427s] Level 1:colcon.colcon_core.environment:checking '/home/roboi-amr/ros2_ws/src/amr2_packages/roboi_control/install/roboi_amr_control' for CMake config files
[0.427s] Level 1:colcon.colcon_core.shell:create_environment_hook('roboi_amr_control', 'cmake_prefix_path')
[0.427s] INFO:colcon.colcon_core.shell:Creating environment hook '/home/roboi-amr/ros2_ws/src/amr2_packages/roboi_control/install/roboi_amr_control/share/roboi_amr_control/hook/cmake_prefix_path.ps1'
[0.428s] INFO:colcon.colcon_core.shell:Creating environment descriptor '/home/roboi-amr/ros2_ws/src/amr2_packages/roboi_control/install/roboi_amr_control/share/roboi_amr_control/hook/cmake_prefix_path.dsv'
[0.428s] INFO:colcon.colcon_core.shell:Creating environment hook '/home/roboi-amr/ros2_ws/src/amr2_packages/roboi_control/install/roboi_amr_control/share/roboi_amr_control/hook/cmake_prefix_path.sh'
[0.429s] Level 1:colcon.colcon_core.environment:checking '/home/roboi-amr/ros2_ws/src/amr2_packages/roboi_control/install/roboi_amr_control/lib'
[0.429s] Level 1:colcon.colcon_core.environment:checking '/home/roboi-amr/ros2_ws/src/amr2_packages/roboi_control/install/roboi_amr_control/bin'
[0.429s] Level 1:colcon.colcon_core.environment:checking '/home/roboi-amr/ros2_ws/src/amr2_packages/roboi_control/install/roboi_amr_control/lib/pkgconfig/roboi_amr_control.pc'
[0.429s] Level 1:colcon.colcon_core.environment:checking '/home/roboi-amr/ros2_ws/src/amr2_packages/roboi_control/install/roboi_amr_control/lib/python3.10/site-packages'
[0.429s] Level 1:colcon.colcon_core.environment:checking '/home/roboi-amr/ros2_ws/src/amr2_packages/roboi_control/install/roboi_amr_control/bin'
[0.429s] INFO:colcon.colcon_core.shell:Creating package script '/home/roboi-amr/ros2_ws/src/amr2_packages/roboi_control/install/roboi_amr_control/share/roboi_amr_control/package.ps1'
[0.430s] INFO:colcon.colcon_core.shell:Creating package descriptor '/home/roboi-amr/ros2_ws/src/amr2_packages/roboi_control/install/roboi_amr_control/share/roboi_amr_control/package.dsv'
[0.430s] INFO:colcon.colcon_core.shell:Creating package script '/home/roboi-amr/ros2_ws/src/amr2_packages/roboi_control/install/roboi_amr_control/share/roboi_amr_control/package.sh'
[0.431s] INFO:colcon.colcon_core.shell:Creating package script '/home/roboi-amr/ros2_ws/src/amr2_packages/roboi_control/install/roboi_amr_control/share/roboi_amr_control/package.bash'
[0.431s] INFO:colcon.colcon_core.shell:Creating package script '/home/roboi-amr/ros2_ws/src/amr2_packages/roboi_control/install/roboi_amr_control/share/roboi_amr_control/package.zsh'
[0.432s] Level 1:colcon.colcon_core.environment:create_file_with_runtime_dependencies(/home/roboi-amr/ros2_ws/src/amr2_packages/roboi_control/install/roboi_amr_control/share/colcon-core/packages/roboi_amr_control)
[0.442s] DEBUG:colcon.colcon_parallel_executor.executor.parallel:closing loop
[0.442s] DEBUG:colcon.colcon_parallel_executor.executor.parallel:loop closed
[0.442s] DEBUG:colcon.colcon_parallel_executor.executor.parallel:run_until_complete finished with '2'
[0.442s] DEBUG:colcon.colcon_core.event_reactor:joining thread
[0.446s] INFO:colcon.colcon_core.plugin_system:Skipping extension 'colcon_notification.desktop_notification.terminal_notifier': Not used on non-Darwin systems
[0.446s] INFO:colcon.colcon_core.plugin_system:Skipping extension 'colcon_notification.desktop_notification.win32': Not used on non-Windows systems
[0.446s] INFO:colcon.colcon_notification.desktop_notification:Sending desktop notification using 'notify2'
[0.454s] DEBUG:colcon.colcon_core.event_reactor:joined thread
[0.455s] INFO:colcon.colcon_core.shell:Creating prefix script '/home/roboi-amr/ros2_ws/src/amr2_packages/roboi_control/install/local_setup.ps1'
[0.455s] INFO:colcon.colcon_core.shell:Creating prefix util module '/home/roboi-amr/ros2_ws/src/amr2_packages/roboi_control/install/_local_setup_util_ps1.py'
[0.457s] INFO:colcon.colcon_core.shell:Creating prefix chain script '/home/roboi-amr/ros2_ws/src/amr2_packages/roboi_control/install/setup.ps1'
[0.457s] INFO:colcon.colcon_core.shell:Creating prefix script '/home/roboi-amr/ros2_ws/src/amr2_packages/roboi_control/install/local_setup.sh'
[0.458s] INFO:colcon.colcon_core.shell:Creating prefix util module '/home/roboi-amr/ros2_ws/src/amr2_packages/roboi_control/install/_local_setup_util_sh.py'
[0.458s] INFO:colcon.colcon_core.shell:Creating prefix chain script '/home/roboi-amr/ros2_ws/src/amr2_packages/roboi_control/install/setup.sh'
[0.459s] INFO:colcon.colcon_core.shell:Creating prefix script '/home/roboi-amr/ros2_ws/src/amr2_packages/roboi_control/install/local_setup.bash'
[0.459s] INFO:colcon.colcon_core.shell:Creating prefix chain script '/home/roboi-amr/ros2_ws/src/amr2_packages/roboi_control/install/setup.bash'
[0.460s] INFO:colcon.colcon_core.shell:Creating prefix script '/home/roboi-amr/ros2_ws/src/amr2_packages/roboi_control/install/local_setup.zsh'
[0.460s] INFO:colcon.colcon_core.shell:Creating prefix chain script '/home/roboi-amr/ros2_ws/src/amr2_packages/roboi_control/install/setup.zsh'
