[35m[1mConsolidate compiler generated dependencies of target roboi_amr_control[0m
[ 20%] [32mBuilding CXX object CMakeFiles/roboi_amr_control.dir/src/roboi_amr.cpp.o[0m
[ 40%] [32mBuilding CXX object CMakeFiles/roboi_amr_control.dir/src/roboi_udp.cpp.o[0m
[ 60%] [32m[1mLinking CXX executable roboi_amr_control[0m
[100%] Built target roboi_amr_control
-- Install configuration: ""
-- Installing: /home/roboi-amr/ros2_ws/src/amr2_packages/roboi_control/install/roboi_amr_control/lib/roboi_amr_control/roboi_amr_control
-- Set runtime path of "/home/roboi-amr/ros2_ws/src/amr2_packages/roboi_control/install/roboi_amr_control/lib/roboi_amr_control/roboi_amr_control" to ""
-- Installing: /home/roboi-amr/ros2_ws/src/amr2_packages/roboi_control/install/roboi_amr_control/share/ament_index/resource_index/package_run_dependencies/roboi_amr_control
-- Installing: /home/roboi-amr/ros2_ws/src/amr2_packages/roboi_control/install/roboi_amr_control/share/ament_index/resource_index/parent_prefix_path/roboi_amr_control
-- Installing: /home/roboi-amr/ros2_ws/src/amr2_packages/roboi_control/install/roboi_amr_control/share/roboi_amr_control/environment/ament_prefix_path.sh
-- Installing: /home/roboi-amr/ros2_ws/src/amr2_packages/roboi_control/install/roboi_amr_control/share/roboi_amr_control/environment/ament_prefix_path.dsv
-- Installing: /home/roboi-amr/ros2_ws/src/amr2_packages/roboi_control/install/roboi_amr_control/share/roboi_amr_control/environment/path.sh
-- Installing: /home/roboi-amr/ros2_ws/src/amr2_packages/roboi_control/install/roboi_amr_control/share/roboi_amr_control/environment/path.dsv
-- Installing: /home/roboi-amr/ros2_ws/src/amr2_packages/roboi_control/install/roboi_amr_control/share/roboi_amr_control/local_setup.bash
-- Installing: /home/roboi-amr/ros2_ws/src/amr2_packages/roboi_control/install/roboi_amr_control/share/roboi_amr_control/local_setup.sh
-- Installing: /home/roboi-amr/ros2_ws/src/amr2_packages/roboi_control/install/roboi_amr_control/share/roboi_amr_control/local_setup.zsh
-- Installing: /home/roboi-amr/ros2_ws/src/amr2_packages/roboi_control/install/roboi_amr_control/share/roboi_amr_control/local_setup.dsv
-- Installing: /home/roboi-amr/ros2_ws/src/amr2_packages/roboi_control/install/roboi_amr_control/share/roboi_amr_control/package.dsv
-- Installing: /home/roboi-amr/ros2_ws/src/amr2_packages/roboi_control/install/roboi_amr_control/share/ament_index/resource_index/packages/roboi_amr_control
-- Installing: /home/roboi-amr/ros2_ws/src/amr2_packages/roboi_control/install/roboi_amr_control/share/roboi_amr_control/cmake/roboi_amr_controlConfig.cmake
-- Installing: /home/roboi-amr/ros2_ws/src/amr2_packages/roboi_control/install/roboi_amr_control/share/roboi_amr_control/cmake/roboi_amr_controlConfig-version.cmake
-- Installing: /home/roboi-amr/ros2_ws/src/amr2_packages/roboi_control/install/roboi_amr_control/share/roboi_amr_control/package.xml
