[0.007s] Invoking command in '/home/roboi-amr/ros2_ws/src/amr2_packages/build/roboi_amr_msgs': CMAKE_PREFIX_PATH=${CMAKE_PREFIX_PATH}:/opt/ros/humble /usr/bin/cmake /home/roboi-amr/ros2_ws/src/amr2_packages/roboi_amr_msgs -DCMAKE_INSTALL_PREFIX=/home/roboi-amr/ros2_ws/src/amr2_packages/install/roboi_amr_msgs
[0.116s] -- The C compiler identification is GNU 11.4.0
[0.194s] -- The CXX compiler identification is GNU 11.4.0
[0.201s] -- Detecting C compiler ABI info
[0.267s] -- Detecting C compiler ABI info - done
[0.275s] -- Check for working C compiler: /usr/bin/cc - skipped
[0.275s] -- Detecting C compile features
[0.276s] -- Detecting C compile features - done
[0.279s] -- Detecting CXX compiler ABI info
[0.333s] -- Detecting CXX compiler ABI info - done
[0.339s] -- Check for working CXX compiler: /usr/bin/c++ - skipped
[0.339s] -- Detecting CXX compile features
[0.339s] -- Detecting CXX compile features - done
[0.343s] -- Found ament_cmake: 1.3.10 (/opt/ros/humble/share/ament_cmake/cmake)
[0.438s] -- Found Python3: /usr/bin/python3 (found version "3.10.12") found components: Interpreter 
[0.503s] -- Found builtin_interfaces: 1.2.1 (/opt/ros/humble/share/builtin_interfaces/cmake)
[0.528s] -- Found rosidl_generator_c: 3.1.5 (/opt/ros/humble/share/rosidl_generator_c/cmake)
[0.531s] -- Found rosidl_adapter: 3.1.5 (/opt/ros/humble/share/rosidl_adapter/cmake)
[0.537s] -- Found rosidl_generator_cpp: 3.1.5 (/opt/ros/humble/share/rosidl_generator_cpp/cmake)
[0.546s] -- Using all available rosidl_typesupport_c: rosidl_typesupport_fastrtps_c;rosidl_typesupport_introspection_c
[0.558s] -- Using all available rosidl_typesupport_cpp: rosidl_typesupport_fastrtps_cpp;rosidl_typesupport_introspection_cpp
[0.568s] -- Found rosidl_default_generators: 1.2.0 (/opt/ros/humble/share/rosidl_default_generators/cmake)
[0.574s] -- Found std_msgs: 4.2.4 (/opt/ros/humble/share/std_msgs/cmake)
[0.757s] -- Found ament_cmake_ros: 0.10.0 (/opt/ros/humble/share/ament_cmake_ros/cmake)
[0.980s] -- Using all available rosidl_typesupport_c: rosidl_typesupport_fastrtps_c;rosidl_typesupport_introspection_c
[1.069s] -- Using all available rosidl_typesupport_cpp: rosidl_typesupport_fastrtps_cpp;rosidl_typesupport_introspection_cpp
[1.083s] -- Found PythonInterp: /usr/bin/python3 (found suitable version "3.10.12", minimum required is "3.6") 
[1.084s] -- Found python_cmake_module: 0.10.0 (/opt/ros/humble/share/python_cmake_module/cmake)
[1.101s] -- Found PythonLibs: /usr/lib/x86_64-linux-gnu/libpython3.10.so (found suitable version "3.10.12", minimum required is "3.5") 
[1.101s] -- Using PYTHON_EXECUTABLE: /usr/bin/python3
[1.101s] -- Using PYTHON_INCLUDE_DIRS: /usr/include/python3.10
[1.101s] -- Using PYTHON_LIBRARIES: /usr/lib/x86_64-linux-gnu/libpython3.10.so
[1.114s] -- Found PythonExtra: .so  
[1.147s] -- Configuring done
[1.167s] -- Generating done
[1.168s] -- Build files have been written to: /home/roboi-amr/ros2_ws/src/amr2_packages/build/roboi_amr_msgs
[1.172s] Invoked command in '/home/roboi-amr/ros2_ws/src/amr2_packages/build/roboi_amr_msgs' returned '0': CMAKE_PREFIX_PATH=${CMAKE_PREFIX_PATH}:/opt/ros/humble /usr/bin/cmake /home/roboi-amr/ros2_ws/src/amr2_packages/roboi_amr_msgs -DCMAKE_INSTALL_PREFIX=/home/roboi-amr/ros2_ws/src/amr2_packages/install/roboi_amr_msgs
[1.173s] Invoking command in '/home/roboi-amr/ros2_ws/src/amr2_packages/build/roboi_amr_msgs': CMAKE_PREFIX_PATH=${CMAKE_PREFIX_PATH}:/opt/ros/humble /usr/bin/cmake --build /home/roboi-amr/ros2_ws/src/amr2_packages/build/roboi_amr_msgs -- -j8 -l8
[1.197s] [  2%] [34m[1mGenerating C code for ROS interfaces[0m
[1.203s] [  4%] [34m[1mGenerating C++ code for ROS interfaces[0m
[1.209s] [  4%] Built target ament_cmake_python_copy_roboi_amr_msgs
[1.374s] running egg_info
[1.375s] creating roboi_amr_msgs.egg-info
[1.375s] writing roboi_amr_msgs.egg-info/PKG-INFO
[1.375s] writing dependency_links to roboi_amr_msgs.egg-info/dependency_links.txt
[1.375s] writing top-level names to roboi_amr_msgs.egg-info/top_level.txt
[1.375s] writing manifest file 'roboi_amr_msgs.egg-info/SOURCES.txt'
[1.377s] reading manifest file 'roboi_amr_msgs.egg-info/SOURCES.txt'
[1.377s] writing manifest file 'roboi_amr_msgs.egg-info/SOURCES.txt'
[1.396s] [  4%] Built target ament_cmake_python_build_roboi_amr_msgs_egg
[1.462s] [  4%] Built target roboi_amr_msgs__cpp
[1.472s] [  6%] [34m[1mGenerating C++ type support dispatch for ROS interfaces[0m
[1.472s] [ 10%] [34m[1mGenerating C++ introspection for ROS interfaces[0m
[1.472s] [ 10%] [34m[1mGenerating C++ type support for eProsima Fast-RTPS[0m
[1.491s] [ 14%] [32mBuilding C object CMakeFiles/roboi_amr_msgs__rosidl_generator_c.dir/rosidl_generator_c/roboi_amr_msgs/msg/detail/ledcommand__functions.c.o[0m
[1.491s] [ 14%] [32mBuilding C object CMakeFiles/roboi_amr_msgs__rosidl_generator_c.dir/rosidl_generator_c/roboi_amr_msgs/msg/detail/angle_status__functions.c.o[0m
[1.491s] [ 17%] [32mBuilding C object CMakeFiles/roboi_amr_msgs__rosidl_generator_c.dir/rosidl_generator_c/roboi_amr_msgs/msg/detail/udpmsg__functions.c.o[0m
[1.541s] [ 19%] [32m[1mLinking C shared library libroboi_amr_msgs__rosidl_generator_c.so[0m
[1.565s] [ 19%] Built target roboi_amr_msgs__rosidl_generator_c
[1.571s] [ 21%] [34m[1mGenerating C type support for eProsima Fast-RTPS[0m
[1.573s] [ 25%] [34m[1mGenerating C introspection for ROS interfaces[0m
[1.574s] [ 25%] [34m[1mGenerating C type support dispatch for ROS interfaces[0m
[1.679s] [ 29%] [32mBuilding CXX object CMakeFiles/roboi_amr_msgs__rosidl_typesupport_cpp.dir/rosidl_typesupport_cpp/roboi_amr_msgs/msg/angle_status__type_support.cpp.o[0m
[1.679s] [ 29%] [32mBuilding CXX object CMakeFiles/roboi_amr_msgs__rosidl_typesupport_cpp.dir/rosidl_typesupport_cpp/roboi_amr_msgs/msg/udpmsg__type_support.cpp.o[0m
[1.679s] [ 31%] [32mBuilding CXX object CMakeFiles/roboi_amr_msgs__rosidl_typesupport_cpp.dir/rosidl_typesupport_cpp/roboi_amr_msgs/msg/ledcommand__type_support.cpp.o[0m
[1.803s] [ 34%] [32mBuilding CXX object CMakeFiles/roboi_amr_msgs__rosidl_typesupport_fastrtps_cpp.dir/rosidl_typesupport_fastrtps_cpp/roboi_amr_msgs/msg/detail/dds_fastrtps/angle_status__type_support.cpp.o[0m
[1.814s] [ 36%] [32mBuilding CXX object CMakeFiles/roboi_amr_msgs__rosidl_typesupport_introspection_cpp.dir/rosidl_typesupport_introspection_cpp/roboi_amr_msgs/msg/detail/angle_status__type_support.cpp.o[0m
[1.915s] [ 38%] [32mBuilding CXX object CMakeFiles/roboi_amr_msgs__rosidl_typesupport_c.dir/rosidl_typesupport_c/roboi_amr_msgs/msg/angle_status__type_support.cpp.o[0m
[1.948s] [ 40%] [32mBuilding CXX object CMakeFiles/roboi_amr_msgs__rosidl_typesupport_c.dir/rosidl_typesupport_c/roboi_amr_msgs/msg/ledcommand__type_support.cpp.o[0m
[1.967s] [ 42%] [32mBuilding CXX object CMakeFiles/roboi_amr_msgs__rosidl_typesupport_c.dir/rosidl_typesupport_c/roboi_amr_msgs/msg/udpmsg__type_support.cpp.o[0m
[1.968s] [ 44%] [32mBuilding CXX object CMakeFiles/roboi_amr_msgs__rosidl_typesupport_fastrtps_cpp.dir/rosidl_typesupport_fastrtps_cpp/roboi_amr_msgs/msg/detail/dds_fastrtps/ledcommand__type_support.cpp.o[0m
[1.976s] [ 46%] [32m[1mLinking CXX shared library libroboi_amr_msgs__rosidl_typesupport_cpp.so[0m
[1.983s] [ 48%] [32mBuilding CXX object CMakeFiles/roboi_amr_msgs__rosidl_typesupport_fastrtps_cpp.dir/rosidl_typesupport_fastrtps_cpp/roboi_amr_msgs/msg/detail/dds_fastrtps/udpmsg__type_support.cpp.o[0m
[2.004s] [ 53%] [32m[1mLinking CXX shared library libroboi_amr_msgs__rosidl_typesupport_c.so[0m
[2.005s] [ 53%] [32mBuilding C object CMakeFiles/roboi_amr_msgs__rosidl_typesupport_introspection_c.dir/rosidl_typesupport_introspection_c/roboi_amr_msgs/msg/detail/angle_status__type_support.c.o[0m
[2.021s] [ 53%] Built target roboi_amr_msgs__rosidl_typesupport_cpp
[2.025s] [ 55%] [32mBuilding C object CMakeFiles/roboi_amr_msgs__rosidl_typesupport_introspection_c.dir/rosidl_typesupport_introspection_c/roboi_amr_msgs/msg/detail/ledcommand__type_support.c.o[0m
[2.034s] [ 57%] [32mBuilding CXX object CMakeFiles/roboi_amr_msgs__rosidl_typesupport_fastrtps_c.dir/rosidl_typesupport_fastrtps_c/roboi_amr_msgs/msg/detail/angle_status__type_support_c.cpp.o[0m
[2.039s] [ 59%] [32mBuilding CXX object CMakeFiles/roboi_amr_msgs__rosidl_typesupport_introspection_cpp.dir/rosidl_typesupport_introspection_cpp/roboi_amr_msgs/msg/detail/ledcommand__type_support.cpp.o[0m
[2.044s] [ 59%] Built target roboi_amr_msgs__rosidl_typesupport_c
[2.055s] [ 61%] [32mBuilding CXX object CMakeFiles/roboi_amr_msgs__rosidl_typesupport_introspection_cpp.dir/rosidl_typesupport_introspection_cpp/roboi_amr_msgs/msg/detail/udpmsg__type_support.cpp.o[0m
[2.058s] [ 63%] [32mBuilding C object CMakeFiles/roboi_amr_msgs__rosidl_typesupport_introspection_c.dir/rosidl_typesupport_introspection_c/roboi_amr_msgs/msg/detail/udpmsg__type_support.c.o[0m
[2.094s] [ 65%] [32m[1mLinking C shared library libroboi_amr_msgs__rosidl_typesupport_introspection_c.so[0m
[2.127s] [ 65%] Built target roboi_amr_msgs__rosidl_typesupport_introspection_c
[2.137s] [ 68%] [32mBuilding CXX object CMakeFiles/roboi_amr_msgs__rosidl_typesupport_fastrtps_c.dir/rosidl_typesupport_fastrtps_c/roboi_amr_msgs/msg/detail/ledcommand__type_support_c.cpp.o[0m
[2.227s] [ 70%] [32mBuilding CXX object CMakeFiles/roboi_amr_msgs__rosidl_typesupport_fastrtps_c.dir/rosidl_typesupport_fastrtps_c/roboi_amr_msgs/msg/detail/udpmsg__type_support_c.cpp.o[0m
[2.408s] [ 72%] [32m[1mLinking CXX shared library libroboi_amr_msgs__rosidl_typesupport_fastrtps_cpp.so[0m
[2.430s] [ 74%] [32m[1mLinking CXX shared library libroboi_amr_msgs__rosidl_typesupport_introspection_cpp.so[0m
[2.461s] [ 74%] Built target roboi_amr_msgs__rosidl_typesupport_fastrtps_cpp
[2.473s] [ 74%] Built target roboi_amr_msgs__rosidl_typesupport_introspection_cpp
[2.492s] [ 76%] [32m[1mLinking CXX shared library libroboi_amr_msgs__rosidl_typesupport_fastrtps_c.so[0m
[2.538s] [ 76%] Built target roboi_amr_msgs__rosidl_typesupport_fastrtps_c
[2.550s] [ 76%] Built target roboi_amr_msgs
[2.563s] [ 78%] [34m[1mGenerating Python code for ROS interfaces[0m
[2.890s] [ 78%] Built target roboi_amr_msgs__py
[2.902s] [ 85%] [32mBuilding C object CMakeFiles/roboi_amr_msgs__rosidl_generator_py.dir/rosidl_generator_py/roboi_amr_msgs/msg/_ledcommand_s.c.o[0m
[2.902s] [ 85%] [32mBuilding C object CMakeFiles/roboi_amr_msgs__rosidl_generator_py.dir/rosidl_generator_py/roboi_amr_msgs/msg/_udpmsg_s.c.o[0m
[2.902s] [ 85%] [32mBuilding C object CMakeFiles/roboi_amr_msgs__rosidl_generator_py.dir/rosidl_generator_py/roboi_amr_msgs/msg/_angle_status_s.c.o[0m
[2.986s] [ 87%] [32m[1mLinking C shared library rosidl_generator_py/roboi_amr_msgs/libroboi_amr_msgs__rosidl_generator_py.so[0m
[3.013s] [ 87%] Built target roboi_amr_msgs__rosidl_generator_py
[3.026s] [ 93%] [32mBuilding C object CMakeFiles/roboi_amr_msgs__rosidl_typesupport_c__pyext.dir/rosidl_generator_py/roboi_amr_msgs/_roboi_amr_msgs_s.ep.rosidl_typesupport_c.c.o[0m
[3.026s] [ 93%] [32mBuilding C object CMakeFiles/roboi_amr_msgs__rosidl_typesupport_introspection_c__pyext.dir/rosidl_generator_py/roboi_amr_msgs/_roboi_amr_msgs_s.ep.rosidl_typesupport_introspection_c.c.o[0m
[3.026s] [ 93%] [32mBuilding C object CMakeFiles/roboi_amr_msgs__rosidl_typesupport_fastrtps_c__pyext.dir/rosidl_generator_py/roboi_amr_msgs/_roboi_amr_msgs_s.ep.rosidl_typesupport_fastrtps_c.c.o[0m
[3.093s] [100%] [32m[1mLinking C shared library rosidl_generator_py/roboi_amr_msgs/roboi_amr_msgs_s__rosidl_typesupport_introspection_c.cpython-310-x86_64-linux-gnu.so[0m
[3.093s] [100%] [32m[1mLinking C shared library rosidl_generator_py/roboi_amr_msgs/roboi_amr_msgs_s__rosidl_typesupport_c.cpython-310-x86_64-linux-gnu.so[0m
[3.093s] [100%] [32m[1mLinking C shared library rosidl_generator_py/roboi_amr_msgs/roboi_amr_msgs_s__rosidl_typesupport_fastrtps_c.cpython-310-x86_64-linux-gnu.so[0m
[3.118s] [100%] Built target roboi_amr_msgs__rosidl_typesupport_introspection_c__pyext
[3.118s] [100%] Built target roboi_amr_msgs__rosidl_typesupport_c__pyext
[3.118s] [100%] Built target roboi_amr_msgs__rosidl_typesupport_fastrtps_c__pyext
[3.126s] Invoked command in '/home/roboi-amr/ros2_ws/src/amr2_packages/build/roboi_amr_msgs' returned '0': CMAKE_PREFIX_PATH=${CMAKE_PREFIX_PATH}:/opt/ros/humble /usr/bin/cmake --build /home/roboi-amr/ros2_ws/src/amr2_packages/build/roboi_amr_msgs -- -j8 -l8
[3.186s] Invoking command in '/home/roboi-amr/ros2_ws/src/amr2_packages/build/roboi_amr_msgs': CMAKE_PREFIX_PATH=${CMAKE_PREFIX_PATH}:/opt/ros/humble /usr/bin/cmake --install /home/roboi-amr/ros2_ws/src/amr2_packages/build/roboi_amr_msgs
[3.191s] -- Install configuration: ""
[3.191s] -- Installing: /home/roboi-amr/ros2_ws/src/amr2_packages/install/roboi_amr_msgs/share/ament_index/resource_index/rosidl_interfaces/roboi_amr_msgs
[3.191s] -- Installing: /home/roboi-amr/ros2_ws/src/amr2_packages/install/roboi_amr_msgs/include/roboi_amr_msgs/roboi_amr_msgs
[3.191s] -- Installing: /home/roboi-amr/ros2_ws/src/amr2_packages/install/roboi_amr_msgs/include/roboi_amr_msgs/roboi_amr_msgs/msg
[3.191s] -- Installing: /home/roboi-amr/ros2_ws/src/amr2_packages/install/roboi_amr_msgs/include/roboi_amr_msgs/roboi_amr_msgs/msg/udpmsg.h
[3.191s] -- Installing: /home/roboi-amr/ros2_ws/src/amr2_packages/install/roboi_amr_msgs/include/roboi_amr_msgs/roboi_amr_msgs/msg/ledcommand.h
[3.191s] -- Installing: /home/roboi-amr/ros2_ws/src/amr2_packages/install/roboi_amr_msgs/include/roboi_amr_msgs/roboi_amr_msgs/msg/detail
[3.192s] -- Installing: /home/roboi-amr/ros2_ws/src/amr2_packages/install/roboi_amr_msgs/include/roboi_amr_msgs/roboi_amr_msgs/msg/detail/ledcommand__struct.h
[3.192s] -- Installing: /home/roboi-amr/ros2_ws/src/amr2_packages/install/roboi_amr_msgs/include/roboi_amr_msgs/roboi_amr_msgs/msg/detail/udpmsg__functions.h
[3.192s] -- Installing: /home/roboi-amr/ros2_ws/src/amr2_packages/install/roboi_amr_msgs/include/roboi_amr_msgs/roboi_amr_msgs/msg/detail/angle_status__type_support.h
[3.192s] -- Installing: /home/roboi-amr/ros2_ws/src/amr2_packages/install/roboi_amr_msgs/include/roboi_amr_msgs/roboi_amr_msgs/msg/detail/udpmsg__functions.c
[3.192s] -- Installing: /home/roboi-amr/ros2_ws/src/amr2_packages/install/roboi_amr_msgs/include/roboi_amr_msgs/roboi_amr_msgs/msg/detail/udpmsg__struct.h
[3.192s] -- Installing: /home/roboi-amr/ros2_ws/src/amr2_packages/install/roboi_amr_msgs/include/roboi_amr_msgs/roboi_amr_msgs/msg/detail/ledcommand__functions.h
[3.192s] -- Installing: /home/roboi-amr/ros2_ws/src/amr2_packages/install/roboi_amr_msgs/include/roboi_amr_msgs/roboi_amr_msgs/msg/detail/ledcommand__type_support.h
[3.192s] -- Installing: /home/roboi-amr/ros2_ws/src/amr2_packages/install/roboi_amr_msgs/include/roboi_amr_msgs/roboi_amr_msgs/msg/detail/angle_status__struct.h
[3.192s] -- Installing: /home/roboi-amr/ros2_ws/src/amr2_packages/install/roboi_amr_msgs/include/roboi_amr_msgs/roboi_amr_msgs/msg/detail/angle_status__functions.c
[3.192s] -- Installing: /home/roboi-amr/ros2_ws/src/amr2_packages/install/roboi_amr_msgs/include/roboi_amr_msgs/roboi_amr_msgs/msg/detail/angle_status__functions.h
[3.192s] -- Installing: /home/roboi-amr/ros2_ws/src/amr2_packages/install/roboi_amr_msgs/include/roboi_amr_msgs/roboi_amr_msgs/msg/detail/udpmsg__type_support.h
[3.192s] -- Installing: /home/roboi-amr/ros2_ws/src/amr2_packages/install/roboi_amr_msgs/include/roboi_amr_msgs/roboi_amr_msgs/msg/detail/ledcommand__functions.c
[3.192s] -- Installing: /home/roboi-amr/ros2_ws/src/amr2_packages/install/roboi_amr_msgs/include/roboi_amr_msgs/roboi_amr_msgs/msg/rosidl_generator_c__visibility_control.h
[3.192s] -- Installing: /home/roboi-amr/ros2_ws/src/amr2_packages/install/roboi_amr_msgs/include/roboi_amr_msgs/roboi_amr_msgs/msg/angle_status.h
[3.192s] -- Installing: /home/roboi-amr/ros2_ws/src/amr2_packages/install/roboi_amr_msgs/share/roboi_amr_msgs/environment/library_path.sh
[3.192s] -- Installing: /home/roboi-amr/ros2_ws/src/amr2_packages/install/roboi_amr_msgs/share/roboi_amr_msgs/environment/library_path.dsv
[3.192s] -- Installing: /home/roboi-amr/ros2_ws/src/amr2_packages/install/roboi_amr_msgs/lib/libroboi_amr_msgs__rosidl_generator_c.so
[3.193s] -- Set runtime path of "/home/roboi-amr/ros2_ws/src/amr2_packages/install/roboi_amr_msgs/lib/libroboi_amr_msgs__rosidl_generator_c.so" to ""
[3.193s] -- Up-to-date: /home/roboi-amr/ros2_ws/src/amr2_packages/install/roboi_amr_msgs/include/roboi_amr_msgs/roboi_amr_msgs
[3.193s] -- Up-to-date: /home/roboi-amr/ros2_ws/src/amr2_packages/install/roboi_amr_msgs/include/roboi_amr_msgs/roboi_amr_msgs/msg
[3.193s] -- Installing: /home/roboi-amr/ros2_ws/src/amr2_packages/install/roboi_amr_msgs/include/roboi_amr_msgs/roboi_amr_msgs/msg/rosidl_typesupport_fastrtps_c__visibility_control.h
[3.193s] -- Up-to-date: /home/roboi-amr/ros2_ws/src/amr2_packages/install/roboi_amr_msgs/include/roboi_amr_msgs/roboi_amr_msgs/msg/detail
[3.193s] -- Installing: /home/roboi-amr/ros2_ws/src/amr2_packages/install/roboi_amr_msgs/include/roboi_amr_msgs/roboi_amr_msgs/msg/detail/ledcommand__rosidl_typesupport_fastrtps_c.h
[3.193s] -- Installing: /home/roboi-amr/ros2_ws/src/amr2_packages/install/roboi_amr_msgs/include/roboi_amr_msgs/roboi_amr_msgs/msg/detail/udpmsg__rosidl_typesupport_fastrtps_c.h
[3.193s] -- Installing: /home/roboi-amr/ros2_ws/src/amr2_packages/install/roboi_amr_msgs/include/roboi_amr_msgs/roboi_amr_msgs/msg/detail/angle_status__rosidl_typesupport_fastrtps_c.h
[3.193s] -- Installing: /home/roboi-amr/ros2_ws/src/amr2_packages/install/roboi_amr_msgs/lib/libroboi_amr_msgs__rosidl_typesupport_fastrtps_c.so
[3.193s] -- Set runtime path of "/home/roboi-amr/ros2_ws/src/amr2_packages/install/roboi_amr_msgs/lib/libroboi_amr_msgs__rosidl_typesupport_fastrtps_c.so" to ""
[3.193s] -- Up-to-date: /home/roboi-amr/ros2_ws/src/amr2_packages/install/roboi_amr_msgs/include/roboi_amr_msgs/roboi_amr_msgs
[3.193s] -- Up-to-date: /home/roboi-amr/ros2_ws/src/amr2_packages/install/roboi_amr_msgs/include/roboi_amr_msgs/roboi_amr_msgs/msg
[3.193s] -- Installing: /home/roboi-amr/ros2_ws/src/amr2_packages/install/roboi_amr_msgs/include/roboi_amr_msgs/roboi_amr_msgs/msg/udpmsg.hpp
[3.193s] -- Up-to-date: /home/roboi-amr/ros2_ws/src/amr2_packages/install/roboi_amr_msgs/include/roboi_amr_msgs/roboi_amr_msgs/msg/detail
[3.193s] -- Installing: /home/roboi-amr/ros2_ws/src/amr2_packages/install/roboi_amr_msgs/include/roboi_amr_msgs/roboi_amr_msgs/msg/detail/angle_status__struct.hpp
[3.193s] -- Installing: /home/roboi-amr/ros2_ws/src/amr2_packages/install/roboi_amr_msgs/include/roboi_amr_msgs/roboi_amr_msgs/msg/detail/udpmsg__builder.hpp
[3.193s] -- Installing: /home/roboi-amr/ros2_ws/src/amr2_packages/install/roboi_amr_msgs/include/roboi_amr_msgs/roboi_amr_msgs/msg/detail/udpmsg__struct.hpp
[3.194s] -- Installing: /home/roboi-amr/ros2_ws/src/amr2_packages/install/roboi_amr_msgs/include/roboi_amr_msgs/roboi_amr_msgs/msg/detail/angle_status__builder.hpp
[3.194s] -- Installing: /home/roboi-amr/ros2_ws/src/amr2_packages/install/roboi_amr_msgs/include/roboi_amr_msgs/roboi_amr_msgs/msg/detail/ledcommand__builder.hpp
[3.194s] -- Installing: /home/roboi-amr/ros2_ws/src/amr2_packages/install/roboi_amr_msgs/include/roboi_amr_msgs/roboi_amr_msgs/msg/detail/ledcommand__traits.hpp
[3.194s] -- Installing: /home/roboi-amr/ros2_ws/src/amr2_packages/install/roboi_amr_msgs/include/roboi_amr_msgs/roboi_amr_msgs/msg/detail/angle_status__traits.hpp
[3.194s] -- Installing: /home/roboi-amr/ros2_ws/src/amr2_packages/install/roboi_amr_msgs/include/roboi_amr_msgs/roboi_amr_msgs/msg/detail/udpmsg__traits.hpp
[3.194s] -- Installing: /home/roboi-amr/ros2_ws/src/amr2_packages/install/roboi_amr_msgs/include/roboi_amr_msgs/roboi_amr_msgs/msg/detail/ledcommand__struct.hpp
[3.194s] -- Installing: /home/roboi-amr/ros2_ws/src/amr2_packages/install/roboi_amr_msgs/include/roboi_amr_msgs/roboi_amr_msgs/msg/ledcommand.hpp
[3.194s] -- Installing: /home/roboi-amr/ros2_ws/src/amr2_packages/install/roboi_amr_msgs/include/roboi_amr_msgs/roboi_amr_msgs/msg/angle_status.hpp
[3.194s] -- Up-to-date: /home/roboi-amr/ros2_ws/src/amr2_packages/install/roboi_amr_msgs/include/roboi_amr_msgs/roboi_amr_msgs
[3.194s] -- Up-to-date: /home/roboi-amr/ros2_ws/src/amr2_packages/install/roboi_amr_msgs/include/roboi_amr_msgs/roboi_amr_msgs/msg
[3.194s] -- Up-to-date: /home/roboi-amr/ros2_ws/src/amr2_packages/install/roboi_amr_msgs/include/roboi_amr_msgs/roboi_amr_msgs/msg/detail
[3.194s] -- Installing: /home/roboi-amr/ros2_ws/src/amr2_packages/install/roboi_amr_msgs/include/roboi_amr_msgs/roboi_amr_msgs/msg/detail/ledcommand__rosidl_typesupport_fastrtps_cpp.hpp
[3.194s] -- Installing: /home/roboi-amr/ros2_ws/src/amr2_packages/install/roboi_amr_msgs/include/roboi_amr_msgs/roboi_amr_msgs/msg/detail/udpmsg__rosidl_typesupport_fastrtps_cpp.hpp
[3.194s] -- Installing: /home/roboi-amr/ros2_ws/src/amr2_packages/install/roboi_amr_msgs/include/roboi_amr_msgs/roboi_amr_msgs/msg/detail/dds_fastrtps
[3.194s] -- Installing: /home/roboi-amr/ros2_ws/src/amr2_packages/install/roboi_amr_msgs/include/roboi_amr_msgs/roboi_amr_msgs/msg/detail/angle_status__rosidl_typesupport_fastrtps_cpp.hpp
[3.194s] -- Installing: /home/roboi-amr/ros2_ws/src/amr2_packages/install/roboi_amr_msgs/include/roboi_amr_msgs/roboi_amr_msgs/msg/rosidl_typesupport_fastrtps_cpp__visibility_control.h
[3.194s] -- Installing: /home/roboi-amr/ros2_ws/src/amr2_packages/install/roboi_amr_msgs/lib/libroboi_amr_msgs__rosidl_typesupport_fastrtps_cpp.so
[3.194s] -- Set runtime path of "/home/roboi-amr/ros2_ws/src/amr2_packages/install/roboi_amr_msgs/lib/libroboi_amr_msgs__rosidl_typesupport_fastrtps_cpp.so" to ""
[3.194s] -- Up-to-date: /home/roboi-amr/ros2_ws/src/amr2_packages/install/roboi_amr_msgs/include/roboi_amr_msgs/roboi_amr_msgs
[3.194s] -- Up-to-date: /home/roboi-amr/ros2_ws/src/amr2_packages/install/roboi_amr_msgs/include/roboi_amr_msgs/roboi_amr_msgs/msg
[3.195s] -- Installing: /home/roboi-amr/ros2_ws/src/amr2_packages/install/roboi_amr_msgs/include/roboi_amr_msgs/roboi_amr_msgs/msg/rosidl_typesupport_introspection_c__visibility_control.h
[3.195s] -- Up-to-date: /home/roboi-amr/ros2_ws/src/amr2_packages/install/roboi_amr_msgs/include/roboi_amr_msgs/roboi_amr_msgs/msg/detail
[3.195s] -- Installing: /home/roboi-amr/ros2_ws/src/amr2_packages/install/roboi_amr_msgs/include/roboi_amr_msgs/roboi_amr_msgs/msg/detail/angle_status__rosidl_typesupport_introspection_c.h
[3.195s] -- Installing: /home/roboi-amr/ros2_ws/src/amr2_packages/install/roboi_amr_msgs/include/roboi_amr_msgs/roboi_amr_msgs/msg/detail/angle_status__type_support.c
[3.195s] -- Installing: /home/roboi-amr/ros2_ws/src/amr2_packages/install/roboi_amr_msgs/include/roboi_amr_msgs/roboi_amr_msgs/msg/detail/ledcommand__rosidl_typesupport_introspection_c.h
[3.195s] -- Installing: /home/roboi-amr/ros2_ws/src/amr2_packages/install/roboi_amr_msgs/include/roboi_amr_msgs/roboi_amr_msgs/msg/detail/udpmsg__rosidl_typesupport_introspection_c.h
[3.195s] -- Installing: /home/roboi-amr/ros2_ws/src/amr2_packages/install/roboi_amr_msgs/include/roboi_amr_msgs/roboi_amr_msgs/msg/detail/ledcommand__type_support.c
[3.195s] -- Installing: /home/roboi-amr/ros2_ws/src/amr2_packages/install/roboi_amr_msgs/include/roboi_amr_msgs/roboi_amr_msgs/msg/detail/udpmsg__type_support.c
[3.195s] -- Installing: /home/roboi-amr/ros2_ws/src/amr2_packages/install/roboi_amr_msgs/lib/libroboi_amr_msgs__rosidl_typesupport_introspection_c.so
[3.195s] -- Set runtime path of "/home/roboi-amr/ros2_ws/src/amr2_packages/install/roboi_amr_msgs/lib/libroboi_amr_msgs__rosidl_typesupport_introspection_c.so" to ""
[3.195s] -- Installing: /home/roboi-amr/ros2_ws/src/amr2_packages/install/roboi_amr_msgs/lib/libroboi_amr_msgs__rosidl_typesupport_c.so
[3.195s] -- Set runtime path of "/home/roboi-amr/ros2_ws/src/amr2_packages/install/roboi_amr_msgs/lib/libroboi_amr_msgs__rosidl_typesupport_c.so" to ""
[3.195s] -- Up-to-date: /home/roboi-amr/ros2_ws/src/amr2_packages/install/roboi_amr_msgs/include/roboi_amr_msgs/roboi_amr_msgs
[3.195s] -- Up-to-date: /home/roboi-amr/ros2_ws/src/amr2_packages/install/roboi_amr_msgs/include/roboi_amr_msgs/roboi_amr_msgs/msg
[3.195s] -- Up-to-date: /home/roboi-amr/ros2_ws/src/amr2_packages/install/roboi_amr_msgs/include/roboi_amr_msgs/roboi_amr_msgs/msg/detail
[3.196s] -- Installing: /home/roboi-amr/ros2_ws/src/amr2_packages/install/roboi_amr_msgs/include/roboi_amr_msgs/roboi_amr_msgs/msg/detail/ledcommand__rosidl_typesupport_introspection_cpp.hpp
[3.196s] -- Installing: /home/roboi-amr/ros2_ws/src/amr2_packages/install/roboi_amr_msgs/include/roboi_amr_msgs/roboi_amr_msgs/msg/detail/ledcommand__type_support.cpp
[3.196s] -- Installing: /home/roboi-amr/ros2_ws/src/amr2_packages/install/roboi_amr_msgs/include/roboi_amr_msgs/roboi_amr_msgs/msg/detail/udpmsg__rosidl_typesupport_introspection_cpp.hpp
[3.196s] -- Installing: /home/roboi-amr/ros2_ws/src/amr2_packages/install/roboi_amr_msgs/include/roboi_amr_msgs/roboi_amr_msgs/msg/detail/angle_status__type_support.cpp
[3.196s] -- Installing: /home/roboi-amr/ros2_ws/src/amr2_packages/install/roboi_amr_msgs/include/roboi_amr_msgs/roboi_amr_msgs/msg/detail/angle_status__rosidl_typesupport_introspection_cpp.hpp
[3.196s] -- Installing: /home/roboi-amr/ros2_ws/src/amr2_packages/install/roboi_amr_msgs/include/roboi_amr_msgs/roboi_amr_msgs/msg/detail/udpmsg__type_support.cpp
[3.196s] -- Installing: /home/roboi-amr/ros2_ws/src/amr2_packages/install/roboi_amr_msgs/lib/libroboi_amr_msgs__rosidl_typesupport_introspection_cpp.so
[3.196s] -- Set runtime path of "/home/roboi-amr/ros2_ws/src/amr2_packages/install/roboi_amr_msgs/lib/libroboi_amr_msgs__rosidl_typesupport_introspection_cpp.so" to ""
[3.196s] -- Installing: /home/roboi-amr/ros2_ws/src/amr2_packages/install/roboi_amr_msgs/lib/libroboi_amr_msgs__rosidl_typesupport_cpp.so
[3.196s] -- Set runtime path of "/home/roboi-amr/ros2_ws/src/amr2_packages/install/roboi_amr_msgs/lib/libroboi_amr_msgs__rosidl_typesupport_cpp.so" to ""
[3.196s] -- Installing: /home/roboi-amr/ros2_ws/src/amr2_packages/install/roboi_amr_msgs/share/roboi_amr_msgs/environment/pythonpath.sh
[3.196s] -- Installing: /home/roboi-amr/ros2_ws/src/amr2_packages/install/roboi_amr_msgs/share/roboi_amr_msgs/environment/pythonpath.dsv
[3.196s] -- Installing: /home/roboi-amr/ros2_ws/src/amr2_packages/install/roboi_amr_msgs/local/lib/python3.10/dist-packages/roboi_amr_msgs-0.0.0-py3.10.egg-info
[3.196s] -- Installing: /home/roboi-amr/ros2_ws/src/amr2_packages/install/roboi_amr_msgs/local/lib/python3.10/dist-packages/roboi_amr_msgs-0.0.0-py3.10.egg-info/dependency_links.txt
[3.196s] -- Installing: /home/roboi-amr/ros2_ws/src/amr2_packages/install/roboi_amr_msgs/local/lib/python3.10/dist-packages/roboi_amr_msgs-0.0.0-py3.10.egg-info/SOURCES.txt
[3.196s] -- Installing: /home/roboi-amr/ros2_ws/src/amr2_packages/install/roboi_amr_msgs/local/lib/python3.10/dist-packages/roboi_amr_msgs-0.0.0-py3.10.egg-info/PKG-INFO
[3.197s] -- Installing: /home/roboi-amr/ros2_ws/src/amr2_packages/install/roboi_amr_msgs/local/lib/python3.10/dist-packages/roboi_amr_msgs-0.0.0-py3.10.egg-info/top_level.txt
[3.197s] -- Installing: /home/roboi-amr/ros2_ws/src/amr2_packages/install/roboi_amr_msgs/local/lib/python3.10/dist-packages/roboi_amr_msgs
[3.197s] -- Installing: /home/roboi-amr/ros2_ws/src/amr2_packages/install/roboi_amr_msgs/local/lib/python3.10/dist-packages/roboi_amr_msgs/__init__.py
[3.197s] -- Installing: /home/roboi-amr/ros2_ws/src/amr2_packages/install/roboi_amr_msgs/local/lib/python3.10/dist-packages/roboi_amr_msgs/_roboi_amr_msgs_s.ep.rosidl_typesupport_fastrtps_c.c
[3.197s] -- Installing: /home/roboi-amr/ros2_ws/src/amr2_packages/install/roboi_amr_msgs/local/lib/python3.10/dist-packages/roboi_amr_msgs/_roboi_amr_msgs_s.ep.rosidl_typesupport_introspection_c.c
[3.197s] -- Installing: /home/roboi-amr/ros2_ws/src/amr2_packages/install/roboi_amr_msgs/local/lib/python3.10/dist-packages/roboi_amr_msgs/roboi_amr_msgs_s__rosidl_typesupport_introspection_c.cpython-310-x86_64-linux-gnu.so
[3.197s] -- Installing: /home/roboi-amr/ros2_ws/src/amr2_packages/install/roboi_amr_msgs/local/lib/python3.10/dist-packages/roboi_amr_msgs/roboi_amr_msgs_s__rosidl_typesupport_c.cpython-310-x86_64-linux-gnu.so
[3.197s] -- Installing: /home/roboi-amr/ros2_ws/src/amr2_packages/install/roboi_amr_msgs/local/lib/python3.10/dist-packages/roboi_amr_msgs/msg
[3.197s] -- Installing: /home/roboi-amr/ros2_ws/src/amr2_packages/install/roboi_amr_msgs/local/lib/python3.10/dist-packages/roboi_amr_msgs/msg/__init__.py
[3.197s] -- Installing: /home/roboi-amr/ros2_ws/src/amr2_packages/install/roboi_amr_msgs/local/lib/python3.10/dist-packages/roboi_amr_msgs/msg/_angle_status_s.c
[3.197s] -- Installing: /home/roboi-amr/ros2_ws/src/amr2_packages/install/roboi_amr_msgs/local/lib/python3.10/dist-packages/roboi_amr_msgs/msg/_ledcommand_s.c
[3.197s] -- Installing: /home/roboi-amr/ros2_ws/src/amr2_packages/install/roboi_amr_msgs/local/lib/python3.10/dist-packages/roboi_amr_msgs/msg/_angle_status.py
[3.197s] -- Installing: /home/roboi-amr/ros2_ws/src/amr2_packages/install/roboi_amr_msgs/local/lib/python3.10/dist-packages/roboi_amr_msgs/msg/_udpmsg_s.c
[3.197s] -- Installing: /home/roboi-amr/ros2_ws/src/amr2_packages/install/roboi_amr_msgs/local/lib/python3.10/dist-packages/roboi_amr_msgs/msg/_ledcommand.py
[3.197s] -- Installing: /home/roboi-amr/ros2_ws/src/amr2_packages/install/roboi_amr_msgs/local/lib/python3.10/dist-packages/roboi_amr_msgs/msg/_udpmsg.py
[3.197s] -- Installing: /home/roboi-amr/ros2_ws/src/amr2_packages/install/roboi_amr_msgs/local/lib/python3.10/dist-packages/roboi_amr_msgs/roboi_amr_msgs_s__rosidl_typesupport_fastrtps_c.cpython-310-x86_64-linux-gnu.so
[3.198s] -- Installing: /home/roboi-amr/ros2_ws/src/amr2_packages/install/roboi_amr_msgs/local/lib/python3.10/dist-packages/roboi_amr_msgs/_roboi_amr_msgs_s.ep.rosidl_typesupport_c.c
[3.198s] -- Installing: /home/roboi-amr/ros2_ws/src/amr2_packages/install/roboi_amr_msgs/local/lib/python3.10/dist-packages/roboi_amr_msgs/libroboi_amr_msgs__rosidl_generator_py.so
[3.222s] Listing '/home/roboi-amr/ros2_ws/src/amr2_packages/install/roboi_amr_msgs/local/lib/python3.10/dist-packages/roboi_amr_msgs'...
[3.222s] Compiling '/home/roboi-amr/ros2_ws/src/amr2_packages/install/roboi_amr_msgs/local/lib/python3.10/dist-packages/roboi_amr_msgs/__init__.py'...
[3.222s] Listing '/home/roboi-amr/ros2_ws/src/amr2_packages/install/roboi_amr_msgs/local/lib/python3.10/dist-packages/roboi_amr_msgs/msg'...
[3.222s] Compiling '/home/roboi-amr/ros2_ws/src/amr2_packages/install/roboi_amr_msgs/local/lib/python3.10/dist-packages/roboi_amr_msgs/msg/__init__.py'...
[3.222s] Compiling '/home/roboi-amr/ros2_ws/src/amr2_packages/install/roboi_amr_msgs/local/lib/python3.10/dist-packages/roboi_amr_msgs/msg/_angle_status.py'...
[3.222s] Compiling '/home/roboi-amr/ros2_ws/src/amr2_packages/install/roboi_amr_msgs/local/lib/python3.10/dist-packages/roboi_amr_msgs/msg/_ledcommand.py'...
[3.222s] Compiling '/home/roboi-amr/ros2_ws/src/amr2_packages/install/roboi_amr_msgs/local/lib/python3.10/dist-packages/roboi_amr_msgs/msg/_udpmsg.py'...
[3.225s] -- Installing: /home/roboi-amr/ros2_ws/src/amr2_packages/install/roboi_amr_msgs/local/lib/python3.10/dist-packages/roboi_amr_msgs/roboi_amr_msgs_s__rosidl_typesupport_fastrtps_c.cpython-310-x86_64-linux-gnu.so
[3.225s] -- Set runtime path of "/home/roboi-amr/ros2_ws/src/amr2_packages/install/roboi_amr_msgs/local/lib/python3.10/dist-packages/roboi_amr_msgs/roboi_amr_msgs_s__rosidl_typesupport_fastrtps_c.cpython-310-x86_64-linux-gnu.so" to ""
[3.225s] -- Installing: /home/roboi-amr/ros2_ws/src/amr2_packages/install/roboi_amr_msgs/local/lib/python3.10/dist-packages/roboi_amr_msgs/roboi_amr_msgs_s__rosidl_typesupport_introspection_c.cpython-310-x86_64-linux-gnu.so
[3.225s] -- Set runtime path of "/home/roboi-amr/ros2_ws/src/amr2_packages/install/roboi_amr_msgs/local/lib/python3.10/dist-packages/roboi_amr_msgs/roboi_amr_msgs_s__rosidl_typesupport_introspection_c.cpython-310-x86_64-linux-gnu.so" to ""
[3.225s] -- Installing: /home/roboi-amr/ros2_ws/src/amr2_packages/install/roboi_amr_msgs/local/lib/python3.10/dist-packages/roboi_amr_msgs/roboi_amr_msgs_s__rosidl_typesupport_c.cpython-310-x86_64-linux-gnu.so
[3.225s] -- Set runtime path of "/home/roboi-amr/ros2_ws/src/amr2_packages/install/roboi_amr_msgs/local/lib/python3.10/dist-packages/roboi_amr_msgs/roboi_amr_msgs_s__rosidl_typesupport_c.cpython-310-x86_64-linux-gnu.so" to ""
[3.225s] -- Installing: /home/roboi-amr/ros2_ws/src/amr2_packages/install/roboi_amr_msgs/lib/libroboi_amr_msgs__rosidl_generator_py.so
[3.226s] -- Set runtime path of "/home/roboi-amr/ros2_ws/src/amr2_packages/install/roboi_amr_msgs/lib/libroboi_amr_msgs__rosidl_generator_py.so" to ""
[3.226s] -- Installing: /home/roboi-amr/ros2_ws/src/amr2_packages/install/roboi_amr_msgs/share/roboi_amr_msgs/msg/AngleStatus.idl
[3.226s] -- Installing: /home/roboi-amr/ros2_ws/src/amr2_packages/install/roboi_amr_msgs/share/roboi_amr_msgs/msg/Ledcommand.idl
[3.226s] -- Installing: /home/roboi-amr/ros2_ws/src/amr2_packages/install/roboi_amr_msgs/share/roboi_amr_msgs/msg/Udpmsg.idl
[3.226s] -- Installing: /home/roboi-amr/ros2_ws/src/amr2_packages/install/roboi_amr_msgs/share/roboi_amr_msgs/msg/AngleStatus.msg
[3.226s] -- Installing: /home/roboi-amr/ros2_ws/src/amr2_packages/install/roboi_amr_msgs/share/roboi_amr_msgs/msg/Ledcommand.msg
[3.226s] -- Installing: /home/roboi-amr/ros2_ws/src/amr2_packages/install/roboi_amr_msgs/share/roboi_amr_msgs/msg/Udpmsg.msg
[3.226s] -- Installing: /home/roboi-amr/ros2_ws/src/amr2_packages/install/roboi_amr_msgs/share/ament_index/resource_index/package_run_dependencies/roboi_amr_msgs
[3.226s] -- Installing: /home/roboi-amr/ros2_ws/src/amr2_packages/install/roboi_amr_msgs/share/ament_index/resource_index/parent_prefix_path/roboi_amr_msgs
[3.226s] -- Installing: /home/roboi-amr/ros2_ws/src/amr2_packages/install/roboi_amr_msgs/share/roboi_amr_msgs/environment/ament_prefix_path.sh
[3.226s] -- Installing: /home/roboi-amr/ros2_ws/src/amr2_packages/install/roboi_amr_msgs/share/roboi_amr_msgs/environment/ament_prefix_path.dsv
[3.226s] -- Installing: /home/roboi-amr/ros2_ws/src/amr2_packages/install/roboi_amr_msgs/share/roboi_amr_msgs/environment/path.sh
[3.226s] -- Installing: /home/roboi-amr/ros2_ws/src/amr2_packages/install/roboi_amr_msgs/share/roboi_amr_msgs/environment/path.dsv
[3.227s] -- Installing: /home/roboi-amr/ros2_ws/src/amr2_packages/install/roboi_amr_msgs/share/roboi_amr_msgs/local_setup.bash
[3.227s] -- Installing: /home/roboi-amr/ros2_ws/src/amr2_packages/install/roboi_amr_msgs/share/roboi_amr_msgs/local_setup.sh
[3.227s] -- Installing: /home/roboi-amr/ros2_ws/src/amr2_packages/install/roboi_amr_msgs/share/roboi_amr_msgs/local_setup.zsh
[3.227s] -- Installing: /home/roboi-amr/ros2_ws/src/amr2_packages/install/roboi_amr_msgs/share/roboi_amr_msgs/local_setup.dsv
[3.227s] -- Installing: /home/roboi-amr/ros2_ws/src/amr2_packages/install/roboi_amr_msgs/share/roboi_amr_msgs/package.dsv
[3.227s] -- Installing: /home/roboi-amr/ros2_ws/src/amr2_packages/install/roboi_amr_msgs/share/ament_index/resource_index/packages/roboi_amr_msgs
[3.227s] -- Installing: /home/roboi-amr/ros2_ws/src/amr2_packages/install/roboi_amr_msgs/share/roboi_amr_msgs/cmake/export_roboi_amr_msgs__rosidl_generator_cExport.cmake
[3.227s] -- Installing: /home/roboi-amr/ros2_ws/src/amr2_packages/install/roboi_amr_msgs/share/roboi_amr_msgs/cmake/export_roboi_amr_msgs__rosidl_generator_cExport-noconfig.cmake
[3.227s] -- Installing: /home/roboi-amr/ros2_ws/src/amr2_packages/install/roboi_amr_msgs/share/roboi_amr_msgs/cmake/export_roboi_amr_msgs__rosidl_typesupport_fastrtps_cExport.cmake
[3.227s] -- Installing: /home/roboi-amr/ros2_ws/src/amr2_packages/install/roboi_amr_msgs/share/roboi_amr_msgs/cmake/export_roboi_amr_msgs__rosidl_typesupport_fastrtps_cExport-noconfig.cmake
[3.227s] -- Installing: /home/roboi-amr/ros2_ws/src/amr2_packages/install/roboi_amr_msgs/share/roboi_amr_msgs/cmake/export_roboi_amr_msgs__rosidl_generator_cppExport.cmake
[3.227s] -- Installing: /home/roboi-amr/ros2_ws/src/amr2_packages/install/roboi_amr_msgs/share/roboi_amr_msgs/cmake/export_roboi_amr_msgs__rosidl_typesupport_fastrtps_cppExport.cmake
[3.227s] -- Installing: /home/roboi-amr/ros2_ws/src/amr2_packages/install/roboi_amr_msgs/share/roboi_amr_msgs/cmake/export_roboi_amr_msgs__rosidl_typesupport_fastrtps_cppExport-noconfig.cmake
[3.228s] -- Installing: /home/roboi-amr/ros2_ws/src/amr2_packages/install/roboi_amr_msgs/share/roboi_amr_msgs/cmake/roboi_amr_msgs__rosidl_typesupport_introspection_cExport.cmake
[3.228s] -- Installing: /home/roboi-amr/ros2_ws/src/amr2_packages/install/roboi_amr_msgs/share/roboi_amr_msgs/cmake/roboi_amr_msgs__rosidl_typesupport_introspection_cExport-noconfig.cmake
[3.228s] -- Installing: /home/roboi-amr/ros2_ws/src/amr2_packages/install/roboi_amr_msgs/share/roboi_amr_msgs/cmake/roboi_amr_msgs__rosidl_typesupport_cExport.cmake
[3.228s] -- Installing: /home/roboi-amr/ros2_ws/src/amr2_packages/install/roboi_amr_msgs/share/roboi_amr_msgs/cmake/roboi_amr_msgs__rosidl_typesupport_cExport-noconfig.cmake
[3.228s] -- Installing: /home/roboi-amr/ros2_ws/src/amr2_packages/install/roboi_amr_msgs/share/roboi_amr_msgs/cmake/roboi_amr_msgs__rosidl_typesupport_introspection_cppExport.cmake
[3.228s] -- Installing: /home/roboi-amr/ros2_ws/src/amr2_packages/install/roboi_amr_msgs/share/roboi_amr_msgs/cmake/roboi_amr_msgs__rosidl_typesupport_introspection_cppExport-noconfig.cmake
[3.228s] -- Installing: /home/roboi-amr/ros2_ws/src/amr2_packages/install/roboi_amr_msgs/share/roboi_amr_msgs/cmake/roboi_amr_msgs__rosidl_typesupport_cppExport.cmake
[3.228s] -- Installing: /home/roboi-amr/ros2_ws/src/amr2_packages/install/roboi_amr_msgs/share/roboi_amr_msgs/cmake/roboi_amr_msgs__rosidl_typesupport_cppExport-noconfig.cmake
[3.228s] -- Installing: /home/roboi-amr/ros2_ws/src/amr2_packages/install/roboi_amr_msgs/share/roboi_amr_msgs/cmake/export_roboi_amr_msgs__rosidl_generator_pyExport.cmake
[3.228s] -- Installing: /home/roboi-amr/ros2_ws/src/amr2_packages/install/roboi_amr_msgs/share/roboi_amr_msgs/cmake/export_roboi_amr_msgs__rosidl_generator_pyExport-noconfig.cmake
[3.228s] -- Installing: /home/roboi-amr/ros2_ws/src/amr2_packages/install/roboi_amr_msgs/share/roboi_amr_msgs/cmake/rosidl_cmake-extras.cmake
[3.228s] -- Installing: /home/roboi-amr/ros2_ws/src/amr2_packages/install/roboi_amr_msgs/share/roboi_amr_msgs/cmake/ament_cmake_export_dependencies-extras.cmake
[3.228s] -- Installing: /home/roboi-amr/ros2_ws/src/amr2_packages/install/roboi_amr_msgs/share/roboi_amr_msgs/cmake/ament_cmake_export_include_directories-extras.cmake
[3.228s] -- Installing: /home/roboi-amr/ros2_ws/src/amr2_packages/install/roboi_amr_msgs/share/roboi_amr_msgs/cmake/ament_cmake_export_libraries-extras.cmake
[3.228s] -- Installing: /home/roboi-amr/ros2_ws/src/amr2_packages/install/roboi_amr_msgs/share/roboi_amr_msgs/cmake/ament_cmake_export_targets-extras.cmake
[3.229s] -- Installing: /home/roboi-amr/ros2_ws/src/amr2_packages/install/roboi_amr_msgs/share/roboi_amr_msgs/cmake/rosidl_cmake_export_typesupport_targets-extras.cmake
[3.229s] -- Installing: /home/roboi-amr/ros2_ws/src/amr2_packages/install/roboi_amr_msgs/share/roboi_amr_msgs/cmake/rosidl_cmake_export_typesupport_libraries-extras.cmake
[3.229s] -- Installing: /home/roboi-amr/ros2_ws/src/amr2_packages/install/roboi_amr_msgs/share/roboi_amr_msgs/cmake/roboi_amr_msgsConfig.cmake
[3.229s] -- Installing: /home/roboi-amr/ros2_ws/src/amr2_packages/install/roboi_amr_msgs/share/roboi_amr_msgs/cmake/roboi_amr_msgsConfig-version.cmake
[3.229s] -- Installing: /home/roboi-amr/ros2_ws/src/amr2_packages/install/roboi_amr_msgs/share/roboi_amr_msgs/package.xml
[3.230s] Invoked command in '/home/roboi-amr/ros2_ws/src/amr2_packages/build/roboi_amr_msgs' returned '0': CMAKE_PREFIX_PATH=${CMAKE_PREFIX_PATH}:/opt/ros/humble /usr/bin/cmake --install /home/roboi-amr/ros2_ws/src/amr2_packages/build/roboi_amr_msgs
