[0.007s] Invoking command in '/home/roboi-amr/ros2_ws/src/amr2_packages/roboi_control/build/roboi_amr_control': CMAKE_PREFIX_PATH=${CMAKE_PREFIX_PATH}:/opt/ros/humble /usr/bin/cmake --build /home/roboi-amr/ros2_ws/src/amr2_packages/roboi_control/build/roboi_amr_control -- -j8 -l8
[0.036s] [35m[1mConsolidate compiler generated dependencies of target roboi_amr_control[0m
[0.051s] [ 20%] [32mBuilding CXX object CMakeFiles/roboi_amr_control.dir/src/roboi_udp.cpp.o[0m
[1.561s] [01m[K/home/roboi-amr/ros2_ws/src/amr2_packages/roboi_control/src/roboi_udp.cpp:[m[K In member function ‘[01m[Kvoid roboi_udp::timer_callback()[m[K’:
[1.561s] [01m[K/home/roboi-amr/ros2_ws/src/amr2_packages/roboi_control/src/roboi_udp.cpp:165:42:[m[K [01;31m[Kerror: [m[K‘[01m[KSharedPtr[m[K’ was not declared in this scope; did you mean ‘[01m[Krclcpp::IntraProcessBufferType::SharedPtr[m[K’?
[1.561s]   165 |     if(udp_send(&udp_out_configuration, ([01;31m[KSharedPtr[m[K))udp_stats, sizeof(roboi_amr_msgs::msg::Udpsend)) != -1)
[1.561s]       |                                          [01;31m[K^~~~~~~~~[m[K
[1.561s]       |                                          [32m[Krclcpp::IntraProcessBufferType::SharedPtr[m[K
[1.561s] In file included from [01m[K/opt/ros/humble/include/rclcpp/rclcpp/experimental/create_intra_process_buffer.hpp:24[m[K,
[1.562s]                  from [01m[K/opt/ros/humble/include/rclcpp/rclcpp/experimental/subscription_intra_process_buffer.hpp:28[m[K,
[1.562s]                  from [01m[K/opt/ros/humble/include/rclcpp/rclcpp/experimental/subscription_intra_process.hpp:31[m[K,
[1.562s]                  from [01m[K/opt/ros/humble/include/rclcpp/rclcpp/experimental/intra_process_manager.hpp:32[m[K,
[1.562s]                  from [01m[K/opt/ros/humble/include/rclcpp/rclcpp/subscription_base.hpp:34[m[K,
[1.562s]                  from [01m[K/opt/ros/humble/include/rclcpp/rclcpp/callback_group.hpp:29[m[K,
[1.562s]                  from [01m[K/opt/ros/humble/include/rclcpp/rclcpp/any_executable.hpp:20[m[K,
[1.562s]                  from [01m[K/opt/ros/humble/include/rclcpp/rclcpp/memory_strategy.hpp:25[m[K,
[1.562s]                  from [01m[K/opt/ros/humble/include/rclcpp/rclcpp/memory_strategies.hpp:18[m[K,
[1.562s]                  from [01m[K/opt/ros/humble/include/rclcpp/rclcpp/executor_options.hpp:20[m[K,
[1.562s]                  from [01m[K/opt/ros/humble/include/rclcpp/rclcpp/executor.hpp:37[m[K,
[1.562s]                  from [01m[K/opt/ros/humble/include/rclcpp/rclcpp/executors/multi_threaded_executor.hpp:25[m[K,
[1.562s]                  from [01m[K/opt/ros/humble/include/rclcpp/rclcpp/executors.hpp:21[m[K,
[1.562s]                  from [01m[K/opt/ros/humble/include/rclcpp/rclcpp/rclcpp.hpp:155[m[K,
[1.562s]                  from [01m[K/home/roboi-amr/ros2_ws/src/amr2_packages/roboi_control/include/roboi/roboi_udp.hpp:4[m[K,
[1.562s]                  from [01m[K/home/roboi-amr/ros2_ws/src/amr2_packages/roboi_control/src/roboi_udp.cpp:1[m[K:
[1.562s] [01m[K/opt/ros/humble/include/rclcpp/rclcpp/intra_process_buffer_type.hpp:26:3:[m[K [01;36m[Knote: [m[K‘[01m[Krclcpp::IntraProcessBufferType::SharedPtr[m[K’ declared here
[1.562s]    26 |   [01;36m[KSharedPtr[m[K,
[1.563s]       |   [01;36m[K^~~~~~~~~[m[K
[1.563s] [01m[K/home/roboi-amr/ros2_ws/src/amr2_packages/roboi_control/src/roboi_udp.cpp:165:53:[m[K [01;31m[Kerror: [m[Kexpected ‘[01m[K)[m[K’ before ‘[01m[Kudp_stats[m[K’
[1.563s]   165 |     if[34m[K([m[Kudp_send(&udp_out_configuration, (SharedPtr))[01;31m[Ku[m[K[32m[Kdp_stats[m[K, sizeof(roboi_amr_msgs::msg::Udpsend)) != -1)
[1.563s]       |       [34m[K~[m[K                                             [01;31m[K^[m[K[32m[K~~~~~~~~[m[K
[1.563s]       |                                                     [32m[K)[m[K
[1.563s] [01m[K/home/roboi-amr/ros2_ws/src/amr2_packages/roboi_control/src/roboi_udp.cpp:165:102:[m[K [01;31m[Kerror: [m[Kexpected primary-expression before ‘[01m[K!=[m[K’ token
[1.563s]   165 |     if(udp_send(&udp_out_configuration, (SharedPtr))udp_stats, sizeof(roboi_amr_msgs::msg::Udpsend)) [01;31m[K!=[m[K -1)
[1.563s]       |                                                                                                      [01;31m[K^~[m[K
[1.563s] [01m[K/home/roboi-amr/ros2_ws/src/amr2_packages/roboi_control/src/roboi_udp.cpp:172:39:[m[K [01;31m[Kerror: [m[K‘[01m[KSharedPtr[m[K’ was not declared in this scope; did you mean ‘[01m[Krclcpp::IntraProcessBufferType::SharedPtr[m[K’?
[1.563s]   172 |     udp_send(&udp_out_configuration, ([01;31m[KSharedPtr[m[K)udp_stats, sizeof(roboi_amr_msgs::msg::Udpsend));
[1.563s]       |                                       [01;31m[K^~~~~~~~~[m[K
[1.563s]       |                                       [32m[Krclcpp::IntraProcessBufferType::SharedPtr[m[K
[1.563s] In file included from [01m[K/opt/ros/humble/include/rclcpp/rclcpp/experimental/create_intra_process_buffer.hpp:24[m[K,
[1.563s]                  from [01m[K/opt/ros/humble/include/rclcpp/rclcpp/experimental/subscription_intra_process_buffer.hpp:28[m[K,
[1.563s]                  from [01m[K/opt/ros/humble/include/rclcpp/rclcpp/experimental/subscription_intra_process.hpp:31[m[K,
[1.563s]                  from [01m[K/opt/ros/humble/include/rclcpp/rclcpp/experimental/intra_process_manager.hpp:32[m[K,
[1.563s]                  from [01m[K/opt/ros/humble/include/rclcpp/rclcpp/subscription_base.hpp:34[m[K,
[1.563s]                  from [01m[K/opt/ros/humble/include/rclcpp/rclcpp/callback_group.hpp:29[m[K,
[1.563s]                  from [01m[K/opt/ros/humble/include/rclcpp/rclcpp/any_executable.hpp:20[m[K,
[1.564s]                  from [01m[K/opt/ros/humble/include/rclcpp/rclcpp/memory_strategy.hpp:25[m[K,
[1.564s]                  from [01m[K/opt/ros/humble/include/rclcpp/rclcpp/memory_strategies.hpp:18[m[K,
[1.564s]                  from [01m[K/opt/ros/humble/include/rclcpp/rclcpp/executor_options.hpp:20[m[K,
[1.564s]                  from [01m[K/opt/ros/humble/include/rclcpp/rclcpp/executor.hpp:37[m[K,
[1.564s]                  from [01m[K/opt/ros/humble/include/rclcpp/rclcpp/executors/multi_threaded_executor.hpp:25[m[K,
[1.564s]                  from [01m[K/opt/ros/humble/include/rclcpp/rclcpp/executors.hpp:21[m[K,
[1.564s]                  from [01m[K/opt/ros/humble/include/rclcpp/rclcpp/rclcpp.hpp:155[m[K,
[1.564s]                  from [01m[K/home/roboi-amr/ros2_ws/src/amr2_packages/roboi_control/include/roboi/roboi_udp.hpp:4[m[K,
[1.564s]                  from [01m[K/home/roboi-amr/ros2_ws/src/amr2_packages/roboi_control/src/roboi_udp.cpp:1[m[K:
[1.564s] [01m[K/opt/ros/humble/include/rclcpp/rclcpp/intra_process_buffer_type.hpp:26:3:[m[K [01;36m[Knote: [m[K‘[01m[Krclcpp::IntraProcessBufferType::SharedPtr[m[K’ declared here
[1.564s]    26 |   [01;36m[KSharedPtr[m[K,
[1.564s]       |   [01;36m[K^~~~~~~~~[m[K
[3.140s] gmake[2]: *** [CMakeFiles/roboi_amr_control.dir/build.make:90: CMakeFiles/roboi_amr_control.dir/src/roboi_udp.cpp.o] Error 1
[3.140s] gmake[1]: *** [CMakeFiles/Makefile2:137: CMakeFiles/roboi_amr_control.dir/all] Error 2
[3.140s] gmake: *** [Makefile:146: all] Error 2
[3.141s] Invoked command in '/home/roboi-amr/ros2_ws/src/amr2_packages/roboi_control/build/roboi_amr_control' returned '2': CMAKE_PREFIX_PATH=${CMAKE_PREFIX_PATH}:/opt/ros/humble /usr/bin/cmake --build /home/roboi-amr/ros2_ws/src/amr2_packages/roboi_control/build/roboi_amr_control -- -j8 -l8
