[0.075s] DEBUG:colcon:Command line arguments: ['/usr/bin/colcon', 'build', '--packages-select', 'roboi_amr_control']
[0.075s] DEBUG:colcon:Parsed command line arguments: Namespace(log_base=None, log_level=None, verb_name='build', build_base='build', install_base='install', merge_install=False, symlink_install=False, test_result_base=None, continue_on_error=False, executor='parallel', parallel_workers=8, event_handlers=None, ignore_user_meta=False, metas=['./colcon.meta'], base_paths=['.'], packages_ignore=None, packages_ignore_regex=None, paths=None, packages_up_to=None, packages_up_to_regex=None, packages_above=None, packages_above_and_dependencies=None, packages_above_depth=None, packages_select_by_dep=None, packages_skip_by_dep=None, packages_skip_up_to=None, packages_select_build_failed=False, packages_skip_build_finished=False, packages_select_test_failures=False, packages_skip_test_passed=False, packages_select=['roboi_amr_control'], packages_skip=None, packages_select_regex=None, packages_skip_regex=None, packages_start=None, packages_end=None, allow_overriding=[], cmake_args=None, cmake_target=None, cmake_target_skip_unavailable=False, cmake_clean_cache=False, cmake_clean_first=False, cmake_force_configure=False, ament_cmake_args=None, catkin_cmake_args=None, catkin_skip_building_tests=False, mixin_files=None, mixin=None, verb_parser=<colcon_mixin.mixin.mixin_argument.MixinArgumentDecorator object at 0x745ac0075c90>, verb_extension=<colcon_core.verb.build.BuildVerb object at 0x745ac0075660>, main=<bound method BuildVerb.main of <colcon_core.verb.build.BuildVerb object at 0x745ac0075660>>, mixin_verb=('build',))
[0.168s] Level 1:colcon.colcon_core.package_discovery:discover_packages(colcon_meta) check parameters
[0.168s] Level 1:colcon.colcon_core.package_discovery:discover_packages(recursive) check parameters
[0.168s] Level 1:colcon.colcon_core.package_discovery:discover_packages(ignore) check parameters
[0.168s] Level 1:colcon.colcon_core.package_discovery:discover_packages(path) check parameters
[0.168s] Level 1:colcon.colcon_core.package_discovery:discover_packages(colcon_meta) discover
[0.168s] Level 1:colcon.colcon_core.package_discovery:discover_packages(recursive) discover
[0.168s] INFO:colcon.colcon_core.package_discovery:Crawling recursively for packages in '/home/roboi-amr/ros2_ws/src/amr2_packages/roboi_control'
[0.168s] Level 1:colcon.colcon_core.package_identification:_identify(.) by extensions ['ignore', 'ignore_ament_install']
[0.168s] Level 1:colcon.colcon_core.package_identification:_identify(.) by extension 'ignore'
[0.168s] Level 1:colcon.colcon_core.package_identification:_identify(.) by extension 'ignore_ament_install'
[0.168s] Level 1:colcon.colcon_core.package_identification:_identify(.) by extensions ['colcon_pkg']
[0.168s] Level 1:colcon.colcon_core.package_identification:_identify(.) by extension 'colcon_pkg'
[0.168s] Level 1:colcon.colcon_core.package_identification:_identify(.) by extensions ['colcon_meta']
[0.168s] Level 1:colcon.colcon_core.package_identification:_identify(.) by extension 'colcon_meta'
[0.168s] Level 1:colcon.colcon_core.package_identification:_identify(.) by extensions ['ros']
[0.168s] Level 1:colcon.colcon_core.package_identification:_identify(.) by extension 'ros'
[0.183s] DEBUG:colcon.colcon_core.package_identification:Package '.' with type 'ros.ament_cmake' and name 'roboi_amr_control'
[0.183s] Level 1:colcon.colcon_core.package_discovery:discover_packages(recursive) using defaults
[0.183s] Level 1:colcon.colcon_core.package_discovery:discover_packages(ignore) discover
[0.183s] Level 1:colcon.colcon_core.package_discovery:discover_packages(ignore) using defaults
[0.183s] Level 1:colcon.colcon_core.package_discovery:discover_packages(path) discover
[0.183s] Level 1:colcon.colcon_core.package_discovery:discover_packages(path) using defaults
[0.194s] Level 1:colcon.colcon_core.package_discovery:discover_packages(prefix_path) check parameters
[0.194s] Level 1:colcon.colcon_core.package_discovery:discover_packages(prefix_path) discover
[0.195s] DEBUG:colcon.colcon_installed_package_information.package_discovery:Found 1 installed packages in /home/roboi-amr/ros2_ws/src/amr2_packages/roboi_amr_msgs/install
[0.195s] DEBUG:colcon.colcon_installed_package_information.package_discovery:Found 2 installed packages in /home/roboi-amr/ros2_ws/install
[0.196s] DEBUG:colcon.colcon_installed_package_information.package_discovery:Found 270 installed packages in /opt/ros/humble
[0.197s] Level 1:colcon.colcon_core.package_discovery:discover_packages(prefix_path) using defaults
[0.217s] Level 5:colcon.colcon_core.verb:set package 'roboi_amr_control' build argument 'cmake_args' from command line to 'None'
[0.217s] Level 5:colcon.colcon_core.verb:set package 'roboi_amr_control' build argument 'cmake_target' from command line to 'None'
[0.217s] Level 5:colcon.colcon_core.verb:set package 'roboi_amr_control' build argument 'cmake_target_skip_unavailable' from command line to 'False'
[0.217s] Level 5:colcon.colcon_core.verb:set package 'roboi_amr_control' build argument 'cmake_clean_cache' from command line to 'False'
[0.217s] Level 5:colcon.colcon_core.verb:set package 'roboi_amr_control' build argument 'cmake_clean_first' from command line to 'False'
[0.217s] Level 5:colcon.colcon_core.verb:set package 'roboi_amr_control' build argument 'cmake_force_configure' from command line to 'False'
[0.217s] Level 5:colcon.colcon_core.verb:set package 'roboi_amr_control' build argument 'ament_cmake_args' from command line to 'None'
[0.217s] Level 5:colcon.colcon_core.verb:set package 'roboi_amr_control' build argument 'catkin_cmake_args' from command line to 'None'
[0.217s] Level 5:colcon.colcon_core.verb:set package 'roboi_amr_control' build argument 'catkin_skip_building_tests' from command line to 'False'
[0.217s] DEBUG:colcon.colcon_core.verb:Building package 'roboi_amr_control' with the following arguments: {'ament_cmake_args': None, 'build_base': '/home/roboi-amr/ros2_ws/src/amr2_packages/roboi_control/build/roboi_amr_control', 'catkin_cmake_args': None, 'catkin_skip_building_tests': False, 'cmake_args': None, 'cmake_clean_cache': False, 'cmake_clean_first': False, 'cmake_force_configure': False, 'cmake_target': None, 'cmake_target_skip_unavailable': False, 'install_base': '/home/roboi-amr/ros2_ws/src/amr2_packages/roboi_control/install/roboi_amr_control', 'merge_install': False, 'path': '/home/roboi-amr/ros2_ws/src/amr2_packages/roboi_control', 'symlink_install': False, 'test_result_base': None}
[0.217s] INFO:colcon.colcon_core.executor:Executing jobs using 'parallel' executor
[0.218s] DEBUG:colcon.colcon_parallel_executor.executor.parallel:run_until_complete
[0.218s] INFO:colcon.colcon_ros.task.ament_cmake.build:Building ROS package in '/home/roboi-amr/ros2_ws/src/amr2_packages/roboi_control' with build type 'ament_cmake'
[0.218s] INFO:colcon.colcon_cmake.task.cmake.build:Building CMake package in '/home/roboi-amr/ros2_ws/src/amr2_packages/roboi_control'
[0.220s] INFO:colcon.colcon_core.plugin_system:Skipping extension 'colcon_core.shell.bat': Not used on non-Windows systems
[0.220s] INFO:colcon.colcon_core.shell:Skip shell extension 'powershell' for command environment: Not usable outside of PowerShell
[0.220s] DEBUG:colcon.colcon_core.shell:Skip shell extension 'dsv' for command environment
[0.226s] DEBUG:colcon.colcon_core.event_handler.log_command:Invoking command in '/home/roboi-amr/ros2_ws/src/amr2_packages/roboi_control/build/roboi_amr_control': CMAKE_PREFIX_PATH=${CMAKE_PREFIX_PATH}:/opt/ros/humble /usr/bin/cmake --build /home/roboi-amr/ros2_ws/src/amr2_packages/roboi_control/build/roboi_amr_control -- -j8 -l8
[1.188s] DEBUG:colcon.colcon_core.event_handler.log_command:Invoked command in '/home/roboi-amr/ros2_ws/src/amr2_packages/roboi_control/build/roboi_amr_control' returned '0': CMAKE_PREFIX_PATH=${CMAKE_PREFIX_PATH}:/opt/ros/humble /usr/bin/cmake --build /home/roboi-amr/ros2_ws/src/amr2_packages/roboi_control/build/roboi_amr_control -- -j8 -l8
[1.214s] DEBUG:colcon.colcon_core.event_handler.log_command:Invoking command in '/home/roboi-amr/ros2_ws/src/amr2_packages/roboi_control/build/roboi_amr_control': CMAKE_PREFIX_PATH=${CMAKE_PREFIX_PATH}:/opt/ros/humble /usr/bin/cmake --install /home/roboi-amr/ros2_ws/src/amr2_packages/roboi_control/build/roboi_amr_control
[1.223s] Level 1:colcon.colcon_core.environment:create_environment_scripts_only(roboi_amr_control)
[1.224s] DEBUG:colcon.colcon_core.event_handler.log_command:Invoked command in '/home/roboi-amr/ros2_ws/src/amr2_packages/roboi_control/build/roboi_amr_control' returned '0': CMAKE_PREFIX_PATH=${CMAKE_PREFIX_PATH}:/opt/ros/humble /usr/bin/cmake --install /home/roboi-amr/ros2_ws/src/amr2_packages/roboi_control/build/roboi_amr_control
[1.225s] Level 1:colcon.colcon_core.environment:checking '/home/roboi-amr/ros2_ws/src/amr2_packages/roboi_control/install/roboi_amr_control' for CMake module files
[1.225s] Level 1:colcon.colcon_core.environment:checking '/home/roboi-amr/ros2_ws/src/amr2_packages/roboi_control/install/roboi_amr_control' for CMake config files
[1.225s] Level 1:colcon.colcon_core.shell:create_environment_hook('roboi_amr_control', 'cmake_prefix_path')
[1.226s] INFO:colcon.colcon_core.shell:Creating environment hook '/home/roboi-amr/ros2_ws/src/amr2_packages/roboi_control/install/roboi_amr_control/share/roboi_amr_control/hook/cmake_prefix_path.ps1'
[1.226s] INFO:colcon.colcon_core.shell:Creating environment descriptor '/home/roboi-amr/ros2_ws/src/amr2_packages/roboi_control/install/roboi_amr_control/share/roboi_amr_control/hook/cmake_prefix_path.dsv'
[1.226s] INFO:colcon.colcon_core.shell:Creating environment hook '/home/roboi-amr/ros2_ws/src/amr2_packages/roboi_control/install/roboi_amr_control/share/roboi_amr_control/hook/cmake_prefix_path.sh'
[1.227s] Level 1:colcon.colcon_core.environment:checking '/home/roboi-amr/ros2_ws/src/amr2_packages/roboi_control/install/roboi_amr_control/lib'
[1.227s] Level 1:colcon.colcon_core.environment:checking '/home/roboi-amr/ros2_ws/src/amr2_packages/roboi_control/install/roboi_amr_control/bin'
[1.227s] Level 1:colcon.colcon_core.environment:checking '/home/roboi-amr/ros2_ws/src/amr2_packages/roboi_control/install/roboi_amr_control/lib/pkgconfig/roboi_amr_control.pc'
[1.227s] Level 1:colcon.colcon_core.environment:checking '/home/roboi-amr/ros2_ws/src/amr2_packages/roboi_control/install/roboi_amr_control/lib/python3.10/site-packages'
[1.227s] Level 1:colcon.colcon_core.environment:checking '/home/roboi-amr/ros2_ws/src/amr2_packages/roboi_control/install/roboi_amr_control/bin'
[1.228s] INFO:colcon.colcon_core.shell:Creating package script '/home/roboi-amr/ros2_ws/src/amr2_packages/roboi_control/install/roboi_amr_control/share/roboi_amr_control/package.ps1'
[1.228s] INFO:colcon.colcon_core.shell:Creating package descriptor '/home/roboi-amr/ros2_ws/src/amr2_packages/roboi_control/install/roboi_amr_control/share/roboi_amr_control/package.dsv'
[1.229s] INFO:colcon.colcon_core.shell:Creating package script '/home/roboi-amr/ros2_ws/src/amr2_packages/roboi_control/install/roboi_amr_control/share/roboi_amr_control/package.sh'
[1.229s] INFO:colcon.colcon_core.shell:Creating package script '/home/roboi-amr/ros2_ws/src/amr2_packages/roboi_control/install/roboi_amr_control/share/roboi_amr_control/package.bash'
[1.229s] INFO:colcon.colcon_core.shell:Creating package script '/home/roboi-amr/ros2_ws/src/amr2_packages/roboi_control/install/roboi_amr_control/share/roboi_amr_control/package.zsh'
[1.230s] Level 1:colcon.colcon_core.environment:create_file_with_runtime_dependencies(/home/roboi-amr/ros2_ws/src/amr2_packages/roboi_control/install/roboi_amr_control/share/colcon-core/packages/roboi_amr_control)
[1.250s] Level 1:colcon.colcon_core.environment:create_environment_scripts_only(roboi_amr_control)
[1.250s] Level 1:colcon.colcon_core.environment:checking '/home/roboi-amr/ros2_ws/src/amr2_packages/roboi_control/install/roboi_amr_control' for CMake module files
[1.250s] Level 1:colcon.colcon_core.environment:checking '/home/roboi-amr/ros2_ws/src/amr2_packages/roboi_control/install/roboi_amr_control' for CMake config files
[1.250s] Level 1:colcon.colcon_core.shell:create_environment_hook('roboi_amr_control', 'cmake_prefix_path')
[1.250s] INFO:colcon.colcon_core.shell:Creating environment hook '/home/roboi-amr/ros2_ws/src/amr2_packages/roboi_control/install/roboi_amr_control/share/roboi_amr_control/hook/cmake_prefix_path.ps1'
[1.251s] INFO:colcon.colcon_core.shell:Creating environment descriptor '/home/roboi-amr/ros2_ws/src/amr2_packages/roboi_control/install/roboi_amr_control/share/roboi_amr_control/hook/cmake_prefix_path.dsv'
[1.251s] INFO:colcon.colcon_core.shell:Creating environment hook '/home/roboi-amr/ros2_ws/src/amr2_packages/roboi_control/install/roboi_amr_control/share/roboi_amr_control/hook/cmake_prefix_path.sh'
[1.251s] Level 1:colcon.colcon_core.environment:checking '/home/roboi-amr/ros2_ws/src/amr2_packages/roboi_control/install/roboi_amr_control/lib'
[1.252s] Level 1:colcon.colcon_core.environment:checking '/home/roboi-amr/ros2_ws/src/amr2_packages/roboi_control/install/roboi_amr_control/bin'
[1.252s] Level 1:colcon.colcon_core.environment:checking '/home/roboi-amr/ros2_ws/src/amr2_packages/roboi_control/install/roboi_amr_control/lib/pkgconfig/roboi_amr_control.pc'
[1.252s] Level 1:colcon.colcon_core.environment:checking '/home/roboi-amr/ros2_ws/src/amr2_packages/roboi_control/install/roboi_amr_control/lib/python3.10/site-packages'
[1.252s] Level 1:colcon.colcon_core.environment:checking '/home/roboi-amr/ros2_ws/src/amr2_packages/roboi_control/install/roboi_amr_control/bin'
[1.252s] INFO:colcon.colcon_core.shell:Creating package script '/home/roboi-amr/ros2_ws/src/amr2_packages/roboi_control/install/roboi_amr_control/share/roboi_amr_control/package.ps1'
[1.252s] INFO:colcon.colcon_core.shell:Creating package descriptor '/home/roboi-amr/ros2_ws/src/amr2_packages/roboi_control/install/roboi_amr_control/share/roboi_amr_control/package.dsv'
[1.253s] INFO:colcon.colcon_core.shell:Creating package script '/home/roboi-amr/ros2_ws/src/amr2_packages/roboi_control/install/roboi_amr_control/share/roboi_amr_control/package.sh'
[1.253s] INFO:colcon.colcon_core.shell:Creating package script '/home/roboi-amr/ros2_ws/src/amr2_packages/roboi_control/install/roboi_amr_control/share/roboi_amr_control/package.bash'
[1.253s] INFO:colcon.colcon_core.shell:Creating package script '/home/roboi-amr/ros2_ws/src/amr2_packages/roboi_control/install/roboi_amr_control/share/roboi_amr_control/package.zsh'
[1.254s] Level 1:colcon.colcon_core.environment:create_file_with_runtime_dependencies(/home/roboi-amr/ros2_ws/src/amr2_packages/roboi_control/install/roboi_amr_control/share/colcon-core/packages/roboi_amr_control)
[1.254s] DEBUG:colcon.colcon_parallel_executor.executor.parallel:closing loop
[1.254s] DEBUG:colcon.colcon_parallel_executor.executor.parallel:loop closed
[1.254s] DEBUG:colcon.colcon_parallel_executor.executor.parallel:run_until_complete finished with '0'
[1.254s] DEBUG:colcon.colcon_core.event_reactor:joining thread
[1.257s] INFO:colcon.colcon_core.plugin_system:Skipping extension 'colcon_notification.desktop_notification.terminal_notifier': Not used on non-Darwin systems
[1.257s] INFO:colcon.colcon_core.plugin_system:Skipping extension 'colcon_notification.desktop_notification.win32': Not used on non-Windows systems
[1.257s] INFO:colcon.colcon_notification.desktop_notification:Sending desktop notification using 'notify2'
[1.263s] DEBUG:colcon.colcon_core.event_reactor:joined thread
[1.263s] INFO:colcon.colcon_core.shell:Creating prefix script '/home/roboi-amr/ros2_ws/src/amr2_packages/roboi_control/install/local_setup.ps1'
[1.264s] INFO:colcon.colcon_core.shell:Creating prefix util module '/home/roboi-amr/ros2_ws/src/amr2_packages/roboi_control/install/_local_setup_util_ps1.py'
[1.265s] INFO:colcon.colcon_core.shell:Creating prefix chain script '/home/roboi-amr/ros2_ws/src/amr2_packages/roboi_control/install/setup.ps1'
[1.266s] INFO:colcon.colcon_core.shell:Creating prefix script '/home/roboi-amr/ros2_ws/src/amr2_packages/roboi_control/install/local_setup.sh'
[1.266s] INFO:colcon.colcon_core.shell:Creating prefix util module '/home/roboi-amr/ros2_ws/src/amr2_packages/roboi_control/install/_local_setup_util_sh.py'
[1.266s] INFO:colcon.colcon_core.shell:Creating prefix chain script '/home/roboi-amr/ros2_ws/src/amr2_packages/roboi_control/install/setup.sh'
[1.267s] INFO:colcon.colcon_core.shell:Creating prefix script '/home/roboi-amr/ros2_ws/src/amr2_packages/roboi_control/install/local_setup.bash'
[1.268s] INFO:colcon.colcon_core.shell:Creating prefix chain script '/home/roboi-amr/ros2_ws/src/amr2_packages/roboi_control/install/setup.bash'
[1.269s] INFO:colcon.colcon_core.shell:Creating prefix script '/home/roboi-amr/ros2_ws/src/amr2_packages/roboi_control/install/local_setup.zsh'
[1.269s] INFO:colcon.colcon_core.shell:Creating prefix chain script '/home/roboi-amr/ros2_ws/src/amr2_packages/roboi_control/install/setup.zsh'
