[0.077s] DEBUG:colcon:Command line arguments: ['/usr/bin/colcon', 'build']
[0.077s] DEBUG:colcon:Parsed command line arguments: Namespace(log_base=None, log_level=None, verb_name='build', build_base='build', install_base='install', merge_install=False, symlink_install=False, test_result_base=None, continue_on_error=False, executor='parallel', parallel_workers=8, event_handlers=None, ignore_user_meta=False, metas=['./colcon.meta'], base_paths=['.'], packages_ignore=None, packages_ignore_regex=None, paths=None, packages_up_to=None, packages_up_to_regex=None, packages_above=None, packages_above_and_dependencies=None, packages_above_depth=None, packages_select_by_dep=None, packages_skip_by_dep=None, packages_skip_up_to=None, packages_select_build_failed=False, packages_skip_build_finished=False, packages_select_test_failures=False, packages_skip_test_passed=False, packages_select=None, packages_skip=None, packages_select_regex=None, packages_skip_regex=None, packages_start=None, packages_end=None, allow_overriding=[], cmake_args=None, cmake_target=None, cmake_target_skip_unavailable=False, cmake_clean_cache=False, cmake_clean_first=False, cmake_force_configure=False, ament_cmake_args=None, catkin_cmake_args=None, catkin_skip_building_tests=False, mixin_files=None, mixin=None, verb_parser=<colcon_mixin.mixin.mixin_argument.MixinArgumentDecorator object at 0x70585ea859c0>, verb_extension=<colcon_core.verb.build.BuildVerb object at 0x70585ea85390>, main=<bound method BuildVerb.main of <colcon_core.verb.build.BuildVerb object at 0x70585ea85390>>, mixin_verb=('build',))
[0.171s] Level 1:colcon.colcon_core.package_discovery:discover_packages(colcon_meta) check parameters
[0.171s] Level 1:colcon.colcon_core.package_discovery:discover_packages(recursive) check parameters
[0.171s] Level 1:colcon.colcon_core.package_discovery:discover_packages(ignore) check parameters
[0.171s] Level 1:colcon.colcon_core.package_discovery:discover_packages(path) check parameters
[0.171s] Level 1:colcon.colcon_core.package_discovery:discover_packages(colcon_meta) discover
[0.171s] Level 1:colcon.colcon_core.package_discovery:discover_packages(recursive) discover
[0.171s] INFO:colcon.colcon_core.package_discovery:Crawling recursively for packages in '/home/roboi-amr/ros2_ws/src/amr2_packages'
[0.171s] Level 1:colcon.colcon_core.package_identification:_identify(.) by extensions ['ignore', 'ignore_ament_install']
[0.171s] Level 1:colcon.colcon_core.package_identification:_identify(.) by extension 'ignore'
[0.171s] Level 1:colcon.colcon_core.package_identification:_identify(.) by extension 'ignore_ament_install'
[0.171s] Level 1:colcon.colcon_core.package_identification:_identify(.) by extensions ['colcon_pkg']
[0.171s] Level 1:colcon.colcon_core.package_identification:_identify(.) by extension 'colcon_pkg'
[0.171s] Level 1:colcon.colcon_core.package_identification:_identify(.) by extensions ['colcon_meta']
[0.171s] Level 1:colcon.colcon_core.package_identification:_identify(.) by extension 'colcon_meta'
[0.171s] Level 1:colcon.colcon_core.package_identification:_identify(.) by extensions ['ros']
[0.171s] Level 1:colcon.colcon_core.package_identification:_identify(.) by extension 'ros'
[0.184s] Level 1:colcon.colcon_core.package_identification:_identify(.) by extensions ['cmake', 'python']
[0.184s] Level 1:colcon.colcon_core.package_identification:_identify(.) by extension 'cmake'
[0.184s] Level 1:colcon.colcon_core.package_identification:_identify(.) by extension 'python'
[0.184s] Level 1:colcon.colcon_core.package_identification:_identify(.) by extensions ['python_setup_py']
[0.184s] Level 1:colcon.colcon_core.package_identification:_identify(.) by extension 'python_setup_py'
[0.184s] Level 1:colcon.colcon_core.package_identification:_identify(build) by extensions ['ignore', 'ignore_ament_install']
[0.184s] Level 1:colcon.colcon_core.package_identification:_identify(build) by extension 'ignore'
[0.184s] Level 1:colcon.colcon_core.package_identification:_identify(build) ignored
[0.184s] Level 1:colcon.colcon_core.package_identification:_identify(install) by extensions ['ignore', 'ignore_ament_install']
[0.185s] Level 1:colcon.colcon_core.package_identification:_identify(install) by extension 'ignore'
[0.185s] Level 1:colcon.colcon_core.package_identification:_identify(install) ignored
[0.185s] Level 1:colcon.colcon_core.package_identification:_identify(log) by extensions ['ignore', 'ignore_ament_install']
[0.185s] Level 1:colcon.colcon_core.package_identification:_identify(log) by extension 'ignore'
[0.185s] Level 1:colcon.colcon_core.package_identification:_identify(log) ignored
[0.185s] Level 1:colcon.colcon_core.package_identification:_identify(roboi_amr_msgs) by extensions ['ignore', 'ignore_ament_install']
[0.185s] Level 1:colcon.colcon_core.package_identification:_identify(roboi_amr_msgs) by extension 'ignore'
[0.185s] Level 1:colcon.colcon_core.package_identification:_identify(roboi_amr_msgs) by extension 'ignore_ament_install'
[0.185s] Level 1:colcon.colcon_core.package_identification:_identify(roboi_amr_msgs) by extensions ['colcon_pkg']
[0.185s] Level 1:colcon.colcon_core.package_identification:_identify(roboi_amr_msgs) by extension 'colcon_pkg'
[0.185s] Level 1:colcon.colcon_core.package_identification:_identify(roboi_amr_msgs) by extensions ['colcon_meta']
[0.185s] Level 1:colcon.colcon_core.package_identification:_identify(roboi_amr_msgs) by extension 'colcon_meta'
[0.185s] Level 1:colcon.colcon_core.package_identification:_identify(roboi_amr_msgs) by extensions ['ros']
[0.185s] Level 1:colcon.colcon_core.package_identification:_identify(roboi_amr_msgs) by extension 'ros'
[0.186s] DEBUG:colcon.colcon_core.package_identification:Package 'roboi_amr_msgs' with type 'ros.ament_cmake' and name 'roboi_amr_msgs'
[0.187s] Level 1:colcon.colcon_core.package_identification:_identify(roboi_control) by extensions ['ignore', 'ignore_ament_install']
[0.187s] Level 1:colcon.colcon_core.package_identification:_identify(roboi_control) by extension 'ignore'
[0.187s] Level 1:colcon.colcon_core.package_identification:_identify(roboi_control) by extension 'ignore_ament_install'
[0.187s] Level 1:colcon.colcon_core.package_identification:_identify(roboi_control) by extensions ['colcon_pkg']
[0.187s] Level 1:colcon.colcon_core.package_identification:_identify(roboi_control) by extension 'colcon_pkg'
[0.187s] Level 1:colcon.colcon_core.package_identification:_identify(roboi_control) by extensions ['colcon_meta']
[0.187s] Level 1:colcon.colcon_core.package_identification:_identify(roboi_control) by extension 'colcon_meta'
[0.187s] Level 1:colcon.colcon_core.package_identification:_identify(roboi_control) by extensions ['ros']
[0.187s] Level 1:colcon.colcon_core.package_identification:_identify(roboi_control) by extension 'ros'
[0.187s] DEBUG:colcon.colcon_core.package_identification:Package 'roboi_control' with type 'ros.ament_cmake' and name 'roboi_amr_control'
[0.187s] Level 1:colcon.colcon_core.package_discovery:discover_packages(recursive) using defaults
[0.187s] Level 1:colcon.colcon_core.package_discovery:discover_packages(ignore) discover
[0.187s] Level 1:colcon.colcon_core.package_discovery:discover_packages(ignore) using defaults
[0.187s] Level 1:colcon.colcon_core.package_discovery:discover_packages(path) discover
[0.187s] Level 1:colcon.colcon_core.package_discovery:discover_packages(path) using defaults
[0.199s] Level 1:colcon.colcon_core.package_discovery:discover_packages(prefix_path) check parameters
[0.199s] Level 1:colcon.colcon_core.package_discovery:discover_packages(prefix_path) discover
[0.201s] DEBUG:colcon.colcon_installed_package_information.package_discovery:Found 2 installed packages in /home/roboi-amr/ros2_ws/install
[0.202s] DEBUG:colcon.colcon_installed_package_information.package_discovery:Found 270 installed packages in /opt/ros/humble
[0.203s] Level 1:colcon.colcon_core.package_discovery:discover_packages(prefix_path) using defaults
[0.224s] Level 5:colcon.colcon_core.verb:set package 'roboi_amr_msgs' build argument 'cmake_args' from command line to 'None'
[0.224s] Level 5:colcon.colcon_core.verb:set package 'roboi_amr_msgs' build argument 'cmake_target' from command line to 'None'
[0.225s] Level 5:colcon.colcon_core.verb:set package 'roboi_amr_msgs' build argument 'cmake_target_skip_unavailable' from command line to 'False'
[0.225s] Level 5:colcon.colcon_core.verb:set package 'roboi_amr_msgs' build argument 'cmake_clean_cache' from command line to 'False'
[0.225s] Level 5:colcon.colcon_core.verb:set package 'roboi_amr_msgs' build argument 'cmake_clean_first' from command line to 'False'
[0.225s] Level 5:colcon.colcon_core.verb:set package 'roboi_amr_msgs' build argument 'cmake_force_configure' from command line to 'False'
[0.225s] Level 5:colcon.colcon_core.verb:set package 'roboi_amr_msgs' build argument 'ament_cmake_args' from command line to 'None'
[0.225s] Level 5:colcon.colcon_core.verb:set package 'roboi_amr_msgs' build argument 'catkin_cmake_args' from command line to 'None'
[0.225s] Level 5:colcon.colcon_core.verb:set package 'roboi_amr_msgs' build argument 'catkin_skip_building_tests' from command line to 'False'
[0.225s] DEBUG:colcon.colcon_core.verb:Building package 'roboi_amr_msgs' with the following arguments: {'ament_cmake_args': None, 'build_base': '/home/roboi-amr/ros2_ws/src/amr2_packages/build/roboi_amr_msgs', 'catkin_cmake_args': None, 'catkin_skip_building_tests': False, 'cmake_args': None, 'cmake_clean_cache': False, 'cmake_clean_first': False, 'cmake_force_configure': False, 'cmake_target': None, 'cmake_target_skip_unavailable': False, 'install_base': '/home/roboi-amr/ros2_ws/src/amr2_packages/install/roboi_amr_msgs', 'merge_install': False, 'path': '/home/roboi-amr/ros2_ws/src/amr2_packages/roboi_amr_msgs', 'symlink_install': False, 'test_result_base': None}
[0.225s] Level 5:colcon.colcon_core.verb:set package 'roboi_amr_control' build argument 'cmake_args' from command line to 'None'
[0.225s] Level 5:colcon.colcon_core.verb:set package 'roboi_amr_control' build argument 'cmake_target' from command line to 'None'
[0.225s] Level 5:colcon.colcon_core.verb:set package 'roboi_amr_control' build argument 'cmake_target_skip_unavailable' from command line to 'False'
[0.225s] Level 5:colcon.colcon_core.verb:set package 'roboi_amr_control' build argument 'cmake_clean_cache' from command line to 'False'
[0.225s] Level 5:colcon.colcon_core.verb:set package 'roboi_amr_control' build argument 'cmake_clean_first' from command line to 'False'
[0.225s] Level 5:colcon.colcon_core.verb:set package 'roboi_amr_control' build argument 'cmake_force_configure' from command line to 'False'
[0.225s] Level 5:colcon.colcon_core.verb:set package 'roboi_amr_control' build argument 'ament_cmake_args' from command line to 'None'
[0.225s] Level 5:colcon.colcon_core.verb:set package 'roboi_amr_control' build argument 'catkin_cmake_args' from command line to 'None'
[0.225s] Level 5:colcon.colcon_core.verb:set package 'roboi_amr_control' build argument 'catkin_skip_building_tests' from command line to 'False'
[0.225s] DEBUG:colcon.colcon_core.verb:Building package 'roboi_amr_control' with the following arguments: {'ament_cmake_args': None, 'build_base': '/home/roboi-amr/ros2_ws/src/amr2_packages/build/roboi_amr_control', 'catkin_cmake_args': None, 'catkin_skip_building_tests': False, 'cmake_args': None, 'cmake_clean_cache': False, 'cmake_clean_first': False, 'cmake_force_configure': False, 'cmake_target': None, 'cmake_target_skip_unavailable': False, 'install_base': '/home/roboi-amr/ros2_ws/src/amr2_packages/install/roboi_amr_control', 'merge_install': False, 'path': '/home/roboi-amr/ros2_ws/src/amr2_packages/roboi_control', 'symlink_install': False, 'test_result_base': None}
[0.225s] INFO:colcon.colcon_core.executor:Executing jobs using 'parallel' executor
[0.226s] DEBUG:colcon.colcon_parallel_executor.executor.parallel:run_until_complete
[0.226s] INFO:colcon.colcon_ros.task.ament_cmake.build:Building ROS package in '/home/roboi-amr/ros2_ws/src/amr2_packages/roboi_amr_msgs' with build type 'ament_cmake'
[0.226s] INFO:colcon.colcon_cmake.task.cmake.build:Building CMake package in '/home/roboi-amr/ros2_ws/src/amr2_packages/roboi_amr_msgs'
[0.228s] INFO:colcon.colcon_core.plugin_system:Skipping extension 'colcon_core.shell.bat': Not used on non-Windows systems
[0.228s] INFO:colcon.colcon_core.shell:Skip shell extension 'powershell' for command environment: Not usable outside of PowerShell
[0.228s] DEBUG:colcon.colcon_core.shell:Skip shell extension 'dsv' for command environment
[0.233s] DEBUG:colcon.colcon_core.event_handler.log_command:Invoking command in '/home/roboi-amr/ros2_ws/src/amr2_packages/build/roboi_amr_msgs': CMAKE_PREFIX_PATH=${CMAKE_PREFIX_PATH}:/opt/ros/humble /usr/bin/cmake /home/roboi-amr/ros2_ws/src/amr2_packages/roboi_amr_msgs -DCMAKE_INSTALL_PREFIX=/home/roboi-amr/ros2_ws/src/amr2_packages/install/roboi_amr_msgs
[1.398s] DEBUG:colcon.colcon_core.event_handler.log_command:Invoked command in '/home/roboi-amr/ros2_ws/src/amr2_packages/build/roboi_amr_msgs' returned '0': CMAKE_PREFIX_PATH=${CMAKE_PREFIX_PATH}:/opt/ros/humble /usr/bin/cmake /home/roboi-amr/ros2_ws/src/amr2_packages/roboi_amr_msgs -DCMAKE_INSTALL_PREFIX=/home/roboi-amr/ros2_ws/src/amr2_packages/install/roboi_amr_msgs
[1.399s] DEBUG:colcon.colcon_core.event_handler.log_command:Invoking command in '/home/roboi-amr/ros2_ws/src/amr2_packages/build/roboi_amr_msgs': CMAKE_PREFIX_PATH=${CMAKE_PREFIX_PATH}:/opt/ros/humble /usr/bin/cmake --build /home/roboi-amr/ros2_ws/src/amr2_packages/build/roboi_amr_msgs -- -j8 -l8
[3.352s] DEBUG:colcon.colcon_core.event_handler.log_command:Invoked command in '/home/roboi-amr/ros2_ws/src/amr2_packages/build/roboi_amr_msgs' returned '0': CMAKE_PREFIX_PATH=${CMAKE_PREFIX_PATH}:/opt/ros/humble /usr/bin/cmake --build /home/roboi-amr/ros2_ws/src/amr2_packages/build/roboi_amr_msgs -- -j8 -l8
[3.412s] DEBUG:colcon.colcon_core.event_handler.log_command:Invoking command in '/home/roboi-amr/ros2_ws/src/amr2_packages/build/roboi_amr_msgs': CMAKE_PREFIX_PATH=${CMAKE_PREFIX_PATH}:/opt/ros/humble /usr/bin/cmake --install /home/roboi-amr/ros2_ws/src/amr2_packages/build/roboi_amr_msgs
[3.456s] Level 1:colcon.colcon_core.environment:create_environment_scripts_only(roboi_amr_msgs)
[3.457s] DEBUG:colcon.colcon_core.event_handler.log_command:Invoked command in '/home/roboi-amr/ros2_ws/src/amr2_packages/build/roboi_amr_msgs' returned '0': CMAKE_PREFIX_PATH=${CMAKE_PREFIX_PATH}:/opt/ros/humble /usr/bin/cmake --install /home/roboi-amr/ros2_ws/src/amr2_packages/build/roboi_amr_msgs
[3.459s] Level 1:colcon.colcon_core.environment:checking '/home/roboi-amr/ros2_ws/src/amr2_packages/install/roboi_amr_msgs' for CMake module files
[3.459s] Level 1:colcon.colcon_core.environment:checking '/home/roboi-amr/ros2_ws/src/amr2_packages/install/roboi_amr_msgs' for CMake config files
[3.459s] Level 1:colcon.colcon_core.shell:create_environment_hook('roboi_amr_msgs', 'cmake_prefix_path')
[3.459s] INFO:colcon.colcon_core.shell:Creating environment hook '/home/roboi-amr/ros2_ws/src/amr2_packages/install/roboi_amr_msgs/share/roboi_amr_msgs/hook/cmake_prefix_path.ps1'
[3.460s] INFO:colcon.colcon_core.shell:Creating environment descriptor '/home/roboi-amr/ros2_ws/src/amr2_packages/install/roboi_amr_msgs/share/roboi_amr_msgs/hook/cmake_prefix_path.dsv'
[3.460s] INFO:colcon.colcon_core.shell:Creating environment hook '/home/roboi-amr/ros2_ws/src/amr2_packages/install/roboi_amr_msgs/share/roboi_amr_msgs/hook/cmake_prefix_path.sh'
[3.461s] Level 1:colcon.colcon_core.environment:checking '/home/roboi-amr/ros2_ws/src/amr2_packages/install/roboi_amr_msgs/lib'
[3.461s] Level 1:colcon.colcon_core.shell:create_environment_hook('roboi_amr_msgs', 'ld_library_path_lib')
[3.461s] INFO:colcon.colcon_core.shell:Creating environment hook '/home/roboi-amr/ros2_ws/src/amr2_packages/install/roboi_amr_msgs/share/roboi_amr_msgs/hook/ld_library_path_lib.ps1'
[3.461s] INFO:colcon.colcon_core.shell:Creating environment descriptor '/home/roboi-amr/ros2_ws/src/amr2_packages/install/roboi_amr_msgs/share/roboi_amr_msgs/hook/ld_library_path_lib.dsv'
[3.462s] INFO:colcon.colcon_core.shell:Creating environment hook '/home/roboi-amr/ros2_ws/src/amr2_packages/install/roboi_amr_msgs/share/roboi_amr_msgs/hook/ld_library_path_lib.sh'
[3.462s] Level 1:colcon.colcon_core.environment:checking '/home/roboi-amr/ros2_ws/src/amr2_packages/install/roboi_amr_msgs/bin'
[3.462s] Level 1:colcon.colcon_core.environment:checking '/home/roboi-amr/ros2_ws/src/amr2_packages/install/roboi_amr_msgs/lib/pkgconfig/roboi_amr_msgs.pc'
[3.462s] Level 1:colcon.colcon_core.environment:checking '/home/roboi-amr/ros2_ws/src/amr2_packages/install/roboi_amr_msgs/lib/python3.10/site-packages'
[3.462s] Level 1:colcon.colcon_core.environment:checking '/home/roboi-amr/ros2_ws/src/amr2_packages/install/roboi_amr_msgs/bin'
[3.462s] INFO:colcon.colcon_core.shell:Creating package script '/home/roboi-amr/ros2_ws/src/amr2_packages/install/roboi_amr_msgs/share/roboi_amr_msgs/package.ps1'
[3.463s] INFO:colcon.colcon_core.shell:Creating package descriptor '/home/roboi-amr/ros2_ws/src/amr2_packages/install/roboi_amr_msgs/share/roboi_amr_msgs/package.dsv'
[3.463s] INFO:colcon.colcon_core.shell:Creating package script '/home/roboi-amr/ros2_ws/src/amr2_packages/install/roboi_amr_msgs/share/roboi_amr_msgs/package.sh'
[3.464s] INFO:colcon.colcon_core.shell:Creating package script '/home/roboi-amr/ros2_ws/src/amr2_packages/install/roboi_amr_msgs/share/roboi_amr_msgs/package.bash'
[3.464s] INFO:colcon.colcon_core.shell:Creating package script '/home/roboi-amr/ros2_ws/src/amr2_packages/install/roboi_amr_msgs/share/roboi_amr_msgs/package.zsh'
[3.465s] Level 1:colcon.colcon_core.environment:create_file_with_runtime_dependencies(/home/roboi-amr/ros2_ws/src/amr2_packages/install/roboi_amr_msgs/share/colcon-core/packages/roboi_amr_msgs)
[3.532s] Level 1:colcon.colcon_core.environment:create_environment_scripts_only(roboi_amr_msgs)
[3.532s] Level 1:colcon.colcon_core.environment:checking '/home/roboi-amr/ros2_ws/src/amr2_packages/install/roboi_amr_msgs' for CMake module files
[3.533s] Level 1:colcon.colcon_core.environment:checking '/home/roboi-amr/ros2_ws/src/amr2_packages/install/roboi_amr_msgs' for CMake config files
[3.533s] Level 1:colcon.colcon_core.shell:create_environment_hook('roboi_amr_msgs', 'cmake_prefix_path')
[3.533s] INFO:colcon.colcon_core.shell:Creating environment hook '/home/roboi-amr/ros2_ws/src/amr2_packages/install/roboi_amr_msgs/share/roboi_amr_msgs/hook/cmake_prefix_path.ps1'
[3.534s] INFO:colcon.colcon_core.shell:Creating environment descriptor '/home/roboi-amr/ros2_ws/src/amr2_packages/install/roboi_amr_msgs/share/roboi_amr_msgs/hook/cmake_prefix_path.dsv'
[3.534s] INFO:colcon.colcon_core.shell:Creating environment hook '/home/roboi-amr/ros2_ws/src/amr2_packages/install/roboi_amr_msgs/share/roboi_amr_msgs/hook/cmake_prefix_path.sh'
[3.534s] Level 1:colcon.colcon_core.environment:checking '/home/roboi-amr/ros2_ws/src/amr2_packages/install/roboi_amr_msgs/lib'
[3.534s] Level 1:colcon.colcon_core.shell:create_environment_hook('roboi_amr_msgs', 'ld_library_path_lib')
[3.535s] INFO:colcon.colcon_core.shell:Creating environment hook '/home/roboi-amr/ros2_ws/src/amr2_packages/install/roboi_amr_msgs/share/roboi_amr_msgs/hook/ld_library_path_lib.ps1'
[3.535s] INFO:colcon.colcon_core.shell:Creating environment descriptor '/home/roboi-amr/ros2_ws/src/amr2_packages/install/roboi_amr_msgs/share/roboi_amr_msgs/hook/ld_library_path_lib.dsv'
[3.535s] INFO:colcon.colcon_core.shell:Creating environment hook '/home/roboi-amr/ros2_ws/src/amr2_packages/install/roboi_amr_msgs/share/roboi_amr_msgs/hook/ld_library_path_lib.sh'
[3.535s] Level 1:colcon.colcon_core.environment:checking '/home/roboi-amr/ros2_ws/src/amr2_packages/install/roboi_amr_msgs/bin'
[3.535s] Level 1:colcon.colcon_core.environment:checking '/home/roboi-amr/ros2_ws/src/amr2_packages/install/roboi_amr_msgs/lib/pkgconfig/roboi_amr_msgs.pc'
[3.535s] Level 1:colcon.colcon_core.environment:checking '/home/roboi-amr/ros2_ws/src/amr2_packages/install/roboi_amr_msgs/lib/python3.10/site-packages'
[3.535s] Level 1:colcon.colcon_core.environment:checking '/home/roboi-amr/ros2_ws/src/amr2_packages/install/roboi_amr_msgs/bin'
[3.536s] INFO:colcon.colcon_core.shell:Creating package script '/home/roboi-amr/ros2_ws/src/amr2_packages/install/roboi_amr_msgs/share/roboi_amr_msgs/package.ps1'
[3.536s] INFO:colcon.colcon_core.shell:Creating package descriptor '/home/roboi-amr/ros2_ws/src/amr2_packages/install/roboi_amr_msgs/share/roboi_amr_msgs/package.dsv'
[3.536s] INFO:colcon.colcon_core.shell:Creating package script '/home/roboi-amr/ros2_ws/src/amr2_packages/install/roboi_amr_msgs/share/roboi_amr_msgs/package.sh'
[3.537s] INFO:colcon.colcon_core.shell:Creating package script '/home/roboi-amr/ros2_ws/src/amr2_packages/install/roboi_amr_msgs/share/roboi_amr_msgs/package.bash'
[3.537s] INFO:colcon.colcon_core.shell:Creating package script '/home/roboi-amr/ros2_ws/src/amr2_packages/install/roboi_amr_msgs/share/roboi_amr_msgs/package.zsh'
[3.537s] Level 1:colcon.colcon_core.environment:create_file_with_runtime_dependencies(/home/roboi-amr/ros2_ws/src/amr2_packages/install/roboi_amr_msgs/share/colcon-core/packages/roboi_amr_msgs)
[3.537s] INFO:colcon.colcon_ros.task.ament_cmake.build:Building ROS package in '/home/roboi-amr/ros2_ws/src/amr2_packages/roboi_control' with build type 'ament_cmake'
[3.537s] INFO:colcon.colcon_cmake.task.cmake.build:Building CMake package in '/home/roboi-amr/ros2_ws/src/amr2_packages/roboi_control'
[3.538s] INFO:colcon.colcon_core.shell:Skip shell extension 'powershell' for command environment: Not usable outside of PowerShell
[3.538s] DEBUG:colcon.colcon_core.shell:Skip shell extension 'dsv' for command environment
[3.543s] DEBUG:colcon.colcon_core.event_handler.log_command:Invoking command in '/home/roboi-amr/ros2_ws/src/amr2_packages/build/roboi_amr_control': AMENT_PREFIX_PATH=/home/roboi-amr/ros2_ws/src/amr2_packages/install/roboi_amr_msgs:${AMENT_PREFIX_PATH} CMAKE_PREFIX_PATH=/home/roboi-amr/ros2_ws/src/amr2_packages/install/roboi_amr_msgs:/home/roboi-amr/ros2_ws/install/steering_control:/home/roboi-amr/ros2_ws/install/roboi_msgs:/opt/ros/humble LD_LIBRARY_PATH=/home/roboi-amr/ros2_ws/src/amr2_packages/install/roboi_amr_msgs/lib:${LD_LIBRARY_PATH} PYTHONPATH=/home/roboi-amr/ros2_ws/src/amr2_packages/install/roboi_amr_msgs/local/lib/python3.10/dist-packages:${PYTHONPATH} /usr/bin/cmake /home/roboi-amr/ros2_ws/src/amr2_packages/roboi_control -DCMAKE_INSTALL_PREFIX=/home/roboi-amr/ros2_ws/src/amr2_packages/install/roboi_amr_control
[4.305s] DEBUG:colcon.colcon_core.event_handler.log_command:Invoked command in '/home/roboi-amr/ros2_ws/src/amr2_packages/build/roboi_amr_control' returned '0': AMENT_PREFIX_PATH=/home/roboi-amr/ros2_ws/src/amr2_packages/install/roboi_amr_msgs:${AMENT_PREFIX_PATH} CMAKE_PREFIX_PATH=/home/roboi-amr/ros2_ws/src/amr2_packages/install/roboi_amr_msgs:/home/roboi-amr/ros2_ws/install/steering_control:/home/roboi-amr/ros2_ws/install/roboi_msgs:/opt/ros/humble LD_LIBRARY_PATH=/home/roboi-amr/ros2_ws/src/amr2_packages/install/roboi_amr_msgs/lib:${LD_LIBRARY_PATH} PYTHONPATH=/home/roboi-amr/ros2_ws/src/amr2_packages/install/roboi_amr_msgs/local/lib/python3.10/dist-packages:${PYTHONPATH} /usr/bin/cmake /home/roboi-amr/ros2_ws/src/amr2_packages/roboi_control -DCMAKE_INSTALL_PREFIX=/home/roboi-amr/ros2_ws/src/amr2_packages/install/roboi_amr_control
[4.306s] DEBUG:colcon.colcon_core.event_handler.log_command:Invoking command in '/home/roboi-amr/ros2_ws/src/amr2_packages/build/roboi_amr_control': AMENT_PREFIX_PATH=/home/roboi-amr/ros2_ws/src/amr2_packages/install/roboi_amr_msgs:${AMENT_PREFIX_PATH} CMAKE_PREFIX_PATH=/home/roboi-amr/ros2_ws/src/amr2_packages/install/roboi_amr_msgs:/home/roboi-amr/ros2_ws/install/steering_control:/home/roboi-amr/ros2_ws/install/roboi_msgs:/opt/ros/humble LD_LIBRARY_PATH=/home/roboi-amr/ros2_ws/src/amr2_packages/install/roboi_amr_msgs/lib:${LD_LIBRARY_PATH} PYTHONPATH=/home/roboi-amr/ros2_ws/src/amr2_packages/install/roboi_amr_msgs/local/lib/python3.10/dist-packages:${PYTHONPATH} /usr/bin/cmake --build /home/roboi-amr/ros2_ws/src/amr2_packages/build/roboi_amr_control -- -j8 -l8
[11.509s] DEBUG:colcon.colcon_core.event_handler.log_command:Invoked command in '/home/roboi-amr/ros2_ws/src/amr2_packages/build/roboi_amr_control' returned '0': AMENT_PREFIX_PATH=/home/roboi-amr/ros2_ws/src/amr2_packages/install/roboi_amr_msgs:${AMENT_PREFIX_PATH} CMAKE_PREFIX_PATH=/home/roboi-amr/ros2_ws/src/amr2_packages/install/roboi_amr_msgs:/home/roboi-amr/ros2_ws/install/steering_control:/home/roboi-amr/ros2_ws/install/roboi_msgs:/opt/ros/humble LD_LIBRARY_PATH=/home/roboi-amr/ros2_ws/src/amr2_packages/install/roboi_amr_msgs/lib:${LD_LIBRARY_PATH} PYTHONPATH=/home/roboi-amr/ros2_ws/src/amr2_packages/install/roboi_amr_msgs/local/lib/python3.10/dist-packages:${PYTHONPATH} /usr/bin/cmake --build /home/roboi-amr/ros2_ws/src/amr2_packages/build/roboi_amr_control -- -j8 -l8
[11.528s] DEBUG:colcon.colcon_core.event_handler.log_command:Invoking command in '/home/roboi-amr/ros2_ws/src/amr2_packages/build/roboi_amr_control': AMENT_PREFIX_PATH=/home/roboi-amr/ros2_ws/src/amr2_packages/install/roboi_amr_msgs:${AMENT_PREFIX_PATH} CMAKE_PREFIX_PATH=/home/roboi-amr/ros2_ws/src/amr2_packages/install/roboi_amr_msgs:/home/roboi-amr/ros2_ws/install/steering_control:/home/roboi-amr/ros2_ws/install/roboi_msgs:/opt/ros/humble LD_LIBRARY_PATH=/home/roboi-amr/ros2_ws/src/amr2_packages/install/roboi_amr_msgs/lib:${LD_LIBRARY_PATH} PYTHONPATH=/home/roboi-amr/ros2_ws/src/amr2_packages/install/roboi_amr_msgs/local/lib/python3.10/dist-packages:${PYTHONPATH} /usr/bin/cmake --install /home/roboi-amr/ros2_ws/src/amr2_packages/build/roboi_amr_control
[11.539s] Level 1:colcon.colcon_core.environment:create_environment_scripts_only(roboi_amr_control)
[11.539s] Level 1:colcon.colcon_core.environment:checking '/home/roboi-amr/ros2_ws/src/amr2_packages/install/roboi_amr_control' for CMake module files
[11.539s] DEBUG:colcon.colcon_core.event_handler.log_command:Invoked command in '/home/roboi-amr/ros2_ws/src/amr2_packages/build/roboi_amr_control' returned '0': AMENT_PREFIX_PATH=/home/roboi-amr/ros2_ws/src/amr2_packages/install/roboi_amr_msgs:${AMENT_PREFIX_PATH} CMAKE_PREFIX_PATH=/home/roboi-amr/ros2_ws/src/amr2_packages/install/roboi_amr_msgs:/home/roboi-amr/ros2_ws/install/steering_control:/home/roboi-amr/ros2_ws/install/roboi_msgs:/opt/ros/humble LD_LIBRARY_PATH=/home/roboi-amr/ros2_ws/src/amr2_packages/install/roboi_amr_msgs/lib:${LD_LIBRARY_PATH} PYTHONPATH=/home/roboi-amr/ros2_ws/src/amr2_packages/install/roboi_amr_msgs/local/lib/python3.10/dist-packages:${PYTHONPATH} /usr/bin/cmake --install /home/roboi-amr/ros2_ws/src/amr2_packages/build/roboi_amr_control
[11.539s] Level 1:colcon.colcon_core.environment:checking '/home/roboi-amr/ros2_ws/src/amr2_packages/install/roboi_amr_control' for CMake config files
[11.539s] Level 1:colcon.colcon_core.shell:create_environment_hook('roboi_amr_control', 'cmake_prefix_path')
[11.539s] INFO:colcon.colcon_core.shell:Creating environment hook '/home/roboi-amr/ros2_ws/src/amr2_packages/install/roboi_amr_control/share/roboi_amr_control/hook/cmake_prefix_path.ps1'
[11.540s] INFO:colcon.colcon_core.shell:Creating environment descriptor '/home/roboi-amr/ros2_ws/src/amr2_packages/install/roboi_amr_control/share/roboi_amr_control/hook/cmake_prefix_path.dsv'
[11.540s] INFO:colcon.colcon_core.shell:Creating environment hook '/home/roboi-amr/ros2_ws/src/amr2_packages/install/roboi_amr_control/share/roboi_amr_control/hook/cmake_prefix_path.sh'
[11.540s] Level 1:colcon.colcon_core.environment:checking '/home/roboi-amr/ros2_ws/src/amr2_packages/install/roboi_amr_control/lib'
[11.540s] Level 1:colcon.colcon_core.environment:checking '/home/roboi-amr/ros2_ws/src/amr2_packages/install/roboi_amr_control/bin'
[11.540s] Level 1:colcon.colcon_core.environment:checking '/home/roboi-amr/ros2_ws/src/amr2_packages/install/roboi_amr_control/lib/pkgconfig/roboi_amr_control.pc'
[11.541s] Level 1:colcon.colcon_core.environment:checking '/home/roboi-amr/ros2_ws/src/amr2_packages/install/roboi_amr_control/lib/python3.10/site-packages'
[11.541s] Level 1:colcon.colcon_core.environment:checking '/home/roboi-amr/ros2_ws/src/amr2_packages/install/roboi_amr_control/bin'
[11.541s] INFO:colcon.colcon_core.shell:Creating package script '/home/roboi-amr/ros2_ws/src/amr2_packages/install/roboi_amr_control/share/roboi_amr_control/package.ps1'
[11.541s] INFO:colcon.colcon_core.shell:Creating package descriptor '/home/roboi-amr/ros2_ws/src/amr2_packages/install/roboi_amr_control/share/roboi_amr_control/package.dsv'
[11.542s] INFO:colcon.colcon_core.shell:Creating package script '/home/roboi-amr/ros2_ws/src/amr2_packages/install/roboi_amr_control/share/roboi_amr_control/package.sh'
[11.542s] INFO:colcon.colcon_core.shell:Creating package script '/home/roboi-amr/ros2_ws/src/amr2_packages/install/roboi_amr_control/share/roboi_amr_control/package.bash'
[11.542s] INFO:colcon.colcon_core.shell:Creating package script '/home/roboi-amr/ros2_ws/src/amr2_packages/install/roboi_amr_control/share/roboi_amr_control/package.zsh'
[11.542s] Level 1:colcon.colcon_core.environment:create_file_with_runtime_dependencies(/home/roboi-amr/ros2_ws/src/amr2_packages/install/roboi_amr_control/share/colcon-core/packages/roboi_amr_control)
[11.561s] Level 1:colcon.colcon_core.environment:create_environment_scripts_only(roboi_amr_control)
[11.561s] Level 1:colcon.colcon_core.environment:checking '/home/roboi-amr/ros2_ws/src/amr2_packages/install/roboi_amr_control' for CMake module files
[11.562s] Level 1:colcon.colcon_core.environment:checking '/home/roboi-amr/ros2_ws/src/amr2_packages/install/roboi_amr_control' for CMake config files
[11.562s] Level 1:colcon.colcon_core.shell:create_environment_hook('roboi_amr_control', 'cmake_prefix_path')
[11.562s] INFO:colcon.colcon_core.shell:Creating environment hook '/home/roboi-amr/ros2_ws/src/amr2_packages/install/roboi_amr_control/share/roboi_amr_control/hook/cmake_prefix_path.ps1'
[11.562s] INFO:colcon.colcon_core.shell:Creating environment descriptor '/home/roboi-amr/ros2_ws/src/amr2_packages/install/roboi_amr_control/share/roboi_amr_control/hook/cmake_prefix_path.dsv'
[11.562s] INFO:colcon.colcon_core.shell:Creating environment hook '/home/roboi-amr/ros2_ws/src/amr2_packages/install/roboi_amr_control/share/roboi_amr_control/hook/cmake_prefix_path.sh'
[11.563s] Level 1:colcon.colcon_core.environment:checking '/home/roboi-amr/ros2_ws/src/amr2_packages/install/roboi_amr_control/lib'
[11.563s] Level 1:colcon.colcon_core.environment:checking '/home/roboi-amr/ros2_ws/src/amr2_packages/install/roboi_amr_control/bin'
[11.563s] Level 1:colcon.colcon_core.environment:checking '/home/roboi-amr/ros2_ws/src/amr2_packages/install/roboi_amr_control/lib/pkgconfig/roboi_amr_control.pc'
[11.563s] Level 1:colcon.colcon_core.environment:checking '/home/roboi-amr/ros2_ws/src/amr2_packages/install/roboi_amr_control/lib/python3.10/site-packages'
[11.563s] Level 1:colcon.colcon_core.environment:checking '/home/roboi-amr/ros2_ws/src/amr2_packages/install/roboi_amr_control/bin'
[11.563s] INFO:colcon.colcon_core.shell:Creating package script '/home/roboi-amr/ros2_ws/src/amr2_packages/install/roboi_amr_control/share/roboi_amr_control/package.ps1'
[11.564s] INFO:colcon.colcon_core.shell:Creating package descriptor '/home/roboi-amr/ros2_ws/src/amr2_packages/install/roboi_amr_control/share/roboi_amr_control/package.dsv'
[11.564s] INFO:colcon.colcon_core.shell:Creating package script '/home/roboi-amr/ros2_ws/src/amr2_packages/install/roboi_amr_control/share/roboi_amr_control/package.sh'
[11.564s] INFO:colcon.colcon_core.shell:Creating package script '/home/roboi-amr/ros2_ws/src/amr2_packages/install/roboi_amr_control/share/roboi_amr_control/package.bash'
[11.564s] INFO:colcon.colcon_core.shell:Creating package script '/home/roboi-amr/ros2_ws/src/amr2_packages/install/roboi_amr_control/share/roboi_amr_control/package.zsh'
[11.565s] Level 1:colcon.colcon_core.environment:create_file_with_runtime_dependencies(/home/roboi-amr/ros2_ws/src/amr2_packages/install/roboi_amr_control/share/colcon-core/packages/roboi_amr_control)
[11.565s] DEBUG:colcon.colcon_parallel_executor.executor.parallel:closing loop
[11.565s] DEBUG:colcon.colcon_parallel_executor.executor.parallel:loop closed
[11.565s] DEBUG:colcon.colcon_parallel_executor.executor.parallel:run_until_complete finished with '0'
[11.565s] DEBUG:colcon.colcon_core.event_reactor:joining thread
[11.569s] INFO:colcon.colcon_core.plugin_system:Skipping extension 'colcon_notification.desktop_notification.terminal_notifier': Not used on non-Darwin systems
[11.569s] INFO:colcon.colcon_core.plugin_system:Skipping extension 'colcon_notification.desktop_notification.win32': Not used on non-Windows systems
[11.569s] INFO:colcon.colcon_notification.desktop_notification:Sending desktop notification using 'notify2'
[11.592s] DEBUG:colcon.colcon_core.event_reactor:joined thread
[11.593s] INFO:colcon.colcon_core.shell:Creating prefix script '/home/roboi-amr/ros2_ws/src/amr2_packages/install/local_setup.ps1'
[11.593s] INFO:colcon.colcon_core.shell:Creating prefix util module '/home/roboi-amr/ros2_ws/src/amr2_packages/install/_local_setup_util_ps1.py'
[11.594s] INFO:colcon.colcon_core.shell:Creating prefix chain script '/home/roboi-amr/ros2_ws/src/amr2_packages/install/setup.ps1'
[11.595s] INFO:colcon.colcon_core.shell:Creating prefix script '/home/roboi-amr/ros2_ws/src/amr2_packages/install/local_setup.sh'
[11.595s] INFO:colcon.colcon_core.shell:Creating prefix util module '/home/roboi-amr/ros2_ws/src/amr2_packages/install/_local_setup_util_sh.py'
[11.596s] INFO:colcon.colcon_core.shell:Creating prefix chain script '/home/roboi-amr/ros2_ws/src/amr2_packages/install/setup.sh'
[11.596s] INFO:colcon.colcon_core.shell:Creating prefix script '/home/roboi-amr/ros2_ws/src/amr2_packages/install/local_setup.bash'
[11.597s] INFO:colcon.colcon_core.shell:Creating prefix chain script '/home/roboi-amr/ros2_ws/src/amr2_packages/install/setup.bash'
[11.597s] INFO:colcon.colcon_core.shell:Creating prefix script '/home/roboi-amr/ros2_ws/src/amr2_packages/install/local_setup.zsh'
[11.598s] INFO:colcon.colcon_core.shell:Creating prefix chain script '/home/roboi-amr/ros2_ws/src/amr2_packages/install/setup.zsh'
