[0.007s] Invoking command in '/home/roboi-amr/ros2_ws/src/amr2_packages/build/roboi_amr_msgs': CMAKE_PREFIX_PATH=${CMAKE_PREFIX_PATH}:/opt/ros/humble /usr/bin/cmake --build /home/roboi-amr/ros2_ws/src/amr2_packages/build/roboi_amr_msgs -- -j8 -l8
[0.036s] -- Found ament_cmake: 1.3.10 (/opt/ros/humble/share/ament_cmake/cmake)
[0.121s] -- Found builtin_interfaces: 1.2.1 (/opt/ros/humble/share/builtin_interfaces/cmake)
[0.141s] -- Found rosidl_generator_c: 3.1.5 (/opt/ros/humble/share/rosidl_generator_c/cmake)
[0.143s] -- Found rosidl_adapter: 3.1.5 (/opt/ros/humble/share/rosidl_adapter/cmake)
[0.148s] -- Found rosidl_generator_cpp: 3.1.5 (/opt/ros/humble/share/rosidl_generator_cpp/cmake)
[0.155s] -- Using all available rosidl_typesupport_c: rosidl_typesupport_fastrtps_c;rosidl_typesupport_introspection_c
[0.165s] -- Using all available rosidl_typesupport_cpp: rosidl_typesupport_fastrtps_cpp;rosidl_typesupport_introspection_cpp
[0.173s] -- Found rosidl_default_generators: 1.2.0 (/opt/ros/humble/share/rosidl_default_generators/cmake)
[0.178s] -- Found std_msgs: 4.2.4 (/opt/ros/humble/share/std_msgs/cmake)
[0.355s] -- Found ament_cmake_ros: 0.10.0 (/opt/ros/humble/share/ament_cmake_ros/cmake)
[0.584s] -- Using all available rosidl_typesupport_c: rosidl_typesupport_fastrtps_c;rosidl_typesupport_introspection_c
[0.675s] -- Using all available rosidl_typesupport_cpp: rosidl_typesupport_fastrtps_cpp;rosidl_typesupport_introspection_cpp
[0.688s] -- Found python_cmake_module: 0.10.0 (/opt/ros/humble/share/python_cmake_module/cmake)
[0.702s] -- Using PYTHON_EXECUTABLE: /usr/bin/python3
[0.702s] -- Using PYTHON_INCLUDE_DIRS: /usr/include/python3.10
[0.702s] -- Using PYTHON_LIBRARIES: /usr/lib/x86_64-linux-gnu/libpython3.10.so
[0.725s] -- Configuring done
[0.764s] -- Generating done
[0.767s] -- Build files have been written to: /home/roboi-amr/ros2_ws/src/amr2_packages/build/roboi_amr_msgs
[0.784s] [  2%] [34m[1mGenerating C code for ROS interfaces[0m
[0.790s] [  4%] [34m[1mGenerating C++ code for ROS interfaces[0m
[0.797s] [  4%] Built target ament_cmake_python_copy_roboi_amr_msgs
[0.955s] running egg_info
[0.956s] writing roboi_amr_msgs.egg-info/PKG-INFO
[0.956s] writing dependency_links to roboi_amr_msgs.egg-info/dependency_links.txt
[0.956s] writing top-level names to roboi_amr_msgs.egg-info/top_level.txt
[0.957s] reading manifest file 'roboi_amr_msgs.egg-info/SOURCES.txt'
[0.958s] writing manifest file 'roboi_amr_msgs.egg-info/SOURCES.txt'
[0.975s] [  4%] Built target ament_cmake_python_build_roboi_amr_msgs_egg
[1.052s] [  4%] Built target roboi_amr_msgs__cpp
[1.056s] [35m[1mConsolidate compiler generated dependencies of target roboi_amr_msgs__rosidl_generator_c[0m
[1.058s] [  8%] [34m[1mGenerating C++ type support for eProsima Fast-RTPS[0m
[1.058s] [  8%] [34m[1mGenerating C++ type support dispatch for ROS interfaces[0m
[1.058s] [ 10%] [34m[1mGenerating C++ introspection for ROS interfaces[0m
[1.066s] [ 14%] [32mBuilding C object CMakeFiles/roboi_amr_msgs__rosidl_generator_c.dir/rosidl_generator_c/roboi_amr_msgs/msg/detail/angle_status__functions.c.o[0m
[1.066s] [ 14%] [32mBuilding C object CMakeFiles/roboi_amr_msgs__rosidl_generator_c.dir/rosidl_generator_c/roboi_amr_msgs/msg/detail/ledcommand__functions.c.o[0m
[1.066s] [ 17%] [32mBuilding C object CMakeFiles/roboi_amr_msgs__rosidl_generator_c.dir/rosidl_generator_c/roboi_amr_msgs/msg/detail/udpmsg__functions.c.o[0m
[1.145s] [ 19%] [32m[1mLinking C shared library libroboi_amr_msgs__rosidl_generator_c.so[0m
[1.188s] [ 19%] Built target roboi_amr_msgs__rosidl_generator_c
[1.199s] [ 23%] [34m[1mGenerating C type support for eProsima Fast-RTPS[0m
[1.199s] [ 23%] [34m[1mGenerating C type support dispatch for ROS interfaces[0m
[1.199s] [ 25%] [34m[1mGenerating C introspection for ROS interfaces[0m
[1.309s] [35m[1mConsolidate compiler generated dependencies of target roboi_amr_msgs__rosidl_typesupport_cpp[0m
[1.329s] [ 27%] [32mBuilding CXX object CMakeFiles/roboi_amr_msgs__rosidl_typesupport_cpp.dir/rosidl_typesupport_cpp/roboi_amr_msgs/msg/ledcommand__type_support.cpp.o[0m
[1.330s] [ 29%] [32mBuilding CXX object CMakeFiles/roboi_amr_msgs__rosidl_typesupport_cpp.dir/rosidl_typesupport_cpp/roboi_amr_msgs/msg/udpmsg__type_support.cpp.o[0m
[1.333s] [ 31%] [32mBuilding CXX object CMakeFiles/roboi_amr_msgs__rosidl_typesupport_cpp.dir/rosidl_typesupport_cpp/roboi_amr_msgs/msg/angle_status__type_support.cpp.o[0m
[1.459s] [35m[1mConsolidate compiler generated dependencies of target roboi_amr_msgs__rosidl_typesupport_fastrtps_cpp[0m
[1.471s] [ 34%] [32mBuilding CXX object CMakeFiles/roboi_amr_msgs__rosidl_typesupport_fastrtps_cpp.dir/rosidl_typesupport_fastrtps_cpp/roboi_amr_msgs/msg/detail/dds_fastrtps/angle_status__type_support.cpp.o[0m
[1.482s] [35m[1mConsolidate compiler generated dependencies of target roboi_amr_msgs__rosidl_typesupport_introspection_cpp[0m
[1.498s] [ 36%] [32mBuilding CXX object CMakeFiles/roboi_amr_msgs__rosidl_typesupport_introspection_cpp.dir/rosidl_typesupport_introspection_cpp/roboi_amr_msgs/msg/detail/angle_status__type_support.cpp.o[0m
[1.548s] [35m[1mConsolidate compiler generated dependencies of target roboi_amr_msgs__rosidl_typesupport_c[0m
[1.578s] [ 38%] [32mBuilding CXX object CMakeFiles/roboi_amr_msgs__rosidl_typesupport_c.dir/rosidl_typesupport_c/roboi_amr_msgs/msg/angle_status__type_support.cpp.o[0m
[1.678s] [ 40%] [32mBuilding CXX object CMakeFiles/roboi_amr_msgs__rosidl_typesupport_c.dir/rosidl_typesupport_c/roboi_amr_msgs/msg/ledcommand__type_support.cpp.o[0m
[1.680s] [35m[1mConsolidate compiler generated dependencies of target roboi_amr_msgs__rosidl_typesupport_fastrtps_c[0m
[1.700s] [ 42%] [32mBuilding CXX object CMakeFiles/roboi_amr_msgs__rosidl_typesupport_fastrtps_c.dir/rosidl_typesupport_fastrtps_c/roboi_amr_msgs/msg/detail/angle_status__type_support_c.cpp.o[0m
[1.702s] [35m[1mConsolidate compiler generated dependencies of target roboi_amr_msgs__rosidl_typesupport_introspection_c[0m
[1.715s] [ 44%] [32mBuilding CXX object CMakeFiles/roboi_amr_msgs__rosidl_typesupport_c.dir/rosidl_typesupport_c/roboi_amr_msgs/msg/udpmsg__type_support.cpp.o[0m
[1.725s] [ 46%] [32mBuilding C object CMakeFiles/roboi_amr_msgs__rosidl_typesupport_introspection_c.dir/rosidl_typesupport_introspection_c/roboi_amr_msgs/msg/detail/angle_status__type_support.c.o[0m
[1.726s] [ 48%] [32mBuilding C object CMakeFiles/roboi_amr_msgs__rosidl_typesupport_introspection_c.dir/rosidl_typesupport_introspection_c/roboi_amr_msgs/msg/detail/ledcommand__type_support.c.o[0m
[1.726s] [ 51%] [32mBuilding CXX object CMakeFiles/roboi_amr_msgs__rosidl_typesupport_fastrtps_c.dir/rosidl_typesupport_fastrtps_c/roboi_amr_msgs/msg/detail/ledcommand__type_support_c.cpp.o[0m
[1.767s] [ 53%] [32m[1mLinking CXX shared library libroboi_amr_msgs__rosidl_typesupport_c.so[0m
[1.767s] [ 55%] [32m[1mLinking CXX shared library libroboi_amr_msgs__rosidl_typesupport_cpp.so[0m
[1.767s] [ 57%] [32mBuilding CXX object CMakeFiles/roboi_amr_msgs__rosidl_typesupport_fastrtps_cpp.dir/rosidl_typesupport_fastrtps_cpp/roboi_amr_msgs/msg/detail/dds_fastrtps/ledcommand__type_support.cpp.o[0m
[1.769s] [ 59%] [32mBuilding C object CMakeFiles/roboi_amr_msgs__rosidl_typesupport_introspection_c.dir/rosidl_typesupport_introspection_c/roboi_amr_msgs/msg/detail/udpmsg__type_support.c.o[0m
[1.811s] [ 61%] [32m[1mLinking C shared library libroboi_amr_msgs__rosidl_typesupport_introspection_c.so[0m
[1.818s] [ 61%] Built target roboi_amr_msgs__rosidl_typesupport_cpp
[1.829s] [ 63%] [32mBuilding CXX object CMakeFiles/roboi_amr_msgs__rosidl_typesupport_fastrtps_cpp.dir/rosidl_typesupport_fastrtps_cpp/roboi_amr_msgs/msg/detail/dds_fastrtps/udpmsg__type_support.cpp.o[0m
[1.829s] [ 63%] Built target roboi_amr_msgs__rosidl_typesupport_c
[1.838s] [ 65%] [32mBuilding CXX object CMakeFiles/roboi_amr_msgs__rosidl_typesupport_fastrtps_c.dir/rosidl_typesupport_fastrtps_c/roboi_amr_msgs/msg/detail/udpmsg__type_support_c.cpp.o[0m
[1.860s] [ 65%] Built target roboi_amr_msgs__rosidl_typesupport_introspection_c
[1.875s] [ 68%] [32mBuilding CXX object CMakeFiles/roboi_amr_msgs__rosidl_typesupport_introspection_cpp.dir/rosidl_typesupport_introspection_cpp/roboi_amr_msgs/msg/detail/ledcommand__type_support.cpp.o[0m
[1.921s] [ 70%] [32mBuilding CXX object CMakeFiles/roboi_amr_msgs__rosidl_typesupport_introspection_cpp.dir/rosidl_typesupport_introspection_cpp/roboi_amr_msgs/msg/detail/udpmsg__type_support.cpp.o[0m
[2.182s] [ 72%] [32m[1mLinking CXX shared library libroboi_amr_msgs__rosidl_typesupport_fastrtps_c.so[0m
[2.194s] [ 74%] [32m[1mLinking CXX shared library libroboi_amr_msgs__rosidl_typesupport_fastrtps_cpp.so[0m
[2.245s] [ 74%] Built target roboi_amr_msgs__rosidl_typesupport_fastrtps_c
[2.255s] [ 74%] Built target roboi_amr_msgs__rosidl_typesupport_fastrtps_cpp
[2.290s] [ 76%] [32m[1mLinking CXX shared library libroboi_amr_msgs__rosidl_typesupport_introspection_cpp.so[0m
[2.330s] [ 76%] Built target roboi_amr_msgs__rosidl_typesupport_introspection_cpp
[2.342s] [ 76%] Built target roboi_amr_msgs
[2.354s] [ 78%] [34m[1mGenerating Python code for ROS interfaces[0m
[2.702s] [ 78%] Built target roboi_amr_msgs__py
[2.709s] [35m[1mConsolidate compiler generated dependencies of target roboi_amr_msgs__rosidl_generator_py[0m
[2.719s] [ 80%] [32mBuilding C object CMakeFiles/roboi_amr_msgs__rosidl_generator_py.dir/rosidl_generator_py/roboi_amr_msgs/msg/_ledcommand_s.c.o[0m
[2.720s] [ 82%] [32mBuilding C object CMakeFiles/roboi_amr_msgs__rosidl_generator_py.dir/rosidl_generator_py/roboi_amr_msgs/msg/_angle_status_s.c.o[0m
[2.720s] [ 85%] [32mBuilding C object CMakeFiles/roboi_amr_msgs__rosidl_generator_py.dir/rosidl_generator_py/roboi_amr_msgs/msg/_udpmsg_s.c.o[0m
[2.800s] [ 87%] [32m[1mLinking C shared library rosidl_generator_py/roboi_amr_msgs/libroboi_amr_msgs__rosidl_generator_py.so[0m
[2.827s] [ 87%] Built target roboi_amr_msgs__rosidl_generator_py
[2.834s] [35m[1mConsolidate compiler generated dependencies of target roboi_amr_msgs__rosidl_typesupport_introspection_c__pyext[0m
[2.834s] [35m[1mConsolidate compiler generated dependencies of target roboi_amr_msgs__rosidl_typesupport_fastrtps_c__pyext[0m
[2.834s] [35m[1mConsolidate compiler generated dependencies of target roboi_amr_msgs__rosidl_typesupport_c__pyext[0m
[2.842s] [ 91%] [32mBuilding C object CMakeFiles/roboi_amr_msgs__rosidl_typesupport_fastrtps_c__pyext.dir/rosidl_generator_py/roboi_amr_msgs/_roboi_amr_msgs_s.ep.rosidl_typesupport_fastrtps_c.c.o[0m
[2.842s] [ 91%] [32mBuilding C object CMakeFiles/roboi_amr_msgs__rosidl_typesupport_c__pyext.dir/rosidl_generator_py/roboi_amr_msgs/_roboi_amr_msgs_s.ep.rosidl_typesupport_c.c.o[0m
[2.844s] [ 93%] [32mBuilding C object CMakeFiles/roboi_amr_msgs__rosidl_typesupport_introspection_c__pyext.dir/rosidl_generator_py/roboi_amr_msgs/_roboi_amr_msgs_s.ep.rosidl_typesupport_introspection_c.c.o[0m
[2.908s] [ 97%] [32m[1mLinking C shared library rosidl_generator_py/roboi_amr_msgs/roboi_amr_msgs_s__rosidl_typesupport_c.cpython-310-x86_64-linux-gnu.so[0m
[2.908s] [ 97%] [32m[1mLinking C shared library rosidl_generator_py/roboi_amr_msgs/roboi_amr_msgs_s__rosidl_typesupport_fastrtps_c.cpython-310-x86_64-linux-gnu.so[0m
[2.932s] [ 97%] Built target roboi_amr_msgs__rosidl_typesupport_c__pyext
[2.932s] [ 97%] Built target roboi_amr_msgs__rosidl_typesupport_fastrtps_c__pyext
[2.950s] [100%] [32m[1mLinking C shared library rosidl_generator_py/roboi_amr_msgs/roboi_amr_msgs_s__rosidl_typesupport_introspection_c.cpython-310-x86_64-linux-gnu.so[0m
[2.974s] [100%] Built target roboi_amr_msgs__rosidl_typesupport_introspection_c__pyext
[2.981s] Invoked command in '/home/roboi-amr/ros2_ws/src/amr2_packages/build/roboi_amr_msgs' returned '0': CMAKE_PREFIX_PATH=${CMAKE_PREFIX_PATH}:/opt/ros/humble /usr/bin/cmake --build /home/roboi-amr/ros2_ws/src/amr2_packages/build/roboi_amr_msgs -- -j8 -l8
[3.041s] Invoking command in '/home/roboi-amr/ros2_ws/src/amr2_packages/build/roboi_amr_msgs': CMAKE_PREFIX_PATH=${CMAKE_PREFIX_PATH}:/opt/ros/humble /usr/bin/cmake --install /home/roboi-amr/ros2_ws/src/amr2_packages/build/roboi_amr_msgs
[3.045s] -- Install configuration: ""
[3.046s] -- Up-to-date: /home/roboi-amr/ros2_ws/src/amr2_packages/install/roboi_amr_msgs/share/ament_index/resource_index/rosidl_interfaces/roboi_amr_msgs
[3.046s] -- Up-to-date: /home/roboi-amr/ros2_ws/src/amr2_packages/install/roboi_amr_msgs/include/roboi_amr_msgs/roboi_amr_msgs
[3.046s] -- Up-to-date: /home/roboi-amr/ros2_ws/src/amr2_packages/install/roboi_amr_msgs/include/roboi_amr_msgs/roboi_amr_msgs/msg
[3.046s] -- Installing: /home/roboi-amr/ros2_ws/src/amr2_packages/install/roboi_amr_msgs/include/roboi_amr_msgs/roboi_amr_msgs/msg/udpmsg.h
[3.046s] -- Installing: /home/roboi-amr/ros2_ws/src/amr2_packages/install/roboi_amr_msgs/include/roboi_amr_msgs/roboi_amr_msgs/msg/ledcommand.h
[3.046s] -- Up-to-date: /home/roboi-amr/ros2_ws/src/amr2_packages/install/roboi_amr_msgs/include/roboi_amr_msgs/roboi_amr_msgs/msg/detail
[3.046s] -- Installing: /home/roboi-amr/ros2_ws/src/amr2_packages/install/roboi_amr_msgs/include/roboi_amr_msgs/roboi_amr_msgs/msg/detail/ledcommand__struct.h
[3.046s] -- Installing: /home/roboi-amr/ros2_ws/src/amr2_packages/install/roboi_amr_msgs/include/roboi_amr_msgs/roboi_amr_msgs/msg/detail/udpmsg__functions.h
[3.046s] -- Installing: /home/roboi-amr/ros2_ws/src/amr2_packages/install/roboi_amr_msgs/include/roboi_amr_msgs/roboi_amr_msgs/msg/detail/angle_status__type_support.h
[3.046s] -- Installing: /home/roboi-amr/ros2_ws/src/amr2_packages/install/roboi_amr_msgs/include/roboi_amr_msgs/roboi_amr_msgs/msg/detail/udpmsg__functions.c
[3.046s] -- Installing: /home/roboi-amr/ros2_ws/src/amr2_packages/install/roboi_amr_msgs/include/roboi_amr_msgs/roboi_amr_msgs/msg/detail/udpmsg__struct.h
[3.046s] -- Installing: /home/roboi-amr/ros2_ws/src/amr2_packages/install/roboi_amr_msgs/include/roboi_amr_msgs/roboi_amr_msgs/msg/detail/ledcommand__functions.h
[3.046s] -- Installing: /home/roboi-amr/ros2_ws/src/amr2_packages/install/roboi_amr_msgs/include/roboi_amr_msgs/roboi_amr_msgs/msg/detail/ledcommand__type_support.h
[3.047s] -- Installing: /home/roboi-amr/ros2_ws/src/amr2_packages/install/roboi_amr_msgs/include/roboi_amr_msgs/roboi_amr_msgs/msg/detail/angle_status__struct.h
[3.047s] -- Installing: /home/roboi-amr/ros2_ws/src/amr2_packages/install/roboi_amr_msgs/include/roboi_amr_msgs/roboi_amr_msgs/msg/detail/angle_status__functions.c
[3.047s] -- Installing: /home/roboi-amr/ros2_ws/src/amr2_packages/install/roboi_amr_msgs/include/roboi_amr_msgs/roboi_amr_msgs/msg/detail/angle_status__functions.h
[3.047s] -- Installing: /home/roboi-amr/ros2_ws/src/amr2_packages/install/roboi_amr_msgs/include/roboi_amr_msgs/roboi_amr_msgs/msg/detail/udpmsg__type_support.h
[3.047s] -- Installing: /home/roboi-amr/ros2_ws/src/amr2_packages/install/roboi_amr_msgs/include/roboi_amr_msgs/roboi_amr_msgs/msg/detail/ledcommand__functions.c
[3.047s] -- Up-to-date: /home/roboi-amr/ros2_ws/src/amr2_packages/install/roboi_amr_msgs/include/roboi_amr_msgs/roboi_amr_msgs/msg/rosidl_generator_c__visibility_control.h
[3.047s] -- Installing: /home/roboi-amr/ros2_ws/src/amr2_packages/install/roboi_amr_msgs/include/roboi_amr_msgs/roboi_amr_msgs/msg/angle_status.h
[3.047s] -- Up-to-date: /home/roboi-amr/ros2_ws/src/amr2_packages/install/roboi_amr_msgs/share/roboi_amr_msgs/environment/library_path.sh
[3.047s] -- Installing: /home/roboi-amr/ros2_ws/src/amr2_packages/install/roboi_amr_msgs/share/roboi_amr_msgs/environment/library_path.dsv
[3.052s] -- Installing: /home/roboi-amr/ros2_ws/src/amr2_packages/install/roboi_amr_msgs/lib/libroboi_amr_msgs__rosidl_generator_c.so
[3.052s] -- Set runtime path of "/home/roboi-amr/ros2_ws/src/amr2_packages/install/roboi_amr_msgs/lib/libroboi_amr_msgs__rosidl_generator_c.so" to ""
[3.052s] -- Up-to-date: /home/roboi-amr/ros2_ws/src/amr2_packages/install/roboi_amr_msgs/include/roboi_amr_msgs/roboi_amr_msgs
[3.052s] -- Up-to-date: /home/roboi-amr/ros2_ws/src/amr2_packages/install/roboi_amr_msgs/include/roboi_amr_msgs/roboi_amr_msgs/msg
[3.053s] -- Up-to-date: /home/roboi-amr/ros2_ws/src/amr2_packages/install/roboi_amr_msgs/include/roboi_amr_msgs/roboi_amr_msgs/msg/rosidl_typesupport_fastrtps_c__visibility_control.h
[3.053s] -- Up-to-date: /home/roboi-amr/ros2_ws/src/amr2_packages/install/roboi_amr_msgs/include/roboi_amr_msgs/roboi_amr_msgs/msg/detail
[3.053s] -- Installing: /home/roboi-amr/ros2_ws/src/amr2_packages/install/roboi_amr_msgs/include/roboi_amr_msgs/roboi_amr_msgs/msg/detail/ledcommand__rosidl_typesupport_fastrtps_c.h
[3.053s] -- Installing: /home/roboi-amr/ros2_ws/src/amr2_packages/install/roboi_amr_msgs/include/roboi_amr_msgs/roboi_amr_msgs/msg/detail/udpmsg__rosidl_typesupport_fastrtps_c.h
[3.053s] -- Installing: /home/roboi-amr/ros2_ws/src/amr2_packages/install/roboi_amr_msgs/include/roboi_amr_msgs/roboi_amr_msgs/msg/detail/angle_status__rosidl_typesupport_fastrtps_c.h
[3.053s] -- Installing: /home/roboi-amr/ros2_ws/src/amr2_packages/install/roboi_amr_msgs/lib/libroboi_amr_msgs__rosidl_typesupport_fastrtps_c.so
[3.054s] -- Set runtime path of "/home/roboi-amr/ros2_ws/src/amr2_packages/install/roboi_amr_msgs/lib/libroboi_amr_msgs__rosidl_typesupport_fastrtps_c.so" to ""
[3.054s] -- Up-to-date: /home/roboi-amr/ros2_ws/src/amr2_packages/install/roboi_amr_msgs/include/roboi_amr_msgs/roboi_amr_msgs
[3.054s] -- Up-to-date: /home/roboi-amr/ros2_ws/src/amr2_packages/install/roboi_amr_msgs/include/roboi_amr_msgs/roboi_amr_msgs/msg
[3.054s] -- Installing: /home/roboi-amr/ros2_ws/src/amr2_packages/install/roboi_amr_msgs/include/roboi_amr_msgs/roboi_amr_msgs/msg/udpmsg.hpp
[3.054s] -- Up-to-date: /home/roboi-amr/ros2_ws/src/amr2_packages/install/roboi_amr_msgs/include/roboi_amr_msgs/roboi_amr_msgs/msg/detail
[3.054s] -- Installing: /home/roboi-amr/ros2_ws/src/amr2_packages/install/roboi_amr_msgs/include/roboi_amr_msgs/roboi_amr_msgs/msg/detail/angle_status__struct.hpp
[3.054s] -- Installing: /home/roboi-amr/ros2_ws/src/amr2_packages/install/roboi_amr_msgs/include/roboi_amr_msgs/roboi_amr_msgs/msg/detail/udpmsg__builder.hpp
[3.054s] -- Installing: /home/roboi-amr/ros2_ws/src/amr2_packages/install/roboi_amr_msgs/include/roboi_amr_msgs/roboi_amr_msgs/msg/detail/udpmsg__struct.hpp
[3.054s] -- Installing: /home/roboi-amr/ros2_ws/src/amr2_packages/install/roboi_amr_msgs/include/roboi_amr_msgs/roboi_amr_msgs/msg/detail/angle_status__builder.hpp
[3.054s] -- Installing: /home/roboi-amr/ros2_ws/src/amr2_packages/install/roboi_amr_msgs/include/roboi_amr_msgs/roboi_amr_msgs/msg/detail/ledcommand__builder.hpp
[3.054s] -- Installing: /home/roboi-amr/ros2_ws/src/amr2_packages/install/roboi_amr_msgs/include/roboi_amr_msgs/roboi_amr_msgs/msg/detail/ledcommand__traits.hpp
[3.054s] -- Installing: /home/roboi-amr/ros2_ws/src/amr2_packages/install/roboi_amr_msgs/include/roboi_amr_msgs/roboi_amr_msgs/msg/detail/angle_status__traits.hpp
[3.055s] -- Installing: /home/roboi-amr/ros2_ws/src/amr2_packages/install/roboi_amr_msgs/include/roboi_amr_msgs/roboi_amr_msgs/msg/detail/udpmsg__traits.hpp
[3.055s] -- Installing: /home/roboi-amr/ros2_ws/src/amr2_packages/install/roboi_amr_msgs/include/roboi_amr_msgs/roboi_amr_msgs/msg/detail/ledcommand__struct.hpp
[3.055s] -- Installing: /home/roboi-amr/ros2_ws/src/amr2_packages/install/roboi_amr_msgs/include/roboi_amr_msgs/roboi_amr_msgs/msg/ledcommand.hpp
[3.055s] -- Installing: /home/roboi-amr/ros2_ws/src/amr2_packages/install/roboi_amr_msgs/include/roboi_amr_msgs/roboi_amr_msgs/msg/angle_status.hpp
[3.055s] -- Up-to-date: /home/roboi-amr/ros2_ws/src/amr2_packages/install/roboi_amr_msgs/include/roboi_amr_msgs/roboi_amr_msgs
[3.055s] -- Up-to-date: /home/roboi-amr/ros2_ws/src/amr2_packages/install/roboi_amr_msgs/include/roboi_amr_msgs/roboi_amr_msgs/msg
[3.055s] -- Up-to-date: /home/roboi-amr/ros2_ws/src/amr2_packages/install/roboi_amr_msgs/include/roboi_amr_msgs/roboi_amr_msgs/msg/detail
[3.055s] -- Installing: /home/roboi-amr/ros2_ws/src/amr2_packages/install/roboi_amr_msgs/include/roboi_amr_msgs/roboi_amr_msgs/msg/detail/ledcommand__rosidl_typesupport_fastrtps_cpp.hpp
[3.055s] -- Installing: /home/roboi-amr/ros2_ws/src/amr2_packages/install/roboi_amr_msgs/include/roboi_amr_msgs/roboi_amr_msgs/msg/detail/udpmsg__rosidl_typesupport_fastrtps_cpp.hpp
[3.055s] -- Up-to-date: /home/roboi-amr/ros2_ws/src/amr2_packages/install/roboi_amr_msgs/include/roboi_amr_msgs/roboi_amr_msgs/msg/detail/dds_fastrtps
[3.055s] -- Installing: /home/roboi-amr/ros2_ws/src/amr2_packages/install/roboi_amr_msgs/include/roboi_amr_msgs/roboi_amr_msgs/msg/detail/angle_status__rosidl_typesupport_fastrtps_cpp.hpp
[3.055s] -- Up-to-date: /home/roboi-amr/ros2_ws/src/amr2_packages/install/roboi_amr_msgs/include/roboi_amr_msgs/roboi_amr_msgs/msg/rosidl_typesupport_fastrtps_cpp__visibility_control.h
[3.056s] -- Installing: /home/roboi-amr/ros2_ws/src/amr2_packages/install/roboi_amr_msgs/lib/libroboi_amr_msgs__rosidl_typesupport_fastrtps_cpp.so
[3.056s] -- Set runtime path of "/home/roboi-amr/ros2_ws/src/amr2_packages/install/roboi_amr_msgs/lib/libroboi_amr_msgs__rosidl_typesupport_fastrtps_cpp.so" to ""
[3.056s] -- Up-to-date: /home/roboi-amr/ros2_ws/src/amr2_packages/install/roboi_amr_msgs/include/roboi_amr_msgs/roboi_amr_msgs
[3.056s] -- Up-to-date: /home/roboi-amr/ros2_ws/src/amr2_packages/install/roboi_amr_msgs/include/roboi_amr_msgs/roboi_amr_msgs/msg
[3.057s] -- Up-to-date: /home/roboi-amr/ros2_ws/src/amr2_packages/install/roboi_amr_msgs/include/roboi_amr_msgs/roboi_amr_msgs/msg/rosidl_typesupport_introspection_c__visibility_control.h
[3.057s] -- Up-to-date: /home/roboi-amr/ros2_ws/src/amr2_packages/install/roboi_amr_msgs/include/roboi_amr_msgs/roboi_amr_msgs/msg/detail
[3.057s] -- Installing: /home/roboi-amr/ros2_ws/src/amr2_packages/install/roboi_amr_msgs/include/roboi_amr_msgs/roboi_amr_msgs/msg/detail/angle_status__rosidl_typesupport_introspection_c.h
[3.057s] -- Installing: /home/roboi-amr/ros2_ws/src/amr2_packages/install/roboi_amr_msgs/include/roboi_amr_msgs/roboi_amr_msgs/msg/detail/angle_status__type_support.c
[3.057s] -- Installing: /home/roboi-amr/ros2_ws/src/amr2_packages/install/roboi_amr_msgs/include/roboi_amr_msgs/roboi_amr_msgs/msg/detail/ledcommand__rosidl_typesupport_introspection_c.h
[3.057s] -- Installing: /home/roboi-amr/ros2_ws/src/amr2_packages/install/roboi_amr_msgs/include/roboi_amr_msgs/roboi_amr_msgs/msg/detail/udpmsg__rosidl_typesupport_introspection_c.h
[3.057s] -- Installing: /home/roboi-amr/ros2_ws/src/amr2_packages/install/roboi_amr_msgs/include/roboi_amr_msgs/roboi_amr_msgs/msg/detail/ledcommand__type_support.c
[3.057s] -- Installing: /home/roboi-amr/ros2_ws/src/amr2_packages/install/roboi_amr_msgs/include/roboi_amr_msgs/roboi_amr_msgs/msg/detail/udpmsg__type_support.c
[3.058s] -- Installing: /home/roboi-amr/ros2_ws/src/amr2_packages/install/roboi_amr_msgs/lib/libroboi_amr_msgs__rosidl_typesupport_introspection_c.so
[3.058s] -- Set runtime path of "/home/roboi-amr/ros2_ws/src/amr2_packages/install/roboi_amr_msgs/lib/libroboi_amr_msgs__rosidl_typesupport_introspection_c.so" to ""
[3.058s] -- Installing: /home/roboi-amr/ros2_ws/src/amr2_packages/install/roboi_amr_msgs/lib/libroboi_amr_msgs__rosidl_typesupport_c.so
[3.059s] -- Set runtime path of "/home/roboi-amr/ros2_ws/src/amr2_packages/install/roboi_amr_msgs/lib/libroboi_amr_msgs__rosidl_typesupport_c.so" to ""
[3.059s] -- Up-to-date: /home/roboi-amr/ros2_ws/src/amr2_packages/install/roboi_amr_msgs/include/roboi_amr_msgs/roboi_amr_msgs
[3.059s] -- Up-to-date: /home/roboi-amr/ros2_ws/src/amr2_packages/install/roboi_amr_msgs/include/roboi_amr_msgs/roboi_amr_msgs/msg
[3.059s] -- Up-to-date: /home/roboi-amr/ros2_ws/src/amr2_packages/install/roboi_amr_msgs/include/roboi_amr_msgs/roboi_amr_msgs/msg/detail
[3.059s] -- Installing: /home/roboi-amr/ros2_ws/src/amr2_packages/install/roboi_amr_msgs/include/roboi_amr_msgs/roboi_amr_msgs/msg/detail/ledcommand__rosidl_typesupport_introspection_cpp.hpp
[3.059s] -- Installing: /home/roboi-amr/ros2_ws/src/amr2_packages/install/roboi_amr_msgs/include/roboi_amr_msgs/roboi_amr_msgs/msg/detail/ledcommand__type_support.cpp
[3.059s] -- Installing: /home/roboi-amr/ros2_ws/src/amr2_packages/install/roboi_amr_msgs/include/roboi_amr_msgs/roboi_amr_msgs/msg/detail/udpmsg__rosidl_typesupport_introspection_cpp.hpp
[3.059s] -- Installing: /home/roboi-amr/ros2_ws/src/amr2_packages/install/roboi_amr_msgs/include/roboi_amr_msgs/roboi_amr_msgs/msg/detail/angle_status__type_support.cpp
[3.059s] -- Installing: /home/roboi-amr/ros2_ws/src/amr2_packages/install/roboi_amr_msgs/include/roboi_amr_msgs/roboi_amr_msgs/msg/detail/angle_status__rosidl_typesupport_introspection_cpp.hpp
[3.059s] -- Installing: /home/roboi-amr/ros2_ws/src/amr2_packages/install/roboi_amr_msgs/include/roboi_amr_msgs/roboi_amr_msgs/msg/detail/udpmsg__type_support.cpp
[3.060s] -- Installing: /home/roboi-amr/ros2_ws/src/amr2_packages/install/roboi_amr_msgs/lib/libroboi_amr_msgs__rosidl_typesupport_introspection_cpp.so
[3.060s] -- Set runtime path of "/home/roboi-amr/ros2_ws/src/amr2_packages/install/roboi_amr_msgs/lib/libroboi_amr_msgs__rosidl_typesupport_introspection_cpp.so" to ""
[3.061s] -- Installing: /home/roboi-amr/ros2_ws/src/amr2_packages/install/roboi_amr_msgs/lib/libroboi_amr_msgs__rosidl_typesupport_cpp.so
[3.061s] -- Set runtime path of "/home/roboi-amr/ros2_ws/src/amr2_packages/install/roboi_amr_msgs/lib/libroboi_amr_msgs__rosidl_typesupport_cpp.so" to ""
[3.061s] -- Up-to-date: /home/roboi-amr/ros2_ws/src/amr2_packages/install/roboi_amr_msgs/share/roboi_amr_msgs/environment/pythonpath.sh
[3.061s] -- Installing: /home/roboi-amr/ros2_ws/src/amr2_packages/install/roboi_amr_msgs/share/roboi_amr_msgs/environment/pythonpath.dsv
[3.061s] -- Up-to-date: /home/roboi-amr/ros2_ws/src/amr2_packages/install/roboi_amr_msgs/local/lib/python3.10/dist-packages/roboi_amr_msgs-0.0.0-py3.10.egg-info
[3.061s] -- Installing: /home/roboi-amr/ros2_ws/src/amr2_packages/install/roboi_amr_msgs/local/lib/python3.10/dist-packages/roboi_amr_msgs-0.0.0-py3.10.egg-info/dependency_links.txt
[3.061s] -- Installing: /home/roboi-amr/ros2_ws/src/amr2_packages/install/roboi_amr_msgs/local/lib/python3.10/dist-packages/roboi_amr_msgs-0.0.0-py3.10.egg-info/SOURCES.txt
[3.061s] -- Installing: /home/roboi-amr/ros2_ws/src/amr2_packages/install/roboi_amr_msgs/local/lib/python3.10/dist-packages/roboi_amr_msgs-0.0.0-py3.10.egg-info/PKG-INFO
[3.061s] -- Installing: /home/roboi-amr/ros2_ws/src/amr2_packages/install/roboi_amr_msgs/local/lib/python3.10/dist-packages/roboi_amr_msgs-0.0.0-py3.10.egg-info/top_level.txt
[3.062s] -- Up-to-date: /home/roboi-amr/ros2_ws/src/amr2_packages/install/roboi_amr_msgs/local/lib/python3.10/dist-packages/roboi_amr_msgs
[3.062s] -- Installing: /home/roboi-amr/ros2_ws/src/amr2_packages/install/roboi_amr_msgs/local/lib/python3.10/dist-packages/roboi_amr_msgs/__init__.py
[3.062s] -- Installing: /home/roboi-amr/ros2_ws/src/amr2_packages/install/roboi_amr_msgs/local/lib/python3.10/dist-packages/roboi_amr_msgs/_roboi_amr_msgs_s.ep.rosidl_typesupport_fastrtps_c.c
[3.062s] -- Installing: /home/roboi-amr/ros2_ws/src/amr2_packages/install/roboi_amr_msgs/local/lib/python3.10/dist-packages/roboi_amr_msgs/_roboi_amr_msgs_s.ep.rosidl_typesupport_introspection_c.c
[3.062s] -- Installing: /home/roboi-amr/ros2_ws/src/amr2_packages/install/roboi_amr_msgs/local/lib/python3.10/dist-packages/roboi_amr_msgs/roboi_amr_msgs_s__rosidl_typesupport_introspection_c.cpython-310-x86_64-linux-gnu.so
[3.062s] -- Installing: /home/roboi-amr/ros2_ws/src/amr2_packages/install/roboi_amr_msgs/local/lib/python3.10/dist-packages/roboi_amr_msgs/roboi_amr_msgs_s__rosidl_typesupport_c.cpython-310-x86_64-linux-gnu.so
[3.062s] -- Up-to-date: /home/roboi-amr/ros2_ws/src/amr2_packages/install/roboi_amr_msgs/local/lib/python3.10/dist-packages/roboi_amr_msgs/msg
[3.062s] -- Installing: /home/roboi-amr/ros2_ws/src/amr2_packages/install/roboi_amr_msgs/local/lib/python3.10/dist-packages/roboi_amr_msgs/msg/__init__.py
[3.062s] -- Installing: /home/roboi-amr/ros2_ws/src/amr2_packages/install/roboi_amr_msgs/local/lib/python3.10/dist-packages/roboi_amr_msgs/msg/_angle_status_s.c
[3.062s] -- Installing: /home/roboi-amr/ros2_ws/src/amr2_packages/install/roboi_amr_msgs/local/lib/python3.10/dist-packages/roboi_amr_msgs/msg/_ledcommand_s.c
[3.062s] -- Installing: /home/roboi-amr/ros2_ws/src/amr2_packages/install/roboi_amr_msgs/local/lib/python3.10/dist-packages/roboi_amr_msgs/msg/_angle_status.py
[3.063s] -- Installing: /home/roboi-amr/ros2_ws/src/amr2_packages/install/roboi_amr_msgs/local/lib/python3.10/dist-packages/roboi_amr_msgs/msg/_udpmsg_s.c
[3.063s] -- Installing: /home/roboi-amr/ros2_ws/src/amr2_packages/install/roboi_amr_msgs/local/lib/python3.10/dist-packages/roboi_amr_msgs/msg/_ledcommand.py
[3.063s] -- Installing: /home/roboi-amr/ros2_ws/src/amr2_packages/install/roboi_amr_msgs/local/lib/python3.10/dist-packages/roboi_amr_msgs/msg/_udpmsg.py
[3.063s] -- Installing: /home/roboi-amr/ros2_ws/src/amr2_packages/install/roboi_amr_msgs/local/lib/python3.10/dist-packages/roboi_amr_msgs/roboi_amr_msgs_s__rosidl_typesupport_fastrtps_c.cpython-310-x86_64-linux-gnu.so
[3.063s] -- Installing: /home/roboi-amr/ros2_ws/src/amr2_packages/install/roboi_amr_msgs/local/lib/python3.10/dist-packages/roboi_amr_msgs/_roboi_amr_msgs_s.ep.rosidl_typesupport_c.c
[3.063s] -- Installing: /home/roboi-amr/ros2_ws/src/amr2_packages/install/roboi_amr_msgs/local/lib/python3.10/dist-packages/roboi_amr_msgs/libroboi_amr_msgs__rosidl_generator_py.so
[3.091s] Listing '/home/roboi-amr/ros2_ws/src/amr2_packages/install/roboi_amr_msgs/local/lib/python3.10/dist-packages/roboi_amr_msgs'...
[3.091s] Compiling '/home/roboi-amr/ros2_ws/src/amr2_packages/install/roboi_amr_msgs/local/lib/python3.10/dist-packages/roboi_amr_msgs/__init__.py'...
[3.091s] Listing '/home/roboi-amr/ros2_ws/src/amr2_packages/install/roboi_amr_msgs/local/lib/python3.10/dist-packages/roboi_amr_msgs/msg'...
[3.091s] Compiling '/home/roboi-amr/ros2_ws/src/amr2_packages/install/roboi_amr_msgs/local/lib/python3.10/dist-packages/roboi_amr_msgs/msg/__init__.py'...
[3.091s] Compiling '/home/roboi-amr/ros2_ws/src/amr2_packages/install/roboi_amr_msgs/local/lib/python3.10/dist-packages/roboi_amr_msgs/msg/_angle_status.py'...
[3.091s] Compiling '/home/roboi-amr/ros2_ws/src/amr2_packages/install/roboi_amr_msgs/local/lib/python3.10/dist-packages/roboi_amr_msgs/msg/_ledcommand.py'...
[3.091s] Compiling '/home/roboi-amr/ros2_ws/src/amr2_packages/install/roboi_amr_msgs/local/lib/python3.10/dist-packages/roboi_amr_msgs/msg/_udpmsg.py'...
[3.094s] -- Installing: /home/roboi-amr/ros2_ws/src/amr2_packages/install/roboi_amr_msgs/local/lib/python3.10/dist-packages/roboi_amr_msgs/roboi_amr_msgs_s__rosidl_typesupport_fastrtps_c.cpython-310-x86_64-linux-gnu.so
[3.094s] -- Set runtime path of "/home/roboi-amr/ros2_ws/src/amr2_packages/install/roboi_amr_msgs/local/lib/python3.10/dist-packages/roboi_amr_msgs/roboi_amr_msgs_s__rosidl_typesupport_fastrtps_c.cpython-310-x86_64-linux-gnu.so" to ""
[3.094s] -- Installing: /home/roboi-amr/ros2_ws/src/amr2_packages/install/roboi_amr_msgs/local/lib/python3.10/dist-packages/roboi_amr_msgs/roboi_amr_msgs_s__rosidl_typesupport_introspection_c.cpython-310-x86_64-linux-gnu.so
[3.094s] -- Set runtime path of "/home/roboi-amr/ros2_ws/src/amr2_packages/install/roboi_amr_msgs/local/lib/python3.10/dist-packages/roboi_amr_msgs/roboi_amr_msgs_s__rosidl_typesupport_introspection_c.cpython-310-x86_64-linux-gnu.so" to ""
[3.095s] -- Installing: /home/roboi-amr/ros2_ws/src/amr2_packages/install/roboi_amr_msgs/local/lib/python3.10/dist-packages/roboi_amr_msgs/roboi_amr_msgs_s__rosidl_typesupport_c.cpython-310-x86_64-linux-gnu.so
[3.095s] -- Set runtime path of "/home/roboi-amr/ros2_ws/src/amr2_packages/install/roboi_amr_msgs/local/lib/python3.10/dist-packages/roboi_amr_msgs/roboi_amr_msgs_s__rosidl_typesupport_c.cpython-310-x86_64-linux-gnu.so" to ""
[3.095s] -- Installing: /home/roboi-amr/ros2_ws/src/amr2_packages/install/roboi_amr_msgs/lib/libroboi_amr_msgs__rosidl_generator_py.so
[3.095s] -- Set runtime path of "/home/roboi-amr/ros2_ws/src/amr2_packages/install/roboi_amr_msgs/lib/libroboi_amr_msgs__rosidl_generator_py.so" to ""
[3.095s] -- Installing: /home/roboi-amr/ros2_ws/src/amr2_packages/install/roboi_amr_msgs/share/roboi_amr_msgs/msg/AngleStatus.idl
[3.096s] -- Up-to-date: /home/roboi-amr/ros2_ws/src/amr2_packages/install/roboi_amr_msgs/share/roboi_amr_msgs/msg/Ledcommand.idl
[3.096s] -- Up-to-date: /home/roboi-amr/ros2_ws/src/amr2_packages/install/roboi_amr_msgs/share/roboi_amr_msgs/msg/Udpmsg.idl
[3.096s] -- Installing: /home/roboi-amr/ros2_ws/src/amr2_packages/install/roboi_amr_msgs/share/roboi_amr_msgs/msg/AngleStatus.msg
[3.096s] -- Up-to-date: /home/roboi-amr/ros2_ws/src/amr2_packages/install/roboi_amr_msgs/share/roboi_amr_msgs/msg/Ledcommand.msg
[3.096s] -- Up-to-date: /home/roboi-amr/ros2_ws/src/amr2_packages/install/roboi_amr_msgs/share/roboi_amr_msgs/msg/Udpmsg.msg
[3.096s] -- Up-to-date: /home/roboi-amr/ros2_ws/src/amr2_packages/install/roboi_amr_msgs/share/ament_index/resource_index/package_run_dependencies/roboi_amr_msgs
[3.096s] -- Up-to-date: /home/roboi-amr/ros2_ws/src/amr2_packages/install/roboi_amr_msgs/share/ament_index/resource_index/parent_prefix_path/roboi_amr_msgs
[3.096s] -- Up-to-date: /home/roboi-amr/ros2_ws/src/amr2_packages/install/roboi_amr_msgs/share/roboi_amr_msgs/environment/ament_prefix_path.sh
[3.096s] -- Installing: /home/roboi-amr/ros2_ws/src/amr2_packages/install/roboi_amr_msgs/share/roboi_amr_msgs/environment/ament_prefix_path.dsv
[3.096s] -- Up-to-date: /home/roboi-amr/ros2_ws/src/amr2_packages/install/roboi_amr_msgs/share/roboi_amr_msgs/environment/path.sh
[3.096s] -- Installing: /home/roboi-amr/ros2_ws/src/amr2_packages/install/roboi_amr_msgs/share/roboi_amr_msgs/environment/path.dsv
[3.096s] -- Up-to-date: /home/roboi-amr/ros2_ws/src/amr2_packages/install/roboi_amr_msgs/share/roboi_amr_msgs/local_setup.bash
[3.096s] -- Up-to-date: /home/roboi-amr/ros2_ws/src/amr2_packages/install/roboi_amr_msgs/share/roboi_amr_msgs/local_setup.sh
[3.097s] -- Up-to-date: /home/roboi-amr/ros2_ws/src/amr2_packages/install/roboi_amr_msgs/share/roboi_amr_msgs/local_setup.zsh
[3.097s] -- Installing: /home/roboi-amr/ros2_ws/src/amr2_packages/install/roboi_amr_msgs/share/roboi_amr_msgs/local_setup.dsv
[3.097s] -- Installing: /home/roboi-amr/ros2_ws/src/amr2_packages/install/roboi_amr_msgs/share/roboi_amr_msgs/package.dsv
[3.097s] -- Up-to-date: /home/roboi-amr/ros2_ws/src/amr2_packages/install/roboi_amr_msgs/share/ament_index/resource_index/packages/roboi_amr_msgs
[3.097s] -- Up-to-date: /home/roboi-amr/ros2_ws/src/amr2_packages/install/roboi_amr_msgs/share/roboi_amr_msgs/cmake/export_roboi_amr_msgs__rosidl_generator_cExport.cmake
[3.097s] -- Up-to-date: /home/roboi-amr/ros2_ws/src/amr2_packages/install/roboi_amr_msgs/share/roboi_amr_msgs/cmake/export_roboi_amr_msgs__rosidl_generator_cExport-noconfig.cmake
[3.097s] -- Up-to-date: /home/roboi-amr/ros2_ws/src/amr2_packages/install/roboi_amr_msgs/share/roboi_amr_msgs/cmake/export_roboi_amr_msgs__rosidl_typesupport_fastrtps_cExport.cmake
[3.097s] -- Up-to-date: /home/roboi-amr/ros2_ws/src/amr2_packages/install/roboi_amr_msgs/share/roboi_amr_msgs/cmake/export_roboi_amr_msgs__rosidl_typesupport_fastrtps_cExport-noconfig.cmake
[3.097s] -- Up-to-date: /home/roboi-amr/ros2_ws/src/amr2_packages/install/roboi_amr_msgs/share/roboi_amr_msgs/cmake/export_roboi_amr_msgs__rosidl_generator_cppExport.cmake
[3.097s] -- Up-to-date: /home/roboi-amr/ros2_ws/src/amr2_packages/install/roboi_amr_msgs/share/roboi_amr_msgs/cmake/export_roboi_amr_msgs__rosidl_typesupport_fastrtps_cppExport.cmake
[3.097s] -- Up-to-date: /home/roboi-amr/ros2_ws/src/amr2_packages/install/roboi_amr_msgs/share/roboi_amr_msgs/cmake/export_roboi_amr_msgs__rosidl_typesupport_fastrtps_cppExport-noconfig.cmake
[3.098s] -- Up-to-date: /home/roboi-amr/ros2_ws/src/amr2_packages/install/roboi_amr_msgs/share/roboi_amr_msgs/cmake/roboi_amr_msgs__rosidl_typesupport_introspection_cExport.cmake
[3.098s] -- Up-to-date: /home/roboi-amr/ros2_ws/src/amr2_packages/install/roboi_amr_msgs/share/roboi_amr_msgs/cmake/roboi_amr_msgs__rosidl_typesupport_introspection_cExport-noconfig.cmake
[3.098s] -- Up-to-date: /home/roboi-amr/ros2_ws/src/amr2_packages/install/roboi_amr_msgs/share/roboi_amr_msgs/cmake/roboi_amr_msgs__rosidl_typesupport_cExport.cmake
[3.098s] -- Up-to-date: /home/roboi-amr/ros2_ws/src/amr2_packages/install/roboi_amr_msgs/share/roboi_amr_msgs/cmake/roboi_amr_msgs__rosidl_typesupport_cExport-noconfig.cmake
[3.098s] -- Up-to-date: /home/roboi-amr/ros2_ws/src/amr2_packages/install/roboi_amr_msgs/share/roboi_amr_msgs/cmake/roboi_amr_msgs__rosidl_typesupport_introspection_cppExport.cmake
[3.098s] -- Up-to-date: /home/roboi-amr/ros2_ws/src/amr2_packages/install/roboi_amr_msgs/share/roboi_amr_msgs/cmake/roboi_amr_msgs__rosidl_typesupport_introspection_cppExport-noconfig.cmake
[3.098s] -- Up-to-date: /home/roboi-amr/ros2_ws/src/amr2_packages/install/roboi_amr_msgs/share/roboi_amr_msgs/cmake/roboi_amr_msgs__rosidl_typesupport_cppExport.cmake
[3.098s] -- Up-to-date: /home/roboi-amr/ros2_ws/src/amr2_packages/install/roboi_amr_msgs/share/roboi_amr_msgs/cmake/roboi_amr_msgs__rosidl_typesupport_cppExport-noconfig.cmake
[3.098s] -- Up-to-date: /home/roboi-amr/ros2_ws/src/amr2_packages/install/roboi_amr_msgs/share/roboi_amr_msgs/cmake/export_roboi_amr_msgs__rosidl_generator_pyExport.cmake
[3.098s] -- Up-to-date: /home/roboi-amr/ros2_ws/src/amr2_packages/install/roboi_amr_msgs/share/roboi_amr_msgs/cmake/export_roboi_amr_msgs__rosidl_generator_pyExport-noconfig.cmake
[3.099s] -- Up-to-date: /home/roboi-amr/ros2_ws/src/amr2_packages/install/roboi_amr_msgs/share/roboi_amr_msgs/cmake/rosidl_cmake-extras.cmake
[3.099s] -- Up-to-date: /home/roboi-amr/ros2_ws/src/amr2_packages/install/roboi_amr_msgs/share/roboi_amr_msgs/cmake/ament_cmake_export_dependencies-extras.cmake
[3.099s] -- Up-to-date: /home/roboi-amr/ros2_ws/src/amr2_packages/install/roboi_amr_msgs/share/roboi_amr_msgs/cmake/ament_cmake_export_include_directories-extras.cmake
[3.099s] -- Up-to-date: /home/roboi-amr/ros2_ws/src/amr2_packages/install/roboi_amr_msgs/share/roboi_amr_msgs/cmake/ament_cmake_export_libraries-extras.cmake
[3.099s] -- Up-to-date: /home/roboi-amr/ros2_ws/src/amr2_packages/install/roboi_amr_msgs/share/roboi_amr_msgs/cmake/ament_cmake_export_targets-extras.cmake
[3.099s] -- Up-to-date: /home/roboi-amr/ros2_ws/src/amr2_packages/install/roboi_amr_msgs/share/roboi_amr_msgs/cmake/rosidl_cmake_export_typesupport_targets-extras.cmake
[3.099s] -- Up-to-date: /home/roboi-amr/ros2_ws/src/amr2_packages/install/roboi_amr_msgs/share/roboi_amr_msgs/cmake/rosidl_cmake_export_typesupport_libraries-extras.cmake
[3.099s] -- Up-to-date: /home/roboi-amr/ros2_ws/src/amr2_packages/install/roboi_amr_msgs/share/roboi_amr_msgs/cmake/roboi_amr_msgsConfig.cmake
[3.099s] -- Up-to-date: /home/roboi-amr/ros2_ws/src/amr2_packages/install/roboi_amr_msgs/share/roboi_amr_msgs/cmake/roboi_amr_msgsConfig-version.cmake
[3.099s] -- Up-to-date: /home/roboi-amr/ros2_ws/src/amr2_packages/install/roboi_amr_msgs/share/roboi_amr_msgs/package.xml
[3.100s] Invoked command in '/home/roboi-amr/ros2_ws/src/amr2_packages/build/roboi_amr_msgs' returned '0': CMAKE_PREFIX_PATH=${CMAKE_PREFIX_PATH}:/opt/ros/humble /usr/bin/cmake --install /home/roboi-amr/ros2_ws/src/amr2_packages/build/roboi_amr_msgs
