[0.078s] DEBUG:colcon:Command line arguments: ['/usr/bin/colcon', 'build']
[0.078s] DEBUG:colcon:Parsed command line arguments: Namespace(log_base=None, log_level=None, verb_name='build', build_base='build', install_base='install', merge_install=False, symlink_install=False, test_result_base=None, continue_on_error=False, executor='parallel', parallel_workers=8, event_handlers=None, ignore_user_meta=False, metas=['./colcon.meta'], base_paths=['.'], packages_ignore=None, packages_ignore_regex=None, paths=None, packages_up_to=None, packages_up_to_regex=None, packages_above=None, packages_above_and_dependencies=None, packages_above_depth=None, packages_select_by_dep=None, packages_skip_by_dep=None, packages_skip_up_to=None, packages_select_build_failed=False, packages_skip_build_finished=False, packages_select_test_failures=False, packages_skip_test_passed=False, packages_select=None, packages_skip=None, packages_select_regex=None, packages_skip_regex=None, packages_start=None, packages_end=None, allow_overriding=[], cmake_args=None, cmake_target=None, cmake_target_skip_unavailable=False, cmake_clean_cache=False, cmake_clean_first=False, cmake_force_configure=False, ament_cmake_args=None, catkin_cmake_args=None, catkin_skip_building_tests=False, mixin_files=None, mixin=None, verb_parser=<colcon_mixin.mixin.mixin_argument.MixinArgumentDecorator object at 0x7af8a286da20>, verb_extension=<colcon_core.verb.build.BuildVerb object at 0x7af8a286d3f0>, main=<bound method BuildVerb.main of <colcon_core.verb.build.BuildVerb object at 0x7af8a286d3f0>>, mixin_verb=('build',))
[0.169s] Level 1:colcon.colcon_core.package_discovery:discover_packages(colcon_meta) check parameters
[0.169s] Level 1:colcon.colcon_core.package_discovery:discover_packages(recursive) check parameters
[0.170s] Level 1:colcon.colcon_core.package_discovery:discover_packages(ignore) check parameters
[0.170s] Level 1:colcon.colcon_core.package_discovery:discover_packages(path) check parameters
[0.170s] Level 1:colcon.colcon_core.package_discovery:discover_packages(colcon_meta) discover
[0.170s] Level 1:colcon.colcon_core.package_discovery:discover_packages(recursive) discover
[0.170s] INFO:colcon.colcon_core.package_discovery:Crawling recursively for packages in '/home/roboi-amr/ros2_ws/src/amr2_packages'
[0.170s] Level 1:colcon.colcon_core.package_identification:_identify(.) by extensions ['ignore', 'ignore_ament_install']
[0.170s] Level 1:colcon.colcon_core.package_identification:_identify(.) by extension 'ignore'
[0.170s] Level 1:colcon.colcon_core.package_identification:_identify(.) by extension 'ignore_ament_install'
[0.170s] Level 1:colcon.colcon_core.package_identification:_identify(.) by extensions ['colcon_pkg']
[0.170s] Level 1:colcon.colcon_core.package_identification:_identify(.) by extension 'colcon_pkg'
[0.170s] Level 1:colcon.colcon_core.package_identification:_identify(.) by extensions ['colcon_meta']
[0.170s] Level 1:colcon.colcon_core.package_identification:_identify(.) by extension 'colcon_meta'
[0.170s] Level 1:colcon.colcon_core.package_identification:_identify(.) by extensions ['ros']
[0.170s] Level 1:colcon.colcon_core.package_identification:_identify(.) by extension 'ros'
[0.184s] Level 1:colcon.colcon_core.package_identification:_identify(.) by extensions ['cmake', 'python']
[0.184s] Level 1:colcon.colcon_core.package_identification:_identify(.) by extension 'cmake'
[0.184s] Level 1:colcon.colcon_core.package_identification:_identify(.) by extension 'python'
[0.184s] Level 1:colcon.colcon_core.package_identification:_identify(.) by extensions ['python_setup_py']
[0.184s] Level 1:colcon.colcon_core.package_identification:_identify(.) by extension 'python_setup_py'
[0.184s] Level 1:colcon.colcon_core.package_identification:_identify(build) by extensions ['ignore', 'ignore_ament_install']
[0.184s] Level 1:colcon.colcon_core.package_identification:_identify(build) by extension 'ignore'
[0.184s] Level 1:colcon.colcon_core.package_identification:_identify(build) ignored
[0.184s] Level 1:colcon.colcon_core.package_identification:_identify(install) by extensions ['ignore', 'ignore_ament_install']
[0.185s] Level 1:colcon.colcon_core.package_identification:_identify(install) by extension 'ignore'
[0.185s] Level 1:colcon.colcon_core.package_identification:_identify(install) ignored
[0.185s] Level 1:colcon.colcon_core.package_identification:_identify(log) by extensions ['ignore', 'ignore_ament_install']
[0.185s] Level 1:colcon.colcon_core.package_identification:_identify(log) by extension 'ignore'
[0.185s] Level 1:colcon.colcon_core.package_identification:_identify(log) ignored
[0.185s] Level 1:colcon.colcon_core.package_identification:_identify(roboi_amr_msgs) by extensions ['ignore', 'ignore_ament_install']
[0.185s] Level 1:colcon.colcon_core.package_identification:_identify(roboi_amr_msgs) by extension 'ignore'
[0.185s] Level 1:colcon.colcon_core.package_identification:_identify(roboi_amr_msgs) by extension 'ignore_ament_install'
[0.185s] Level 1:colcon.colcon_core.package_identification:_identify(roboi_amr_msgs) by extensions ['colcon_pkg']
[0.185s] Level 1:colcon.colcon_core.package_identification:_identify(roboi_amr_msgs) by extension 'colcon_pkg'
[0.185s] Level 1:colcon.colcon_core.package_identification:_identify(roboi_amr_msgs) by extensions ['colcon_meta']
[0.185s] Level 1:colcon.colcon_core.package_identification:_identify(roboi_amr_msgs) by extension 'colcon_meta'
[0.185s] Level 1:colcon.colcon_core.package_identification:_identify(roboi_amr_msgs) by extensions ['ros']
[0.185s] Level 1:colcon.colcon_core.package_identification:_identify(roboi_amr_msgs) by extension 'ros'
[0.187s] DEBUG:colcon.colcon_core.package_identification:Package 'roboi_amr_msgs' with type 'ros.ament_cmake' and name 'roboi_amr_msgs'
[0.187s] Level 1:colcon.colcon_core.package_identification:_identify(roboi_control) by extensions ['ignore', 'ignore_ament_install']
[0.187s] Level 1:colcon.colcon_core.package_identification:_identify(roboi_control) by extension 'ignore'
[0.187s] Level 1:colcon.colcon_core.package_identification:_identify(roboi_control) by extension 'ignore_ament_install'
[0.187s] Level 1:colcon.colcon_core.package_identification:_identify(roboi_control) by extensions ['colcon_pkg']
[0.187s] Level 1:colcon.colcon_core.package_identification:_identify(roboi_control) by extension 'colcon_pkg'
[0.187s] Level 1:colcon.colcon_core.package_identification:_identify(roboi_control) by extensions ['colcon_meta']
[0.187s] Level 1:colcon.colcon_core.package_identification:_identify(roboi_control) by extension 'colcon_meta'
[0.187s] Level 1:colcon.colcon_core.package_identification:_identify(roboi_control) by extensions ['ros']
[0.187s] Level 1:colcon.colcon_core.package_identification:_identify(roboi_control) by extension 'ros'
[0.188s] DEBUG:colcon.colcon_core.package_identification:Package 'roboi_control' with type 'ros.ament_cmake' and name 'roboi_amr_control'
[0.188s] Level 1:colcon.colcon_core.package_discovery:discover_packages(recursive) using defaults
[0.188s] Level 1:colcon.colcon_core.package_discovery:discover_packages(ignore) discover
[0.188s] Level 1:colcon.colcon_core.package_discovery:discover_packages(ignore) using defaults
[0.188s] Level 1:colcon.colcon_core.package_discovery:discover_packages(path) discover
[0.188s] Level 1:colcon.colcon_core.package_discovery:discover_packages(path) using defaults
[0.200s] Level 1:colcon.colcon_core.package_discovery:discover_packages(prefix_path) check parameters
[0.200s] Level 1:colcon.colcon_core.package_discovery:discover_packages(prefix_path) discover
[0.202s] DEBUG:colcon.colcon_installed_package_information.package_discovery:Found 2 installed packages in /home/roboi-amr/ros2_ws/install
[0.202s] DEBUG:colcon.colcon_installed_package_information.package_discovery:Found 270 installed packages in /opt/ros/humble
[0.204s] Level 1:colcon.colcon_core.package_discovery:discover_packages(prefix_path) using defaults
[0.224s] Level 5:colcon.colcon_core.verb:set package 'roboi_amr_msgs' build argument 'cmake_args' from command line to 'None'
[0.225s] Level 5:colcon.colcon_core.verb:set package 'roboi_amr_msgs' build argument 'cmake_target' from command line to 'None'
[0.225s] Level 5:colcon.colcon_core.verb:set package 'roboi_amr_msgs' build argument 'cmake_target_skip_unavailable' from command line to 'False'
[0.225s] Level 5:colcon.colcon_core.verb:set package 'roboi_amr_msgs' build argument 'cmake_clean_cache' from command line to 'False'
[0.225s] Level 5:colcon.colcon_core.verb:set package 'roboi_amr_msgs' build argument 'cmake_clean_first' from command line to 'False'
[0.225s] Level 5:colcon.colcon_core.verb:set package 'roboi_amr_msgs' build argument 'cmake_force_configure' from command line to 'False'
[0.225s] Level 5:colcon.colcon_core.verb:set package 'roboi_amr_msgs' build argument 'ament_cmake_args' from command line to 'None'
[0.225s] Level 5:colcon.colcon_core.verb:set package 'roboi_amr_msgs' build argument 'catkin_cmake_args' from command line to 'None'
[0.225s] Level 5:colcon.colcon_core.verb:set package 'roboi_amr_msgs' build argument 'catkin_skip_building_tests' from command line to 'False'
[0.225s] DEBUG:colcon.colcon_core.verb:Building package 'roboi_amr_msgs' with the following arguments: {'ament_cmake_args': None, 'build_base': '/home/roboi-amr/ros2_ws/src/amr2_packages/build/roboi_amr_msgs', 'catkin_cmake_args': None, 'catkin_skip_building_tests': False, 'cmake_args': None, 'cmake_clean_cache': False, 'cmake_clean_first': False, 'cmake_force_configure': False, 'cmake_target': None, 'cmake_target_skip_unavailable': False, 'install_base': '/home/roboi-amr/ros2_ws/src/amr2_packages/install/roboi_amr_msgs', 'merge_install': False, 'path': '/home/roboi-amr/ros2_ws/src/amr2_packages/roboi_amr_msgs', 'symlink_install': False, 'test_result_base': None}
[0.225s] Level 5:colcon.colcon_core.verb:set package 'roboi_amr_control' build argument 'cmake_args' from command line to 'None'
[0.225s] Level 5:colcon.colcon_core.verb:set package 'roboi_amr_control' build argument 'cmake_target' from command line to 'None'
[0.225s] Level 5:colcon.colcon_core.verb:set package 'roboi_amr_control' build argument 'cmake_target_skip_unavailable' from command line to 'False'
[0.225s] Level 5:colcon.colcon_core.verb:set package 'roboi_amr_control' build argument 'cmake_clean_cache' from command line to 'False'
[0.225s] Level 5:colcon.colcon_core.verb:set package 'roboi_amr_control' build argument 'cmake_clean_first' from command line to 'False'
[0.225s] Level 5:colcon.colcon_core.verb:set package 'roboi_amr_control' build argument 'cmake_force_configure' from command line to 'False'
[0.225s] Level 5:colcon.colcon_core.verb:set package 'roboi_amr_control' build argument 'ament_cmake_args' from command line to 'None'
[0.225s] Level 5:colcon.colcon_core.verb:set package 'roboi_amr_control' build argument 'catkin_cmake_args' from command line to 'None'
[0.225s] Level 5:colcon.colcon_core.verb:set package 'roboi_amr_control' build argument 'catkin_skip_building_tests' from command line to 'False'
[0.225s] DEBUG:colcon.colcon_core.verb:Building package 'roboi_amr_control' with the following arguments: {'ament_cmake_args': None, 'build_base': '/home/roboi-amr/ros2_ws/src/amr2_packages/build/roboi_amr_control', 'catkin_cmake_args': None, 'catkin_skip_building_tests': False, 'cmake_args': None, 'cmake_clean_cache': False, 'cmake_clean_first': False, 'cmake_force_configure': False, 'cmake_target': None, 'cmake_target_skip_unavailable': False, 'install_base': '/home/roboi-amr/ros2_ws/src/amr2_packages/install/roboi_amr_control', 'merge_install': False, 'path': '/home/roboi-amr/ros2_ws/src/amr2_packages/roboi_control', 'symlink_install': False, 'test_result_base': None}
[0.225s] INFO:colcon.colcon_core.executor:Executing jobs using 'parallel' executor
[0.226s] DEBUG:colcon.colcon_parallel_executor.executor.parallel:run_until_complete
[0.226s] INFO:colcon.colcon_ros.task.ament_cmake.build:Building ROS package in '/home/roboi-amr/ros2_ws/src/amr2_packages/roboi_amr_msgs' with build type 'ament_cmake'
[0.226s] INFO:colcon.colcon_cmake.task.cmake.build:Building CMake package in '/home/roboi-amr/ros2_ws/src/amr2_packages/roboi_amr_msgs'
[0.228s] INFO:colcon.colcon_core.plugin_system:Skipping extension 'colcon_core.shell.bat': Not used on non-Windows systems
[0.228s] INFO:colcon.colcon_core.shell:Skip shell extension 'powershell' for command environment: Not usable outside of PowerShell
[0.228s] DEBUG:colcon.colcon_core.shell:Skip shell extension 'dsv' for command environment
[0.234s] DEBUG:colcon.colcon_core.event_handler.log_command:Invoking command in '/home/roboi-amr/ros2_ws/src/amr2_packages/build/roboi_amr_msgs': CMAKE_PREFIX_PATH=${CMAKE_PREFIX_PATH}:/opt/ros/humble /usr/bin/cmake --build /home/roboi-amr/ros2_ws/src/amr2_packages/build/roboi_amr_msgs -- -j8 -l8
[3.208s] DEBUG:colcon.colcon_core.event_handler.log_command:Invoked command in '/home/roboi-amr/ros2_ws/src/amr2_packages/build/roboi_amr_msgs' returned '0': CMAKE_PREFIX_PATH=${CMAKE_PREFIX_PATH}:/opt/ros/humble /usr/bin/cmake --build /home/roboi-amr/ros2_ws/src/amr2_packages/build/roboi_amr_msgs -- -j8 -l8
[3.267s] DEBUG:colcon.colcon_core.event_handler.log_command:Invoking command in '/home/roboi-amr/ros2_ws/src/amr2_packages/build/roboi_amr_msgs': CMAKE_PREFIX_PATH=${CMAKE_PREFIX_PATH}:/opt/ros/humble /usr/bin/cmake --install /home/roboi-amr/ros2_ws/src/amr2_packages/build/roboi_amr_msgs
[3.327s] Level 1:colcon.colcon_core.environment:create_environment_scripts_only(roboi_amr_msgs)
[3.327s] DEBUG:colcon.colcon_core.event_handler.log_command:Invoked command in '/home/roboi-amr/ros2_ws/src/amr2_packages/build/roboi_amr_msgs' returned '0': CMAKE_PREFIX_PATH=${CMAKE_PREFIX_PATH}:/opt/ros/humble /usr/bin/cmake --install /home/roboi-amr/ros2_ws/src/amr2_packages/build/roboi_amr_msgs
[3.329s] Level 1:colcon.colcon_core.environment:checking '/home/roboi-amr/ros2_ws/src/amr2_packages/install/roboi_amr_msgs' for CMake module files
[3.330s] Level 1:colcon.colcon_core.environment:checking '/home/roboi-amr/ros2_ws/src/amr2_packages/install/roboi_amr_msgs' for CMake config files
[3.330s] Level 1:colcon.colcon_core.shell:create_environment_hook('roboi_amr_msgs', 'cmake_prefix_path')
[3.330s] INFO:colcon.colcon_core.shell:Creating environment hook '/home/roboi-amr/ros2_ws/src/amr2_packages/install/roboi_amr_msgs/share/roboi_amr_msgs/hook/cmake_prefix_path.ps1'
[3.331s] INFO:colcon.colcon_core.shell:Creating environment descriptor '/home/roboi-amr/ros2_ws/src/amr2_packages/install/roboi_amr_msgs/share/roboi_amr_msgs/hook/cmake_prefix_path.dsv'
[3.331s] INFO:colcon.colcon_core.shell:Creating environment hook '/home/roboi-amr/ros2_ws/src/amr2_packages/install/roboi_amr_msgs/share/roboi_amr_msgs/hook/cmake_prefix_path.sh'
[3.332s] Level 1:colcon.colcon_core.environment:checking '/home/roboi-amr/ros2_ws/src/amr2_packages/install/roboi_amr_msgs/lib'
[3.332s] Level 1:colcon.colcon_core.shell:create_environment_hook('roboi_amr_msgs', 'ld_library_path_lib')
[3.332s] INFO:colcon.colcon_core.shell:Creating environment hook '/home/roboi-amr/ros2_ws/src/amr2_packages/install/roboi_amr_msgs/share/roboi_amr_msgs/hook/ld_library_path_lib.ps1'
[3.332s] INFO:colcon.colcon_core.shell:Creating environment descriptor '/home/roboi-amr/ros2_ws/src/amr2_packages/install/roboi_amr_msgs/share/roboi_amr_msgs/hook/ld_library_path_lib.dsv'
[3.333s] INFO:colcon.colcon_core.shell:Creating environment hook '/home/roboi-amr/ros2_ws/src/amr2_packages/install/roboi_amr_msgs/share/roboi_amr_msgs/hook/ld_library_path_lib.sh'
[3.333s] Level 1:colcon.colcon_core.environment:checking '/home/roboi-amr/ros2_ws/src/amr2_packages/install/roboi_amr_msgs/bin'
[3.333s] Level 1:colcon.colcon_core.environment:checking '/home/roboi-amr/ros2_ws/src/amr2_packages/install/roboi_amr_msgs/lib/pkgconfig/roboi_amr_msgs.pc'
[3.333s] Level 1:colcon.colcon_core.environment:checking '/home/roboi-amr/ros2_ws/src/amr2_packages/install/roboi_amr_msgs/lib/python3.10/site-packages'
[3.333s] Level 1:colcon.colcon_core.environment:checking '/home/roboi-amr/ros2_ws/src/amr2_packages/install/roboi_amr_msgs/bin'
[3.333s] INFO:colcon.colcon_core.shell:Creating package script '/home/roboi-amr/ros2_ws/src/amr2_packages/install/roboi_amr_msgs/share/roboi_amr_msgs/package.ps1'
[3.334s] INFO:colcon.colcon_core.shell:Creating package descriptor '/home/roboi-amr/ros2_ws/src/amr2_packages/install/roboi_amr_msgs/share/roboi_amr_msgs/package.dsv'
[3.334s] INFO:colcon.colcon_core.shell:Creating package script '/home/roboi-amr/ros2_ws/src/amr2_packages/install/roboi_amr_msgs/share/roboi_amr_msgs/package.sh'
[3.335s] INFO:colcon.colcon_core.shell:Creating package script '/home/roboi-amr/ros2_ws/src/amr2_packages/install/roboi_amr_msgs/share/roboi_amr_msgs/package.bash'
[3.335s] INFO:colcon.colcon_core.shell:Creating package script '/home/roboi-amr/ros2_ws/src/amr2_packages/install/roboi_amr_msgs/share/roboi_amr_msgs/package.zsh'
[3.336s] Level 1:colcon.colcon_core.environment:create_file_with_runtime_dependencies(/home/roboi-amr/ros2_ws/src/amr2_packages/install/roboi_amr_msgs/share/colcon-core/packages/roboi_amr_msgs)
[3.391s] Level 1:colcon.colcon_core.environment:create_environment_scripts_only(roboi_amr_msgs)
[3.391s] Level 1:colcon.colcon_core.environment:checking '/home/roboi-amr/ros2_ws/src/amr2_packages/install/roboi_amr_msgs' for CMake module files
[3.392s] Level 1:colcon.colcon_core.environment:checking '/home/roboi-amr/ros2_ws/src/amr2_packages/install/roboi_amr_msgs' for CMake config files
[3.392s] Level 1:colcon.colcon_core.shell:create_environment_hook('roboi_amr_msgs', 'cmake_prefix_path')
[3.392s] INFO:colcon.colcon_core.shell:Creating environment hook '/home/roboi-amr/ros2_ws/src/amr2_packages/install/roboi_amr_msgs/share/roboi_amr_msgs/hook/cmake_prefix_path.ps1'
[3.393s] INFO:colcon.colcon_core.shell:Creating environment descriptor '/home/roboi-amr/ros2_ws/src/amr2_packages/install/roboi_amr_msgs/share/roboi_amr_msgs/hook/cmake_prefix_path.dsv'
[3.393s] INFO:colcon.colcon_core.shell:Creating environment hook '/home/roboi-amr/ros2_ws/src/amr2_packages/install/roboi_amr_msgs/share/roboi_amr_msgs/hook/cmake_prefix_path.sh'
[3.393s] Level 1:colcon.colcon_core.environment:checking '/home/roboi-amr/ros2_ws/src/amr2_packages/install/roboi_amr_msgs/lib'
[3.393s] Level 1:colcon.colcon_core.shell:create_environment_hook('roboi_amr_msgs', 'ld_library_path_lib')
[3.394s] INFO:colcon.colcon_core.shell:Creating environment hook '/home/roboi-amr/ros2_ws/src/amr2_packages/install/roboi_amr_msgs/share/roboi_amr_msgs/hook/ld_library_path_lib.ps1'
[3.394s] INFO:colcon.colcon_core.shell:Creating environment descriptor '/home/roboi-amr/ros2_ws/src/amr2_packages/install/roboi_amr_msgs/share/roboi_amr_msgs/hook/ld_library_path_lib.dsv'
[3.394s] INFO:colcon.colcon_core.shell:Creating environment hook '/home/roboi-amr/ros2_ws/src/amr2_packages/install/roboi_amr_msgs/share/roboi_amr_msgs/hook/ld_library_path_lib.sh'
[3.394s] Level 1:colcon.colcon_core.environment:checking '/home/roboi-amr/ros2_ws/src/amr2_packages/install/roboi_amr_msgs/bin'
[3.394s] Level 1:colcon.colcon_core.environment:checking '/home/roboi-amr/ros2_ws/src/amr2_packages/install/roboi_amr_msgs/lib/pkgconfig/roboi_amr_msgs.pc'
[3.395s] Level 1:colcon.colcon_core.environment:checking '/home/roboi-amr/ros2_ws/src/amr2_packages/install/roboi_amr_msgs/lib/python3.10/site-packages'
[3.395s] Level 1:colcon.colcon_core.environment:checking '/home/roboi-amr/ros2_ws/src/amr2_packages/install/roboi_amr_msgs/bin'
[3.395s] INFO:colcon.colcon_core.shell:Creating package script '/home/roboi-amr/ros2_ws/src/amr2_packages/install/roboi_amr_msgs/share/roboi_amr_msgs/package.ps1'
[3.395s] INFO:colcon.colcon_core.shell:Creating package descriptor '/home/roboi-amr/ros2_ws/src/amr2_packages/install/roboi_amr_msgs/share/roboi_amr_msgs/package.dsv'
[3.396s] INFO:colcon.colcon_core.shell:Creating package script '/home/roboi-amr/ros2_ws/src/amr2_packages/install/roboi_amr_msgs/share/roboi_amr_msgs/package.sh'
[3.396s] INFO:colcon.colcon_core.shell:Creating package script '/home/roboi-amr/ros2_ws/src/amr2_packages/install/roboi_amr_msgs/share/roboi_amr_msgs/package.bash'
[3.396s] INFO:colcon.colcon_core.shell:Creating package script '/home/roboi-amr/ros2_ws/src/amr2_packages/install/roboi_amr_msgs/share/roboi_amr_msgs/package.zsh'
[3.397s] Level 1:colcon.colcon_core.environment:create_file_with_runtime_dependencies(/home/roboi-amr/ros2_ws/src/amr2_packages/install/roboi_amr_msgs/share/colcon-core/packages/roboi_amr_msgs)
[3.397s] INFO:colcon.colcon_ros.task.ament_cmake.build:Building ROS package in '/home/roboi-amr/ros2_ws/src/amr2_packages/roboi_control' with build type 'ament_cmake'
[3.397s] INFO:colcon.colcon_cmake.task.cmake.build:Building CMake package in '/home/roboi-amr/ros2_ws/src/amr2_packages/roboi_control'
[3.397s] INFO:colcon.colcon_core.shell:Skip shell extension 'powershell' for command environment: Not usable outside of PowerShell
[3.397s] DEBUG:colcon.colcon_core.shell:Skip shell extension 'dsv' for command environment
[3.405s] DEBUG:colcon.colcon_core.event_handler.log_command:Invoking command in '/home/roboi-amr/ros2_ws/src/amr2_packages/build/roboi_amr_control': AMENT_PREFIX_PATH=/home/roboi-amr/ros2_ws/src/amr2_packages/install/roboi_amr_msgs:${AMENT_PREFIX_PATH} CMAKE_PREFIX_PATH=/home/roboi-amr/ros2_ws/src/amr2_packages/install/roboi_amr_msgs:/home/roboi-amr/ros2_ws/install/steering_control:/home/roboi-amr/ros2_ws/install/roboi_msgs:/opt/ros/humble LD_LIBRARY_PATH=/home/roboi-amr/ros2_ws/src/amr2_packages/install/roboi_amr_msgs/lib:${LD_LIBRARY_PATH} PYTHONPATH=/home/roboi-amr/ros2_ws/src/amr2_packages/install/roboi_amr_msgs/local/lib/python3.10/dist-packages:${PYTHONPATH} /usr/bin/cmake --build /home/roboi-amr/ros2_ws/src/amr2_packages/build/roboi_amr_control -- -j8 -l8
[8.910s] DEBUG:colcon.colcon_core.event_handler.log_command:Invoked command in '/home/roboi-amr/ros2_ws/src/amr2_packages/build/roboi_amr_control' returned '2': AMENT_PREFIX_PATH=/home/roboi-amr/ros2_ws/src/amr2_packages/install/roboi_amr_msgs:${AMENT_PREFIX_PATH} CMAKE_PREFIX_PATH=/home/roboi-amr/ros2_ws/src/amr2_packages/install/roboi_amr_msgs:/home/roboi-amr/ros2_ws/install/steering_control:/home/roboi-amr/ros2_ws/install/roboi_msgs:/opt/ros/humble LD_LIBRARY_PATH=/home/roboi-amr/ros2_ws/src/amr2_packages/install/roboi_amr_msgs/lib:${LD_LIBRARY_PATH} PYTHONPATH=/home/roboi-amr/ros2_ws/src/amr2_packages/install/roboi_amr_msgs/local/lib/python3.10/dist-packages:${PYTHONPATH} /usr/bin/cmake --build /home/roboi-amr/ros2_ws/src/amr2_packages/build/roboi_amr_control -- -j8 -l8
[8.929s] Level 1:colcon.colcon_core.environment:create_environment_scripts_only(roboi_amr_control)
[8.929s] Level 1:colcon.colcon_core.environment:checking '/home/roboi-amr/ros2_ws/src/amr2_packages/install/roboi_amr_control' for CMake module files
[8.930s] Level 1:colcon.colcon_core.environment:checking '/home/roboi-amr/ros2_ws/src/amr2_packages/install/roboi_amr_control' for CMake config files
[8.930s] Level 1:colcon.colcon_core.shell:create_environment_hook('roboi_amr_control', 'cmake_prefix_path')
[8.930s] INFO:colcon.colcon_core.shell:Creating environment hook '/home/roboi-amr/ros2_ws/src/amr2_packages/install/roboi_amr_control/share/roboi_amr_control/hook/cmake_prefix_path.ps1'
[8.930s] INFO:colcon.colcon_core.shell:Creating environment descriptor '/home/roboi-amr/ros2_ws/src/amr2_packages/install/roboi_amr_control/share/roboi_amr_control/hook/cmake_prefix_path.dsv'
[8.930s] INFO:colcon.colcon_core.shell:Creating environment hook '/home/roboi-amr/ros2_ws/src/amr2_packages/install/roboi_amr_control/share/roboi_amr_control/hook/cmake_prefix_path.sh'
[8.931s] Level 1:colcon.colcon_core.environment:checking '/home/roboi-amr/ros2_ws/src/amr2_packages/install/roboi_amr_control/lib'
[8.931s] Level 1:colcon.colcon_core.environment:checking '/home/roboi-amr/ros2_ws/src/amr2_packages/install/roboi_amr_control/bin'
[8.931s] Level 1:colcon.colcon_core.environment:checking '/home/roboi-amr/ros2_ws/src/amr2_packages/install/roboi_amr_control/lib/pkgconfig/roboi_amr_control.pc'
[8.931s] Level 1:colcon.colcon_core.environment:checking '/home/roboi-amr/ros2_ws/src/amr2_packages/install/roboi_amr_control/lib/python3.10/site-packages'
[8.931s] Level 1:colcon.colcon_core.environment:checking '/home/roboi-amr/ros2_ws/src/amr2_packages/install/roboi_amr_control/bin'
[8.931s] INFO:colcon.colcon_core.shell:Creating package script '/home/roboi-amr/ros2_ws/src/amr2_packages/install/roboi_amr_control/share/roboi_amr_control/package.ps1'
[8.932s] INFO:colcon.colcon_core.shell:Creating package descriptor '/home/roboi-amr/ros2_ws/src/amr2_packages/install/roboi_amr_control/share/roboi_amr_control/package.dsv'
[8.932s] INFO:colcon.colcon_core.shell:Creating package script '/home/roboi-amr/ros2_ws/src/amr2_packages/install/roboi_amr_control/share/roboi_amr_control/package.sh'
[8.932s] INFO:colcon.colcon_core.shell:Creating package script '/home/roboi-amr/ros2_ws/src/amr2_packages/install/roboi_amr_control/share/roboi_amr_control/package.bash'
[8.932s] INFO:colcon.colcon_core.shell:Creating package script '/home/roboi-amr/ros2_ws/src/amr2_packages/install/roboi_amr_control/share/roboi_amr_control/package.zsh'
[8.933s] Level 1:colcon.colcon_core.environment:create_file_with_runtime_dependencies(/home/roboi-amr/ros2_ws/src/amr2_packages/install/roboi_amr_control/share/colcon-core/packages/roboi_amr_control)
[8.933s] DEBUG:colcon.colcon_parallel_executor.executor.parallel:closing loop
[8.933s] DEBUG:colcon.colcon_parallel_executor.executor.parallel:loop closed
[8.933s] DEBUG:colcon.colcon_parallel_executor.executor.parallel:run_until_complete finished with '2'
[8.933s] DEBUG:colcon.colcon_core.event_reactor:joining thread
[8.937s] INFO:colcon.colcon_core.plugin_system:Skipping extension 'colcon_notification.desktop_notification.terminal_notifier': Not used on non-Darwin systems
[8.937s] INFO:colcon.colcon_core.plugin_system:Skipping extension 'colcon_notification.desktop_notification.win32': Not used on non-Windows systems
[8.937s] INFO:colcon.colcon_notification.desktop_notification:Sending desktop notification using 'notify2'
[8.955s] DEBUG:colcon.colcon_core.event_reactor:joined thread
[8.955s] INFO:colcon.colcon_core.shell:Creating prefix script '/home/roboi-amr/ros2_ws/src/amr2_packages/install/local_setup.ps1'
[8.956s] INFO:colcon.colcon_core.shell:Creating prefix util module '/home/roboi-amr/ros2_ws/src/amr2_packages/install/_local_setup_util_ps1.py'
[8.957s] INFO:colcon.colcon_core.shell:Creating prefix chain script '/home/roboi-amr/ros2_ws/src/amr2_packages/install/setup.ps1'
[8.958s] INFO:colcon.colcon_core.shell:Creating prefix script '/home/roboi-amr/ros2_ws/src/amr2_packages/install/local_setup.sh'
[8.959s] INFO:colcon.colcon_core.shell:Creating prefix util module '/home/roboi-amr/ros2_ws/src/amr2_packages/install/_local_setup_util_sh.py'
[8.959s] INFO:colcon.colcon_core.shell:Creating prefix chain script '/home/roboi-amr/ros2_ws/src/amr2_packages/install/setup.sh'
[8.960s] INFO:colcon.colcon_core.shell:Creating prefix script '/home/roboi-amr/ros2_ws/src/amr2_packages/install/local_setup.bash'
[8.960s] INFO:colcon.colcon_core.shell:Creating prefix chain script '/home/roboi-amr/ros2_ws/src/amr2_packages/install/setup.bash'
[8.961s] INFO:colcon.colcon_core.shell:Creating prefix script '/home/roboi-amr/ros2_ws/src/amr2_packages/install/local_setup.zsh'
[8.961s] INFO:colcon.colcon_core.shell:Creating prefix chain script '/home/roboi-amr/ros2_ws/src/amr2_packages/install/setup.zsh'
