[0.006s] Invoking command in '/home/roboi-amr/ros2_ws/src/amr2_packages/roboi_amr_msgs/build/roboi_amr_msgs': CMAKE_PREFIX_PATH=${CMAKE_PREFIX_PATH}:/opt/ros/humble /usr/bin/cmake /home/roboi-amr/ros2_ws/src/amr2_packages/roboi_amr_msgs -DCMAKE_INSTALL_PREFIX=/home/roboi-amr/ros2_ws/src/amr2_packages/roboi_amr_msgs/install/roboi_amr_msgs
[0.041s] -- The C compiler identification is GNU 11.4.0
[0.083s] -- The CXX compiler identification is GNU 11.4.0
[0.087s] -- Detecting C compiler ABI info
[0.142s] -- Detecting C compiler ABI info - done
[0.147s] -- Check for working C compiler: /usr/bin/cc - skipped
[0.147s] -- Detecting C compile features
[0.147s] -- Detecting C compile features - done
[0.149s] -- Detecting CXX compiler ABI info
[0.208s] -- Detecting CXX compiler ABI info - done
[0.213s] -- Check for working CXX compiler: /usr/bin/c++ - skipped
[0.213s] -- Detecting CXX compile features
[0.213s] -- Detecting CXX compile features - done
[0.215s] -- Found ament_cmake: 1.3.10 (/opt/ros/humble/share/ament_cmake/cmake)
[0.308s] -- Found Python3: /usr/bin/python3 (found version "3.10.12") found components: Interpreter 
[0.359s] -- Found builtin_interfaces: 1.2.1 (/opt/ros/humble/share/builtin_interfaces/cmake)
[0.378s] -- Found rosidl_generator_c: 3.1.5 (/opt/ros/humble/share/rosidl_generator_c/cmake)
[0.381s] -- Found rosidl_adapter: 3.1.5 (/opt/ros/humble/share/rosidl_adapter/cmake)
[0.385s] -- Found rosidl_generator_cpp: 3.1.5 (/opt/ros/humble/share/rosidl_generator_cpp/cmake)
[0.392s] -- Using all available rosidl_typesupport_c: rosidl_typesupport_fastrtps_c;rosidl_typesupport_introspection_c
[0.401s] -- Using all available rosidl_typesupport_cpp: rosidl_typesupport_fastrtps_cpp;rosidl_typesupport_introspection_cpp
[0.409s] -- Found rosidl_default_generators: 1.2.0 (/opt/ros/humble/share/rosidl_default_generators/cmake)
[0.414s] -- Found std_msgs: 4.2.4 (/opt/ros/humble/share/std_msgs/cmake)
[0.599s] -- Found ament_cmake_ros: 0.10.0 (/opt/ros/humble/share/ament_cmake_ros/cmake)
[0.818s] -- Using all available rosidl_typesupport_c: rosidl_typesupport_fastrtps_c;rosidl_typesupport_introspection_c
[0.902s] -- Using all available rosidl_typesupport_cpp: rosidl_typesupport_fastrtps_cpp;rosidl_typesupport_introspection_cpp
[0.917s] -- Found PythonInterp: /usr/bin/python3 (found suitable version "3.10.12", minimum required is "3.6") 
[0.918s] -- Found python_cmake_module: 0.10.0 (/opt/ros/humble/share/python_cmake_module/cmake)
[0.933s] -- Found PythonLibs: /usr/lib/x86_64-linux-gnu/libpython3.10.so (found suitable version "3.10.12", minimum required is "3.5") 
[0.933s] -- Using PYTHON_EXECUTABLE: /usr/bin/python3
[0.933s] -- Using PYTHON_INCLUDE_DIRS: /usr/include/python3.10
[0.933s] -- Using PYTHON_LIBRARIES: /usr/lib/x86_64-linux-gnu/libpython3.10.so
[0.946s] -- Found PythonExtra: .so  
[0.978s] -- Configuring done
[0.997s] -- Generating done
[0.998s] -- Build files have been written to: /home/roboi-amr/ros2_ws/src/amr2_packages/roboi_amr_msgs/build/roboi_amr_msgs
[1.003s] Invoked command in '/home/roboi-amr/ros2_ws/src/amr2_packages/roboi_amr_msgs/build/roboi_amr_msgs' returned '0': CMAKE_PREFIX_PATH=${CMAKE_PREFIX_PATH}:/opt/ros/humble /usr/bin/cmake /home/roboi-amr/ros2_ws/src/amr2_packages/roboi_amr_msgs -DCMAKE_INSTALL_PREFIX=/home/roboi-amr/ros2_ws/src/amr2_packages/roboi_amr_msgs/install/roboi_amr_msgs
[1.004s] Invoking command in '/home/roboi-amr/ros2_ws/src/amr2_packages/roboi_amr_msgs/build/roboi_amr_msgs': CMAKE_PREFIX_PATH=${CMAKE_PREFIX_PATH}:/opt/ros/humble /usr/bin/cmake --build /home/roboi-amr/ros2_ws/src/amr2_packages/roboi_amr_msgs/build/roboi_amr_msgs -- -j8 -l8
[1.028s] [  2%] [34m[1mGenerating C code for ROS interfaces[0m
[1.034s] [  5%] [34m[1mGenerating C++ code for ROS interfaces[0m
[1.039s] [  5%] Built target ament_cmake_python_copy_roboi_amr_msgs
[1.196s] running egg_info
[1.196s] creating roboi_amr_msgs.egg-info
[1.196s] writing roboi_amr_msgs.egg-info/PKG-INFO
[1.197s] writing dependency_links to roboi_amr_msgs.egg-info/dependency_links.txt
[1.197s] writing top-level names to roboi_amr_msgs.egg-info/top_level.txt
[1.197s] writing manifest file 'roboi_amr_msgs.egg-info/SOURCES.txt'
[1.198s] reading manifest file 'roboi_amr_msgs.egg-info/SOURCES.txt'
[1.199s] writing manifest file 'roboi_amr_msgs.egg-info/SOURCES.txt'
[1.218s] [  5%] Built target ament_cmake_python_build_roboi_amr_msgs_egg
[1.287s] [  5%] Built target roboi_amr_msgs__cpp
[1.293s] [  7%] [34m[1mGenerating C++ type support for eProsima Fast-RTPS[0m
[1.293s] [ 10%] [34m[1mGenerating C++ introspection for ROS interfaces[0m
[1.294s] [ 12%] [34m[1mGenerating C++ type support dispatch for ROS interfaces[0m
[1.304s] [ 15%] [32mBuilding C object CMakeFiles/roboi_amr_msgs__rosidl_generator_c.dir/rosidl_generator_c/roboi_amr_msgs/msg/detail/sterringmsg__functions.c.o[0m
[1.307s] [ 17%] [32mBuilding C object CMakeFiles/roboi_amr_msgs__rosidl_generator_c.dir/rosidl_generator_c/roboi_amr_msgs/srv/detail/led_command__functions.c.o[0m
[1.364s] [ 20%] [32m[1mLinking C shared library libroboi_amr_msgs__rosidl_generator_c.so[0m
[1.386s] [ 20%] Built target roboi_amr_msgs__rosidl_generator_c
[1.393s] [ 23%] [34m[1mGenerating C type support for eProsima Fast-RTPS[0m
[1.395s] [ 28%] [34m[1mGenerating C introspection for ROS interfaces[0m
[1.395s] [ 28%] [34m[1mGenerating C type support dispatch for ROS interfaces[0m
[1.509s] [ 30%] [32mBuilding CXX object CMakeFiles/roboi_amr_msgs__rosidl_typesupport_cpp.dir/rosidl_typesupport_cpp/roboi_amr_msgs/msg/sterringmsg__type_support.cpp.o[0m
[1.510s] [ 33%] [32mBuilding CXX object CMakeFiles/roboi_amr_msgs__rosidl_typesupport_cpp.dir/rosidl_typesupport_cpp/roboi_amr_msgs/srv/led_command__type_support.cpp.o[0m
[1.664s] [ 35%] [32mBuilding CXX object CMakeFiles/roboi_amr_msgs__rosidl_typesupport_fastrtps_cpp.dir/rosidl_typesupport_fastrtps_cpp/roboi_amr_msgs/msg/detail/dds_fastrtps/sterringmsg__type_support.cpp.o[0m
[1.664s] [ 38%] [32mBuilding CXX object CMakeFiles/roboi_amr_msgs__rosidl_typesupport_fastrtps_cpp.dir/rosidl_typesupport_fastrtps_cpp/roboi_amr_msgs/srv/detail/dds_fastrtps/led_command__type_support.cpp.o[0m
[1.670s] [ 41%] [32mBuilding CXX object CMakeFiles/roboi_amr_msgs__rosidl_typesupport_introspection_cpp.dir/rosidl_typesupport_introspection_cpp/roboi_amr_msgs/msg/detail/sterringmsg__type_support.cpp.o[0m
[1.713s] [ 43%] [32mBuilding CXX object CMakeFiles/roboi_amr_msgs__rosidl_typesupport_introspection_cpp.dir/rosidl_typesupport_introspection_cpp/roboi_amr_msgs/srv/detail/led_command__type_support.cpp.o[0m
[1.750s] [ 46%] [32mBuilding CXX object CMakeFiles/roboi_amr_msgs__rosidl_typesupport_fastrtps_c.dir/rosidl_typesupport_fastrtps_c/roboi_amr_msgs/msg/detail/sterringmsg__type_support_c.cpp.o[0m
[1.756s] [ 48%] [32mBuilding CXX object CMakeFiles/roboi_amr_msgs__rosidl_typesupport_c.dir/rosidl_typesupport_c/roboi_amr_msgs/msg/sterringmsg__type_support.cpp.o[0m
[1.785s] [ 51%] [32m[1mLinking CXX shared library libroboi_amr_msgs__rosidl_typesupport_cpp.so[0m
[1.791s] [ 53%] [32mBuilding CXX object CMakeFiles/roboi_amr_msgs__rosidl_typesupport_c.dir/rosidl_typesupport_c/roboi_amr_msgs/srv/led_command__type_support.cpp.o[0m
[1.823s] [ 56%] [32m[1mLinking CXX shared library libroboi_amr_msgs__rosidl_typesupport_c.so[0m
[1.825s] [ 58%] [32mBuilding C object CMakeFiles/roboi_amr_msgs__rosidl_typesupport_introspection_c.dir/rosidl_typesupport_introspection_c/roboi_amr_msgs/msg/detail/sterringmsg__type_support.c.o[0m
[1.827s] [ 58%] Built target roboi_amr_msgs__rosidl_typesupport_cpp
[1.834s] [ 61%] [32mBuilding CXX object CMakeFiles/roboi_amr_msgs__rosidl_typesupport_fastrtps_c.dir/rosidl_typesupport_fastrtps_c/roboi_amr_msgs/srv/detail/led_command__type_support_c.cpp.o[0m
[1.867s] [ 61%] Built target roboi_amr_msgs__rosidl_typesupport_c
[1.874s] [ 64%] [32mBuilding C object CMakeFiles/roboi_amr_msgs__rosidl_typesupport_introspection_c.dir/rosidl_typesupport_introspection_c/roboi_amr_msgs/srv/detail/led_command__type_support.c.o[0m
[1.912s] [ 66%] [32m[1mLinking C shared library libroboi_amr_msgs__rosidl_typesupport_introspection_c.so[0m
[1.944s] [ 66%] Built target roboi_amr_msgs__rosidl_typesupport_introspection_c
[2.074s] [ 69%] [32m[1mLinking CXX shared library libroboi_amr_msgs__rosidl_typesupport_fastrtps_cpp.so[0m
[2.100s] [ 71%] [32m[1mLinking CXX shared library libroboi_amr_msgs__rosidl_typesupport_introspection_cpp.so[0m
[2.125s] [ 71%] Built target roboi_amr_msgs__rosidl_typesupport_fastrtps_cpp
[2.142s] [ 71%] Built target roboi_amr_msgs__rosidl_typesupport_introspection_cpp
[2.147s] [ 74%] [32m[1mLinking CXX shared library libroboi_amr_msgs__rosidl_typesupport_fastrtps_c.so[0m
[2.202s] [ 74%] Built target roboi_amr_msgs__rosidl_typesupport_fastrtps_c
[2.214s] [ 74%] Built target roboi_amr_msgs
[2.228s] [ 76%] [34m[1mGenerating Python code for ROS interfaces[0m
[2.581s] [ 76%] Built target roboi_amr_msgs__py
[2.593s] [ 82%] [32mBuilding C object CMakeFiles/roboi_amr_msgs__rosidl_generator_py.dir/rosidl_generator_py/roboi_amr_msgs/msg/_sterringmsg_s.c.o[0m
[2.593s] [ 82%] [32mBuilding C object CMakeFiles/roboi_amr_msgs__rosidl_generator_py.dir/rosidl_generator_py/roboi_amr_msgs/srv/_led_command_s.c.o[0m
[2.660s] [ 84%] [32m[1mLinking C shared library rosidl_generator_py/roboi_amr_msgs/libroboi_amr_msgs__rosidl_generator_py.so[0m
[2.686s] [ 84%] Built target roboi_amr_msgs__rosidl_generator_py
[2.699s] [ 92%] [32mBuilding C object CMakeFiles/roboi_amr_msgs__rosidl_typesupport_c__pyext.dir/rosidl_generator_py/roboi_amr_msgs/_roboi_amr_msgs_s.ep.rosidl_typesupport_c.c.o[0m
[2.699s] [ 92%] [32mBuilding C object CMakeFiles/roboi_amr_msgs__rosidl_typesupport_fastrtps_c__pyext.dir/rosidl_generator_py/roboi_amr_msgs/_roboi_amr_msgs_s.ep.rosidl_typesupport_fastrtps_c.c.o[0m
[2.699s] [ 92%] [32mBuilding C object CMakeFiles/roboi_amr_msgs__rosidl_typesupport_introspection_c__pyext.dir/rosidl_generator_py/roboi_amr_msgs/_roboi_amr_msgs_s.ep.rosidl_typesupport_introspection_c.c.o[0m
[2.765s] [ 94%] [32m[1mLinking C shared library rosidl_generator_py/roboi_amr_msgs/roboi_amr_msgs_s__rosidl_typesupport_fastrtps_c.cpython-310-x86_64-linux-gnu.so[0m
[2.766s] [ 97%] [32m[1mLinking C shared library rosidl_generator_py/roboi_amr_msgs/roboi_amr_msgs_s__rosidl_typesupport_introspection_c.cpython-310-x86_64-linux-gnu.so[0m
[2.776s] [100%] [32m[1mLinking C shared library rosidl_generator_py/roboi_amr_msgs/roboi_amr_msgs_s__rosidl_typesupport_c.cpython-310-x86_64-linux-gnu.so[0m
[2.789s] [100%] Built target roboi_amr_msgs__rosidl_typesupport_fastrtps_c__pyext
[2.789s] [100%] Built target roboi_amr_msgs__rosidl_typesupport_introspection_c__pyext
[2.800s] [100%] Built target roboi_amr_msgs__rosidl_typesupport_c__pyext
[2.808s] Invoked command in '/home/roboi-amr/ros2_ws/src/amr2_packages/roboi_amr_msgs/build/roboi_amr_msgs' returned '0': CMAKE_PREFIX_PATH=${CMAKE_PREFIX_PATH}:/opt/ros/humble /usr/bin/cmake --build /home/roboi-amr/ros2_ws/src/amr2_packages/roboi_amr_msgs/build/roboi_amr_msgs -- -j8 -l8
[2.858s] Invoking command in '/home/roboi-amr/ros2_ws/src/amr2_packages/roboi_amr_msgs/build/roboi_amr_msgs': CMAKE_PREFIX_PATH=${CMAKE_PREFIX_PATH}:/opt/ros/humble /usr/bin/cmake --install /home/roboi-amr/ros2_ws/src/amr2_packages/roboi_amr_msgs/build/roboi_amr_msgs
[2.863s] -- Install configuration: ""
[2.863s] -- Installing: /home/roboi-amr/ros2_ws/src/amr2_packages/roboi_amr_msgs/install/roboi_amr_msgs/share/ament_index/resource_index/rosidl_interfaces/roboi_amr_msgs
[2.863s] -- Installing: /home/roboi-amr/ros2_ws/src/amr2_packages/roboi_amr_msgs/install/roboi_amr_msgs/include/roboi_amr_msgs/roboi_amr_msgs
[2.863s] -- Installing: /home/roboi-amr/ros2_ws/src/amr2_packages/roboi_amr_msgs/install/roboi_amr_msgs/include/roboi_amr_msgs/roboi_amr_msgs/srv
[2.863s] -- Installing: /home/roboi-amr/ros2_ws/src/amr2_packages/roboi_amr_msgs/install/roboi_amr_msgs/include/roboi_amr_msgs/roboi_amr_msgs/srv/led_command.h
[2.863s] -- Installing: /home/roboi-amr/ros2_ws/src/amr2_packages/roboi_amr_msgs/install/roboi_amr_msgs/include/roboi_amr_msgs/roboi_amr_msgs/srv/detail
[2.863s] -- Installing: /home/roboi-amr/ros2_ws/src/amr2_packages/roboi_amr_msgs/install/roboi_amr_msgs/include/roboi_amr_msgs/roboi_amr_msgs/srv/detail/led_command__functions.c
[2.863s] -- Installing: /home/roboi-amr/ros2_ws/src/amr2_packages/roboi_amr_msgs/install/roboi_amr_msgs/include/roboi_amr_msgs/roboi_amr_msgs/srv/detail/led_command__functions.h
[2.863s] -- Installing: /home/roboi-amr/ros2_ws/src/amr2_packages/roboi_amr_msgs/install/roboi_amr_msgs/include/roboi_amr_msgs/roboi_amr_msgs/srv/detail/led_command__struct.h
[2.863s] -- Installing: /home/roboi-amr/ros2_ws/src/amr2_packages/roboi_amr_msgs/install/roboi_amr_msgs/include/roboi_amr_msgs/roboi_amr_msgs/srv/detail/led_command__type_support.h
[2.863s] -- Installing: /home/roboi-amr/ros2_ws/src/amr2_packages/roboi_amr_msgs/install/roboi_amr_msgs/include/roboi_amr_msgs/roboi_amr_msgs/msg
[2.864s] -- Installing: /home/roboi-amr/ros2_ws/src/amr2_packages/roboi_amr_msgs/install/roboi_amr_msgs/include/roboi_amr_msgs/roboi_amr_msgs/msg/sterringmsg.h
[2.864s] -- Installing: /home/roboi-amr/ros2_ws/src/amr2_packages/roboi_amr_msgs/install/roboi_amr_msgs/include/roboi_amr_msgs/roboi_amr_msgs/msg/detail
[2.864s] -- Installing: /home/roboi-amr/ros2_ws/src/amr2_packages/roboi_amr_msgs/install/roboi_amr_msgs/include/roboi_amr_msgs/roboi_amr_msgs/msg/detail/sterringmsg__functions.c
[2.864s] -- Installing: /home/roboi-amr/ros2_ws/src/amr2_packages/roboi_amr_msgs/install/roboi_amr_msgs/include/roboi_amr_msgs/roboi_amr_msgs/msg/detail/sterringmsg__type_support.h
[2.864s] -- Installing: /home/roboi-amr/ros2_ws/src/amr2_packages/roboi_amr_msgs/install/roboi_amr_msgs/include/roboi_amr_msgs/roboi_amr_msgs/msg/detail/sterringmsg__struct.h
[2.864s] -- Installing: /home/roboi-amr/ros2_ws/src/amr2_packages/roboi_amr_msgs/install/roboi_amr_msgs/include/roboi_amr_msgs/roboi_amr_msgs/msg/detail/sterringmsg__functions.h
[2.864s] -- Installing: /home/roboi-amr/ros2_ws/src/amr2_packages/roboi_amr_msgs/install/roboi_amr_msgs/include/roboi_amr_msgs/roboi_amr_msgs/msg/rosidl_generator_c__visibility_control.h
[2.864s] -- Installing: /home/roboi-amr/ros2_ws/src/amr2_packages/roboi_amr_msgs/install/roboi_amr_msgs/share/roboi_amr_msgs/environment/library_path.sh
[2.864s] -- Installing: /home/roboi-amr/ros2_ws/src/amr2_packages/roboi_amr_msgs/install/roboi_amr_msgs/share/roboi_amr_msgs/environment/library_path.dsv
[2.864s] -- Installing: /home/roboi-amr/ros2_ws/src/amr2_packages/roboi_amr_msgs/install/roboi_amr_msgs/lib/libroboi_amr_msgs__rosidl_generator_c.so
[2.864s] -- Set runtime path of "/home/roboi-amr/ros2_ws/src/amr2_packages/roboi_amr_msgs/install/roboi_amr_msgs/lib/libroboi_amr_msgs__rosidl_generator_c.so" to ""
[2.864s] -- Up-to-date: /home/roboi-amr/ros2_ws/src/amr2_packages/roboi_amr_msgs/install/roboi_amr_msgs/include/roboi_amr_msgs/roboi_amr_msgs
[2.864s] -- Up-to-date: /home/roboi-amr/ros2_ws/src/amr2_packages/roboi_amr_msgs/install/roboi_amr_msgs/include/roboi_amr_msgs/roboi_amr_msgs/srv
[2.865s] -- Up-to-date: /home/roboi-amr/ros2_ws/src/amr2_packages/roboi_amr_msgs/install/roboi_amr_msgs/include/roboi_amr_msgs/roboi_amr_msgs/srv/detail
[2.865s] -- Installing: /home/roboi-amr/ros2_ws/src/amr2_packages/roboi_amr_msgs/install/roboi_amr_msgs/include/roboi_amr_msgs/roboi_amr_msgs/srv/detail/led_command__rosidl_typesupport_fastrtps_c.h
[2.865s] -- Up-to-date: /home/roboi-amr/ros2_ws/src/amr2_packages/roboi_amr_msgs/install/roboi_amr_msgs/include/roboi_amr_msgs/roboi_amr_msgs/msg
[2.865s] -- Installing: /home/roboi-amr/ros2_ws/src/amr2_packages/roboi_amr_msgs/install/roboi_amr_msgs/include/roboi_amr_msgs/roboi_amr_msgs/msg/rosidl_typesupport_fastrtps_c__visibility_control.h
[2.865s] -- Up-to-date: /home/roboi-amr/ros2_ws/src/amr2_packages/roboi_amr_msgs/install/roboi_amr_msgs/include/roboi_amr_msgs/roboi_amr_msgs/msg/detail
[2.865s] -- Installing: /home/roboi-amr/ros2_ws/src/amr2_packages/roboi_amr_msgs/install/roboi_amr_msgs/include/roboi_amr_msgs/roboi_amr_msgs/msg/detail/sterringmsg__rosidl_typesupport_fastrtps_c.h
[2.865s] -- Installing: /home/roboi-amr/ros2_ws/src/amr2_packages/roboi_amr_msgs/install/roboi_amr_msgs/lib/libroboi_amr_msgs__rosidl_typesupport_fastrtps_c.so
[2.865s] -- Set runtime path of "/home/roboi-amr/ros2_ws/src/amr2_packages/roboi_amr_msgs/install/roboi_amr_msgs/lib/libroboi_amr_msgs__rosidl_typesupport_fastrtps_c.so" to ""
[2.865s] -- Up-to-date: /home/roboi-amr/ros2_ws/src/amr2_packages/roboi_amr_msgs/install/roboi_amr_msgs/include/roboi_amr_msgs/roboi_amr_msgs
[2.865s] -- Up-to-date: /home/roboi-amr/ros2_ws/src/amr2_packages/roboi_amr_msgs/install/roboi_amr_msgs/include/roboi_amr_msgs/roboi_amr_msgs/srv
[2.865s] -- Installing: /home/roboi-amr/ros2_ws/src/amr2_packages/roboi_amr_msgs/install/roboi_amr_msgs/include/roboi_amr_msgs/roboi_amr_msgs/srv/led_command.hpp
[2.865s] -- Up-to-date: /home/roboi-amr/ros2_ws/src/amr2_packages/roboi_amr_msgs/install/roboi_amr_msgs/include/roboi_amr_msgs/roboi_amr_msgs/srv/detail
[2.865s] -- Installing: /home/roboi-amr/ros2_ws/src/amr2_packages/roboi_amr_msgs/install/roboi_amr_msgs/include/roboi_amr_msgs/roboi_amr_msgs/srv/detail/led_command__struct.hpp
[2.865s] -- Installing: /home/roboi-amr/ros2_ws/src/amr2_packages/roboi_amr_msgs/install/roboi_amr_msgs/include/roboi_amr_msgs/roboi_amr_msgs/srv/detail/led_command__builder.hpp
[2.865s] -- Installing: /home/roboi-amr/ros2_ws/src/amr2_packages/roboi_amr_msgs/install/roboi_amr_msgs/include/roboi_amr_msgs/roboi_amr_msgs/srv/detail/led_command__traits.hpp
[2.865s] -- Up-to-date: /home/roboi-amr/ros2_ws/src/amr2_packages/roboi_amr_msgs/install/roboi_amr_msgs/include/roboi_amr_msgs/roboi_amr_msgs/msg
[2.865s] -- Up-to-date: /home/roboi-amr/ros2_ws/src/amr2_packages/roboi_amr_msgs/install/roboi_amr_msgs/include/roboi_amr_msgs/roboi_amr_msgs/msg/detail
[2.865s] -- Installing: /home/roboi-amr/ros2_ws/src/amr2_packages/roboi_amr_msgs/install/roboi_amr_msgs/include/roboi_amr_msgs/roboi_amr_msgs/msg/detail/sterringmsg__builder.hpp
[2.866s] -- Installing: /home/roboi-amr/ros2_ws/src/amr2_packages/roboi_amr_msgs/install/roboi_amr_msgs/include/roboi_amr_msgs/roboi_amr_msgs/msg/detail/sterringmsg__struct.hpp
[2.866s] -- Installing: /home/roboi-amr/ros2_ws/src/amr2_packages/roboi_amr_msgs/install/roboi_amr_msgs/include/roboi_amr_msgs/roboi_amr_msgs/msg/detail/sterringmsg__traits.hpp
[2.866s] -- Installing: /home/roboi-amr/ros2_ws/src/amr2_packages/roboi_amr_msgs/install/roboi_amr_msgs/include/roboi_amr_msgs/roboi_amr_msgs/msg/sterringmsg.hpp
[2.866s] -- Up-to-date: /home/roboi-amr/ros2_ws/src/amr2_packages/roboi_amr_msgs/install/roboi_amr_msgs/include/roboi_amr_msgs/roboi_amr_msgs
[2.866s] -- Up-to-date: /home/roboi-amr/ros2_ws/src/amr2_packages/roboi_amr_msgs/install/roboi_amr_msgs/include/roboi_amr_msgs/roboi_amr_msgs/srv
[2.866s] -- Up-to-date: /home/roboi-amr/ros2_ws/src/amr2_packages/roboi_amr_msgs/install/roboi_amr_msgs/include/roboi_amr_msgs/roboi_amr_msgs/srv/detail
[2.866s] -- Installing: /home/roboi-amr/ros2_ws/src/amr2_packages/roboi_amr_msgs/install/roboi_amr_msgs/include/roboi_amr_msgs/roboi_amr_msgs/srv/detail/led_command__rosidl_typesupport_fastrtps_cpp.hpp
[2.866s] -- Installing: /home/roboi-amr/ros2_ws/src/amr2_packages/roboi_amr_msgs/install/roboi_amr_msgs/include/roboi_amr_msgs/roboi_amr_msgs/srv/detail/dds_fastrtps
[2.866s] -- Up-to-date: /home/roboi-amr/ros2_ws/src/amr2_packages/roboi_amr_msgs/install/roboi_amr_msgs/include/roboi_amr_msgs/roboi_amr_msgs/msg
[2.866s] -- Up-to-date: /home/roboi-amr/ros2_ws/src/amr2_packages/roboi_amr_msgs/install/roboi_amr_msgs/include/roboi_amr_msgs/roboi_amr_msgs/msg/detail
[2.866s] -- Installing: /home/roboi-amr/ros2_ws/src/amr2_packages/roboi_amr_msgs/install/roboi_amr_msgs/include/roboi_amr_msgs/roboi_amr_msgs/msg/detail/sterringmsg__rosidl_typesupport_fastrtps_cpp.hpp
[2.866s] -- Installing: /home/roboi-amr/ros2_ws/src/amr2_packages/roboi_amr_msgs/install/roboi_amr_msgs/include/roboi_amr_msgs/roboi_amr_msgs/msg/detail/dds_fastrtps
[2.866s] -- Installing: /home/roboi-amr/ros2_ws/src/amr2_packages/roboi_amr_msgs/install/roboi_amr_msgs/include/roboi_amr_msgs/roboi_amr_msgs/msg/rosidl_typesupport_fastrtps_cpp__visibility_control.h
[2.866s] -- Installing: /home/roboi-amr/ros2_ws/src/amr2_packages/roboi_amr_msgs/install/roboi_amr_msgs/lib/libroboi_amr_msgs__rosidl_typesupport_fastrtps_cpp.so
[2.866s] -- Set runtime path of "/home/roboi-amr/ros2_ws/src/amr2_packages/roboi_amr_msgs/install/roboi_amr_msgs/lib/libroboi_amr_msgs__rosidl_typesupport_fastrtps_cpp.so" to ""
[2.866s] -- Up-to-date: /home/roboi-amr/ros2_ws/src/amr2_packages/roboi_amr_msgs/install/roboi_amr_msgs/include/roboi_amr_msgs/roboi_amr_msgs
[2.866s] -- Up-to-date: /home/roboi-amr/ros2_ws/src/amr2_packages/roboi_amr_msgs/install/roboi_amr_msgs/include/roboi_amr_msgs/roboi_amr_msgs/srv
[2.866s] -- Up-to-date: /home/roboi-amr/ros2_ws/src/amr2_packages/roboi_amr_msgs/install/roboi_amr_msgs/include/roboi_amr_msgs/roboi_amr_msgs/srv/detail
[2.866s] -- Installing: /home/roboi-amr/ros2_ws/src/amr2_packages/roboi_amr_msgs/install/roboi_amr_msgs/include/roboi_amr_msgs/roboi_amr_msgs/srv/detail/led_command__type_support.c
[2.866s] -- Installing: /home/roboi-amr/ros2_ws/src/amr2_packages/roboi_amr_msgs/install/roboi_amr_msgs/include/roboi_amr_msgs/roboi_amr_msgs/srv/detail/led_command__rosidl_typesupport_introspection_c.h
[2.866s] -- Up-to-date: /home/roboi-amr/ros2_ws/src/amr2_packages/roboi_amr_msgs/install/roboi_amr_msgs/include/roboi_amr_msgs/roboi_amr_msgs/msg
[2.867s] -- Installing: /home/roboi-amr/ros2_ws/src/amr2_packages/roboi_amr_msgs/install/roboi_amr_msgs/include/roboi_amr_msgs/roboi_amr_msgs/msg/rosidl_typesupport_introspection_c__visibility_control.h
[2.867s] -- Up-to-date: /home/roboi-amr/ros2_ws/src/amr2_packages/roboi_amr_msgs/install/roboi_amr_msgs/include/roboi_amr_msgs/roboi_amr_msgs/msg/detail
[2.867s] -- Installing: /home/roboi-amr/ros2_ws/src/amr2_packages/roboi_amr_msgs/install/roboi_amr_msgs/include/roboi_amr_msgs/roboi_amr_msgs/msg/detail/sterringmsg__type_support.c
[2.867s] -- Installing: /home/roboi-amr/ros2_ws/src/amr2_packages/roboi_amr_msgs/install/roboi_amr_msgs/include/roboi_amr_msgs/roboi_amr_msgs/msg/detail/sterringmsg__rosidl_typesupport_introspection_c.h
[2.867s] -- Installing: /home/roboi-amr/ros2_ws/src/amr2_packages/roboi_amr_msgs/install/roboi_amr_msgs/lib/libroboi_amr_msgs__rosidl_typesupport_introspection_c.so
[2.867s] -- Set runtime path of "/home/roboi-amr/ros2_ws/src/amr2_packages/roboi_amr_msgs/install/roboi_amr_msgs/lib/libroboi_amr_msgs__rosidl_typesupport_introspection_c.so" to ""
[2.867s] -- Installing: /home/roboi-amr/ros2_ws/src/amr2_packages/roboi_amr_msgs/install/roboi_amr_msgs/lib/libroboi_amr_msgs__rosidl_typesupport_c.so
[2.867s] -- Set runtime path of "/home/roboi-amr/ros2_ws/src/amr2_packages/roboi_amr_msgs/install/roboi_amr_msgs/lib/libroboi_amr_msgs__rosidl_typesupport_c.so" to ""
[2.867s] -- Up-to-date: /home/roboi-amr/ros2_ws/src/amr2_packages/roboi_amr_msgs/install/roboi_amr_msgs/include/roboi_amr_msgs/roboi_amr_msgs
[2.867s] -- Up-to-date: /home/roboi-amr/ros2_ws/src/amr2_packages/roboi_amr_msgs/install/roboi_amr_msgs/include/roboi_amr_msgs/roboi_amr_msgs/srv
[2.867s] -- Up-to-date: /home/roboi-amr/ros2_ws/src/amr2_packages/roboi_amr_msgs/install/roboi_amr_msgs/include/roboi_amr_msgs/roboi_amr_msgs/srv/detail
[2.867s] -- Installing: /home/roboi-amr/ros2_ws/src/amr2_packages/roboi_amr_msgs/install/roboi_amr_msgs/include/roboi_amr_msgs/roboi_amr_msgs/srv/detail/led_command__type_support.cpp
[2.867s] -- Installing: /home/roboi-amr/ros2_ws/src/amr2_packages/roboi_amr_msgs/install/roboi_amr_msgs/include/roboi_amr_msgs/roboi_amr_msgs/srv/detail/led_command__rosidl_typesupport_introspection_cpp.hpp
[2.867s] -- Up-to-date: /home/roboi-amr/ros2_ws/src/amr2_packages/roboi_amr_msgs/install/roboi_amr_msgs/include/roboi_amr_msgs/roboi_amr_msgs/msg
[2.867s] -- Up-to-date: /home/roboi-amr/ros2_ws/src/amr2_packages/roboi_amr_msgs/install/roboi_amr_msgs/include/roboi_amr_msgs/roboi_amr_msgs/msg/detail
[2.867s] -- Installing: /home/roboi-amr/ros2_ws/src/amr2_packages/roboi_amr_msgs/install/roboi_amr_msgs/include/roboi_amr_msgs/roboi_amr_msgs/msg/detail/sterringmsg__rosidl_typesupport_introspection_cpp.hpp
[2.867s] -- Installing: /home/roboi-amr/ros2_ws/src/amr2_packages/roboi_amr_msgs/install/roboi_amr_msgs/include/roboi_amr_msgs/roboi_amr_msgs/msg/detail/sterringmsg__type_support.cpp
[2.867s] -- Installing: /home/roboi-amr/ros2_ws/src/amr2_packages/roboi_amr_msgs/install/roboi_amr_msgs/lib/libroboi_amr_msgs__rosidl_typesupport_introspection_cpp.so
[2.867s] -- Set runtime path of "/home/roboi-amr/ros2_ws/src/amr2_packages/roboi_amr_msgs/install/roboi_amr_msgs/lib/libroboi_amr_msgs__rosidl_typesupport_introspection_cpp.so" to ""
[2.868s] -- Installing: /home/roboi-amr/ros2_ws/src/amr2_packages/roboi_amr_msgs/install/roboi_amr_msgs/lib/libroboi_amr_msgs__rosidl_typesupport_cpp.so
[2.868s] -- Set runtime path of "/home/roboi-amr/ros2_ws/src/amr2_packages/roboi_amr_msgs/install/roboi_amr_msgs/lib/libroboi_amr_msgs__rosidl_typesupport_cpp.so" to ""
[2.868s] -- Installing: /home/roboi-amr/ros2_ws/src/amr2_packages/roboi_amr_msgs/install/roboi_amr_msgs/share/roboi_amr_msgs/environment/pythonpath.sh
[2.868s] -- Installing: /home/roboi-amr/ros2_ws/src/amr2_packages/roboi_amr_msgs/install/roboi_amr_msgs/share/roboi_amr_msgs/environment/pythonpath.dsv
[2.868s] -- Installing: /home/roboi-amr/ros2_ws/src/amr2_packages/roboi_amr_msgs/install/roboi_amr_msgs/local/lib/python3.10/dist-packages/roboi_amr_msgs-0.0.0-py3.10.egg-info
[2.868s] -- Installing: /home/roboi-amr/ros2_ws/src/amr2_packages/roboi_amr_msgs/install/roboi_amr_msgs/local/lib/python3.10/dist-packages/roboi_amr_msgs-0.0.0-py3.10.egg-info/dependency_links.txt
[2.868s] -- Installing: /home/roboi-amr/ros2_ws/src/amr2_packages/roboi_amr_msgs/install/roboi_amr_msgs/local/lib/python3.10/dist-packages/roboi_amr_msgs-0.0.0-py3.10.egg-info/SOURCES.txt
[2.868s] -- Installing: /home/roboi-amr/ros2_ws/src/amr2_packages/roboi_amr_msgs/install/roboi_amr_msgs/local/lib/python3.10/dist-packages/roboi_amr_msgs-0.0.0-py3.10.egg-info/PKG-INFO
[2.868s] -- Installing: /home/roboi-amr/ros2_ws/src/amr2_packages/roboi_amr_msgs/install/roboi_amr_msgs/local/lib/python3.10/dist-packages/roboi_amr_msgs-0.0.0-py3.10.egg-info/top_level.txt
[2.868s] -- Installing: /home/roboi-amr/ros2_ws/src/amr2_packages/roboi_amr_msgs/install/roboi_amr_msgs/local/lib/python3.10/dist-packages/roboi_amr_msgs
[2.868s] -- Installing: /home/roboi-amr/ros2_ws/src/amr2_packages/roboi_amr_msgs/install/roboi_amr_msgs/local/lib/python3.10/dist-packages/roboi_amr_msgs/__init__.py
[2.868s] -- Installing: /home/roboi-amr/ros2_ws/src/amr2_packages/roboi_amr_msgs/install/roboi_amr_msgs/local/lib/python3.10/dist-packages/roboi_amr_msgs/_roboi_amr_msgs_s.ep.rosidl_typesupport_fastrtps_c.c
[2.868s] -- Installing: /home/roboi-amr/ros2_ws/src/amr2_packages/roboi_amr_msgs/install/roboi_amr_msgs/local/lib/python3.10/dist-packages/roboi_amr_msgs/_roboi_amr_msgs_s.ep.rosidl_typesupport_introspection_c.c
[2.868s] -- Installing: /home/roboi-amr/ros2_ws/src/amr2_packages/roboi_amr_msgs/install/roboi_amr_msgs/local/lib/python3.10/dist-packages/roboi_amr_msgs/roboi_amr_msgs_s__rosidl_typesupport_introspection_c.cpython-310-x86_64-linux-gnu.so
[2.868s] -- Installing: /home/roboi-amr/ros2_ws/src/amr2_packages/roboi_amr_msgs/install/roboi_amr_msgs/local/lib/python3.10/dist-packages/roboi_amr_msgs/roboi_amr_msgs_s__rosidl_typesupport_c.cpython-310-x86_64-linux-gnu.so
[2.868s] -- Installing: /home/roboi-amr/ros2_ws/src/amr2_packages/roboi_amr_msgs/install/roboi_amr_msgs/local/lib/python3.10/dist-packages/roboi_amr_msgs/srv
[2.868s] -- Installing: /home/roboi-amr/ros2_ws/src/amr2_packages/roboi_amr_msgs/install/roboi_amr_msgs/local/lib/python3.10/dist-packages/roboi_amr_msgs/srv/__init__.py
[2.869s] -- Installing: /home/roboi-amr/ros2_ws/src/amr2_packages/roboi_amr_msgs/install/roboi_amr_msgs/local/lib/python3.10/dist-packages/roboi_amr_msgs/srv/_led_command.py
[2.869s] -- Installing: /home/roboi-amr/ros2_ws/src/amr2_packages/roboi_amr_msgs/install/roboi_amr_msgs/local/lib/python3.10/dist-packages/roboi_amr_msgs/srv/_led_command_s.c
[2.869s] -- Installing: /home/roboi-amr/ros2_ws/src/amr2_packages/roboi_amr_msgs/install/roboi_amr_msgs/local/lib/python3.10/dist-packages/roboi_amr_msgs/msg
[2.869s] -- Installing: /home/roboi-amr/ros2_ws/src/amr2_packages/roboi_amr_msgs/install/roboi_amr_msgs/local/lib/python3.10/dist-packages/roboi_amr_msgs/msg/__init__.py
[2.869s] -- Installing: /home/roboi-amr/ros2_ws/src/amr2_packages/roboi_amr_msgs/install/roboi_amr_msgs/local/lib/python3.10/dist-packages/roboi_amr_msgs/msg/_sterringmsg_s.c
[2.869s] -- Installing: /home/roboi-amr/ros2_ws/src/amr2_packages/roboi_amr_msgs/install/roboi_amr_msgs/local/lib/python3.10/dist-packages/roboi_amr_msgs/msg/_sterringmsg.py
[2.869s] -- Installing: /home/roboi-amr/ros2_ws/src/amr2_packages/roboi_amr_msgs/install/roboi_amr_msgs/local/lib/python3.10/dist-packages/roboi_amr_msgs/roboi_amr_msgs_s__rosidl_typesupport_fastrtps_c.cpython-310-x86_64-linux-gnu.so
[2.869s] -- Installing: /home/roboi-amr/ros2_ws/src/amr2_packages/roboi_amr_msgs/install/roboi_amr_msgs/local/lib/python3.10/dist-packages/roboi_amr_msgs/_roboi_amr_msgs_s.ep.rosidl_typesupport_c.c
[2.869s] -- Installing: /home/roboi-amr/ros2_ws/src/amr2_packages/roboi_amr_msgs/install/roboi_amr_msgs/local/lib/python3.10/dist-packages/roboi_amr_msgs/libroboi_amr_msgs__rosidl_generator_py.so
[2.893s] Listing '/home/roboi-amr/ros2_ws/src/amr2_packages/roboi_amr_msgs/install/roboi_amr_msgs/local/lib/python3.10/dist-packages/roboi_amr_msgs'...
[2.893s] Compiling '/home/roboi-amr/ros2_ws/src/amr2_packages/roboi_amr_msgs/install/roboi_amr_msgs/local/lib/python3.10/dist-packages/roboi_amr_msgs/__init__.py'...
[2.893s] Listing '/home/roboi-amr/ros2_ws/src/amr2_packages/roboi_amr_msgs/install/roboi_amr_msgs/local/lib/python3.10/dist-packages/roboi_amr_msgs/msg'...
[2.893s] Compiling '/home/roboi-amr/ros2_ws/src/amr2_packages/roboi_amr_msgs/install/roboi_amr_msgs/local/lib/python3.10/dist-packages/roboi_amr_msgs/msg/__init__.py'...
[2.893s] Compiling '/home/roboi-amr/ros2_ws/src/amr2_packages/roboi_amr_msgs/install/roboi_amr_msgs/local/lib/python3.10/dist-packages/roboi_amr_msgs/msg/_sterringmsg.py'...
[2.893s] Listing '/home/roboi-amr/ros2_ws/src/amr2_packages/roboi_amr_msgs/install/roboi_amr_msgs/local/lib/python3.10/dist-packages/roboi_amr_msgs/srv'...
[2.893s] Compiling '/home/roboi-amr/ros2_ws/src/amr2_packages/roboi_amr_msgs/install/roboi_amr_msgs/local/lib/python3.10/dist-packages/roboi_amr_msgs/srv/__init__.py'...
[2.893s] Compiling '/home/roboi-amr/ros2_ws/src/amr2_packages/roboi_amr_msgs/install/roboi_amr_msgs/local/lib/python3.10/dist-packages/roboi_amr_msgs/srv/_led_command.py'...
[2.896s] -- Installing: /home/roboi-amr/ros2_ws/src/amr2_packages/roboi_amr_msgs/install/roboi_amr_msgs/local/lib/python3.10/dist-packages/roboi_amr_msgs/roboi_amr_msgs_s__rosidl_typesupport_fastrtps_c.cpython-310-x86_64-linux-gnu.so
[2.896s] -- Set runtime path of "/home/roboi-amr/ros2_ws/src/amr2_packages/roboi_amr_msgs/install/roboi_amr_msgs/local/lib/python3.10/dist-packages/roboi_amr_msgs/roboi_amr_msgs_s__rosidl_typesupport_fastrtps_c.cpython-310-x86_64-linux-gnu.so" to ""
[2.896s] -- Installing: /home/roboi-amr/ros2_ws/src/amr2_packages/roboi_amr_msgs/install/roboi_amr_msgs/local/lib/python3.10/dist-packages/roboi_amr_msgs/roboi_amr_msgs_s__rosidl_typesupport_introspection_c.cpython-310-x86_64-linux-gnu.so
[2.896s] -- Set runtime path of "/home/roboi-amr/ros2_ws/src/amr2_packages/roboi_amr_msgs/install/roboi_amr_msgs/local/lib/python3.10/dist-packages/roboi_amr_msgs/roboi_amr_msgs_s__rosidl_typesupport_introspection_c.cpython-310-x86_64-linux-gnu.so" to ""
[2.896s] -- Installing: /home/roboi-amr/ros2_ws/src/amr2_packages/roboi_amr_msgs/install/roboi_amr_msgs/local/lib/python3.10/dist-packages/roboi_amr_msgs/roboi_amr_msgs_s__rosidl_typesupport_c.cpython-310-x86_64-linux-gnu.so
[2.897s] -- Set runtime path of "/home/roboi-amr/ros2_ws/src/amr2_packages/roboi_amr_msgs/install/roboi_amr_msgs/local/lib/python3.10/dist-packages/roboi_amr_msgs/roboi_amr_msgs_s__rosidl_typesupport_c.cpython-310-x86_64-linux-gnu.so" to ""
[2.897s] -- Installing: /home/roboi-amr/ros2_ws/src/amr2_packages/roboi_amr_msgs/install/roboi_amr_msgs/lib/libroboi_amr_msgs__rosidl_generator_py.so
[2.897s] -- Set runtime path of "/home/roboi-amr/ros2_ws/src/amr2_packages/roboi_amr_msgs/install/roboi_amr_msgs/lib/libroboi_amr_msgs__rosidl_generator_py.so" to ""
[2.897s] -- Installing: /home/roboi-amr/ros2_ws/src/amr2_packages/roboi_amr_msgs/install/roboi_amr_msgs/share/roboi_amr_msgs/msg/Sterringmsg.idl
[2.897s] -- Installing: /home/roboi-amr/ros2_ws/src/amr2_packages/roboi_amr_msgs/install/roboi_amr_msgs/share/roboi_amr_msgs/srv/LedCommand.idl
[2.897s] -- Installing: /home/roboi-amr/ros2_ws/src/amr2_packages/roboi_amr_msgs/install/roboi_amr_msgs/share/roboi_amr_msgs/msg/Sterringmsg.msg
[2.897s] -- Installing: /home/roboi-amr/ros2_ws/src/amr2_packages/roboi_amr_msgs/install/roboi_amr_msgs/share/roboi_amr_msgs/srv/LedCommand.srv
[2.897s] -- Installing: /home/roboi-amr/ros2_ws/src/amr2_packages/roboi_amr_msgs/install/roboi_amr_msgs/share/roboi_amr_msgs/srv/LedCommand_Request.msg
[2.897s] -- Installing: /home/roboi-amr/ros2_ws/src/amr2_packages/roboi_amr_msgs/install/roboi_amr_msgs/share/roboi_amr_msgs/srv/LedCommand_Response.msg
[2.897s] -- Installing: /home/roboi-amr/ros2_ws/src/amr2_packages/roboi_amr_msgs/install/roboi_amr_msgs/share/ament_index/resource_index/package_run_dependencies/roboi_amr_msgs
[2.897s] -- Installing: /home/roboi-amr/ros2_ws/src/amr2_packages/roboi_amr_msgs/install/roboi_amr_msgs/share/ament_index/resource_index/parent_prefix_path/roboi_amr_msgs
[2.897s] -- Installing: /home/roboi-amr/ros2_ws/src/amr2_packages/roboi_amr_msgs/install/roboi_amr_msgs/share/roboi_amr_msgs/environment/ament_prefix_path.sh
[2.898s] -- Installing: /home/roboi-amr/ros2_ws/src/amr2_packages/roboi_amr_msgs/install/roboi_amr_msgs/share/roboi_amr_msgs/environment/ament_prefix_path.dsv
[2.898s] -- Installing: /home/roboi-amr/ros2_ws/src/amr2_packages/roboi_amr_msgs/install/roboi_amr_msgs/share/roboi_amr_msgs/environment/path.sh
[2.898s] -- Installing: /home/roboi-amr/ros2_ws/src/amr2_packages/roboi_amr_msgs/install/roboi_amr_msgs/share/roboi_amr_msgs/environment/path.dsv
[2.898s] -- Installing: /home/roboi-amr/ros2_ws/src/amr2_packages/roboi_amr_msgs/install/roboi_amr_msgs/share/roboi_amr_msgs/local_setup.bash
[2.898s] -- Installing: /home/roboi-amr/ros2_ws/src/amr2_packages/roboi_amr_msgs/install/roboi_amr_msgs/share/roboi_amr_msgs/local_setup.sh
[2.898s] -- Installing: /home/roboi-amr/ros2_ws/src/amr2_packages/roboi_amr_msgs/install/roboi_amr_msgs/share/roboi_amr_msgs/local_setup.zsh
[2.898s] -- Installing: /home/roboi-amr/ros2_ws/src/amr2_packages/roboi_amr_msgs/install/roboi_amr_msgs/share/roboi_amr_msgs/local_setup.dsv
[2.898s] -- Installing: /home/roboi-amr/ros2_ws/src/amr2_packages/roboi_amr_msgs/install/roboi_amr_msgs/share/roboi_amr_msgs/package.dsv
[2.898s] -- Installing: /home/roboi-amr/ros2_ws/src/amr2_packages/roboi_amr_msgs/install/roboi_amr_msgs/share/ament_index/resource_index/packages/roboi_amr_msgs
[2.898s] -- Installing: /home/roboi-amr/ros2_ws/src/amr2_packages/roboi_amr_msgs/install/roboi_amr_msgs/share/roboi_amr_msgs/cmake/export_roboi_amr_msgs__rosidl_generator_cExport.cmake
[2.898s] -- Installing: /home/roboi-amr/ros2_ws/src/amr2_packages/roboi_amr_msgs/install/roboi_amr_msgs/share/roboi_amr_msgs/cmake/export_roboi_amr_msgs__rosidl_generator_cExport-noconfig.cmake
[2.898s] -- Installing: /home/roboi-amr/ros2_ws/src/amr2_packages/roboi_amr_msgs/install/roboi_amr_msgs/share/roboi_amr_msgs/cmake/export_roboi_amr_msgs__rosidl_typesupport_fastrtps_cExport.cmake
[2.898s] -- Installing: /home/roboi-amr/ros2_ws/src/amr2_packages/roboi_amr_msgs/install/roboi_amr_msgs/share/roboi_amr_msgs/cmake/export_roboi_amr_msgs__rosidl_typesupport_fastrtps_cExport-noconfig.cmake
[2.898s] -- Installing: /home/roboi-amr/ros2_ws/src/amr2_packages/roboi_amr_msgs/install/roboi_amr_msgs/share/roboi_amr_msgs/cmake/export_roboi_amr_msgs__rosidl_generator_cppExport.cmake
[2.898s] -- Installing: /home/roboi-amr/ros2_ws/src/amr2_packages/roboi_amr_msgs/install/roboi_amr_msgs/share/roboi_amr_msgs/cmake/export_roboi_amr_msgs__rosidl_typesupport_fastrtps_cppExport.cmake
[2.899s] -- Installing: /home/roboi-amr/ros2_ws/src/amr2_packages/roboi_amr_msgs/install/roboi_amr_msgs/share/roboi_amr_msgs/cmake/export_roboi_amr_msgs__rosidl_typesupport_fastrtps_cppExport-noconfig.cmake
[2.899s] -- Installing: /home/roboi-amr/ros2_ws/src/amr2_packages/roboi_amr_msgs/install/roboi_amr_msgs/share/roboi_amr_msgs/cmake/roboi_amr_msgs__rosidl_typesupport_introspection_cExport.cmake
[2.899s] -- Installing: /home/roboi-amr/ros2_ws/src/amr2_packages/roboi_amr_msgs/install/roboi_amr_msgs/share/roboi_amr_msgs/cmake/roboi_amr_msgs__rosidl_typesupport_introspection_cExport-noconfig.cmake
[2.899s] -- Installing: /home/roboi-amr/ros2_ws/src/amr2_packages/roboi_amr_msgs/install/roboi_amr_msgs/share/roboi_amr_msgs/cmake/roboi_amr_msgs__rosidl_typesupport_cExport.cmake
[2.899s] -- Installing: /home/roboi-amr/ros2_ws/src/amr2_packages/roboi_amr_msgs/install/roboi_amr_msgs/share/roboi_amr_msgs/cmake/roboi_amr_msgs__rosidl_typesupport_cExport-noconfig.cmake
[2.899s] -- Installing: /home/roboi-amr/ros2_ws/src/amr2_packages/roboi_amr_msgs/install/roboi_amr_msgs/share/roboi_amr_msgs/cmake/roboi_amr_msgs__rosidl_typesupport_introspection_cppExport.cmake
[2.899s] -- Installing: /home/roboi-amr/ros2_ws/src/amr2_packages/roboi_amr_msgs/install/roboi_amr_msgs/share/roboi_amr_msgs/cmake/roboi_amr_msgs__rosidl_typesupport_introspection_cppExport-noconfig.cmake
[2.899s] -- Installing: /home/roboi-amr/ros2_ws/src/amr2_packages/roboi_amr_msgs/install/roboi_amr_msgs/share/roboi_amr_msgs/cmake/roboi_amr_msgs__rosidl_typesupport_cppExport.cmake
[2.899s] -- Installing: /home/roboi-amr/ros2_ws/src/amr2_packages/roboi_amr_msgs/install/roboi_amr_msgs/share/roboi_amr_msgs/cmake/roboi_amr_msgs__rosidl_typesupport_cppExport-noconfig.cmake
[2.899s] -- Installing: /home/roboi-amr/ros2_ws/src/amr2_packages/roboi_amr_msgs/install/roboi_amr_msgs/share/roboi_amr_msgs/cmake/export_roboi_amr_msgs__rosidl_generator_pyExport.cmake
[2.899s] -- Installing: /home/roboi-amr/ros2_ws/src/amr2_packages/roboi_amr_msgs/install/roboi_amr_msgs/share/roboi_amr_msgs/cmake/export_roboi_amr_msgs__rosidl_generator_pyExport-noconfig.cmake
[2.899s] -- Installing: /home/roboi-amr/ros2_ws/src/amr2_packages/roboi_amr_msgs/install/roboi_amr_msgs/share/roboi_amr_msgs/cmake/rosidl_cmake-extras.cmake
[2.899s] -- Installing: /home/roboi-amr/ros2_ws/src/amr2_packages/roboi_amr_msgs/install/roboi_amr_msgs/share/roboi_amr_msgs/cmake/ament_cmake_export_dependencies-extras.cmake
[2.899s] -- Installing: /home/roboi-amr/ros2_ws/src/amr2_packages/roboi_amr_msgs/install/roboi_amr_msgs/share/roboi_amr_msgs/cmake/ament_cmake_export_include_directories-extras.cmake
[2.899s] -- Installing: /home/roboi-amr/ros2_ws/src/amr2_packages/roboi_amr_msgs/install/roboi_amr_msgs/share/roboi_amr_msgs/cmake/ament_cmake_export_libraries-extras.cmake
[2.900s] -- Installing: /home/roboi-amr/ros2_ws/src/amr2_packages/roboi_amr_msgs/install/roboi_amr_msgs/share/roboi_amr_msgs/cmake/ament_cmake_export_targets-extras.cmake
[2.900s] -- Installing: /home/roboi-amr/ros2_ws/src/amr2_packages/roboi_amr_msgs/install/roboi_amr_msgs/share/roboi_amr_msgs/cmake/rosidl_cmake_export_typesupport_targets-extras.cmake
[2.900s] -- Installing: /home/roboi-amr/ros2_ws/src/amr2_packages/roboi_amr_msgs/install/roboi_amr_msgs/share/roboi_amr_msgs/cmake/rosidl_cmake_export_typesupport_libraries-extras.cmake
[2.900s] -- Installing: /home/roboi-amr/ros2_ws/src/amr2_packages/roboi_amr_msgs/install/roboi_amr_msgs/share/roboi_amr_msgs/cmake/roboi_amr_msgsConfig.cmake
[2.900s] -- Installing: /home/roboi-amr/ros2_ws/src/amr2_packages/roboi_amr_msgs/install/roboi_amr_msgs/share/roboi_amr_msgs/cmake/roboi_amr_msgsConfig-version.cmake
[2.900s] -- Installing: /home/roboi-amr/ros2_ws/src/amr2_packages/roboi_amr_msgs/install/roboi_amr_msgs/share/roboi_amr_msgs/package.xml
[2.901s] Invoked command in '/home/roboi-amr/ros2_ws/src/amr2_packages/roboi_amr_msgs/build/roboi_amr_msgs' returned '0': CMAKE_PREFIX_PATH=${CMAKE_PREFIX_PATH}:/opt/ros/humble /usr/bin/cmake --install /home/roboi-amr/ros2_ws/src/amr2_packages/roboi_amr_msgs/build/roboi_amr_msgs
