-- The C compiler identification is GNU 11.4.0
-- The CXX compiler identification is GNU 11.4.0
-- Detecting C compiler ABI info
-- Detecting C compiler ABI info - done
-- Check for working C compiler: /usr/bin/cc - skipped
-- Detecting C compile features
-- Detecting C compile features - done
-- Detecting CXX compiler ABI info
-- Detecting CXX compiler ABI info - done
-- Check for working CXX compiler: /usr/bin/c++ - skipped
-- Detecting CXX compile features
-- Detecting CXX compile features - done
-- Found ament_cmake: 1.3.10 (/opt/ros/humble/share/ament_cmake/cmake)
-- Found Python3: /usr/bin/python3 (found version "3.10.12") found components: Interpreter 
-- Found rclcpp: 16.0.10 (/opt/ros/humble/share/rclcpp/cmake)
-- Found rosidl_generator_c: 3.1.5 (/opt/ros/humble/share/rosidl_generator_c/cmake)
-- Found rosidl_adapter: 3.1.5 (/opt/ros/humble/share/rosidl_adapter/cmake)
-- Found rosidl_generator_cpp: 3.1.5 (/opt/ros/humble/share/rosidl_generator_cpp/cmake)
-- Using all available rosidl_typesupport_c: rosidl_typesupport_fastrtps_c;rosidl_typesupport_introspection_c
-- Using all available rosidl_typesupport_cpp: rosidl_typesupport_fastrtps_cpp;rosidl_typesupport_introspection_cpp
-- Found rmw_implementation_cmake: 6.1.2 (/opt/ros/humble/share/rmw_implementation_cmake/cmake)
-- Found rmw_fastrtps_cpp: 6.2.7 (/opt/ros/humble/share/rmw_fastrtps_cpp/cmake)
-- Found OpenSSL: /usr/lib/x86_64-linux-gnu/libcrypto.so (found version "3.0.2")  
-- Found FastRTPS: /opt/ros/humble/include  
-- Using RMW implementation 'rmw_fastrtps_cpp' as default
-- Looking for pthread.h
-- Looking for pthread.h - found
-- Performing Test CMAKE_HAVE_LIBC_PTHREAD
-- Performing Test CMAKE_HAVE_LIBC_PTHREAD - Success
-- Found Threads: TRUE  
-- Found roboi_amr_msgs: 0.0.0 (/home/roboi-amr/ros2_ws/src/amr2_packages/install/roboi_amr_msgs/share/roboi_amr_msgs/cmake)
-- Found ament_lint_auto: 0.12.11 (/opt/ros/humble/share/ament_lint_auto/cmake)
-- Added test 'cppcheck' to perform static code analysis on C / C++ code
-- Configured cppcheck include dirs: /home/roboi-amr/ros2_ws/src/amr2_packages/roboi_control/include
-- Configured cppcheck exclude dirs and/or files: 
-- Added test 'flake8' to check Python code syntax and style conventions
-- Added test 'lint_cmake' to check CMake code style
-- Added test 'pep257' to check Python code against some of the docstring style conventions in PEP 257
-- Added test 'uncrustify' to check C / C++ code style
-- Configured uncrustify additional arguments: 
-- Added test 'xmllint' to check XML markup files
-- Configuring done
-- Generating done
-- Build files have been written to: /home/roboi-amr/ros2_ws/src/amr2_packages/build/roboi_amr_control
[ 20%] [32mBuilding CXX object CMakeFiles/roboi_amr_control.dir/src/roboi_amr.cpp.o[0m
[ 60%] [32mBuilding CXX object CMakeFiles/roboi_amr_control.dir/src/roboi_indicator.cpp.o[0m
[ 60%] [32mBuilding CXX object CMakeFiles/roboi_amr_control.dir/src/roboi_udp.cpp.o[0m
[ 80%] [32mBuilding CXX object CMakeFiles/roboi_amr_control.dir/src/roboi_motor.cpp.o[0m
[100%] [32m[1mLinking CXX executable roboi_amr_control[0m
[100%] Built target roboi_amr_control
-- Install configuration: ""
-- Installing: /home/roboi-amr/ros2_ws/src/amr2_packages/install/roboi_amr_control/lib/roboi_amr_controlmc/roboi_amr_control
-- Set runtime path of "/home/roboi-amr/ros2_ws/src/amr2_packages/install/roboi_amr_control/lib/roboi_amr_controlmc/roboi_amr_control" to ""
-- Installing: /home/roboi-amr/ros2_ws/src/amr2_packages/install/roboi_amr_control/share/ament_index/resource_index/package_run_dependencies/roboi_amr_control
-- Installing: /home/roboi-amr/ros2_ws/src/amr2_packages/install/roboi_amr_control/share/ament_index/resource_index/parent_prefix_path/roboi_amr_control
-- Installing: /home/roboi-amr/ros2_ws/src/amr2_packages/install/roboi_amr_control/share/roboi_amr_control/environment/ament_prefix_path.sh
-- Installing: /home/roboi-amr/ros2_ws/src/amr2_packages/install/roboi_amr_control/share/roboi_amr_control/environment/ament_prefix_path.dsv
-- Installing: /home/roboi-amr/ros2_ws/src/amr2_packages/install/roboi_amr_control/share/roboi_amr_control/environment/path.sh
-- Installing: /home/roboi-amr/ros2_ws/src/amr2_packages/install/roboi_amr_control/share/roboi_amr_control/environment/path.dsv
-- Installing: /home/roboi-amr/ros2_ws/src/amr2_packages/install/roboi_amr_control/share/roboi_amr_control/local_setup.bash
-- Installing: /home/roboi-amr/ros2_ws/src/amr2_packages/install/roboi_amr_control/share/roboi_amr_control/local_setup.sh
-- Installing: /home/roboi-amr/ros2_ws/src/amr2_packages/install/roboi_amr_control/share/roboi_amr_control/local_setup.zsh
-- Installing: /home/roboi-amr/ros2_ws/src/amr2_packages/install/roboi_amr_control/share/roboi_amr_control/local_setup.dsv
-- Installing: /home/roboi-amr/ros2_ws/src/amr2_packages/install/roboi_amr_control/share/roboi_amr_control/package.dsv
-- Installing: /home/roboi-amr/ros2_ws/src/amr2_packages/install/roboi_amr_control/share/ament_index/resource_index/packages/roboi_amr_control
-- Installing: /home/roboi-amr/ros2_ws/src/amr2_packages/install/roboi_amr_control/share/roboi_amr_control/cmake/roboi_amr_controlConfig.cmake
-- Installing: /home/roboi-amr/ros2_ws/src/amr2_packages/install/roboi_amr_control/share/roboi_amr_control/cmake/roboi_amr_controlConfig-version.cmake
-- Installing: /home/roboi-amr/ros2_ws/src/amr2_packages/install/roboi_amr_control/share/roboi_amr_control/package.xml
