[0.007s] Invoking command in '/home/roboi-amr/ros2_ws/src/amr2_packages/roboi_amr_msgs/build/roboi_amr_msgs': CMAKE_PREFIX_PATH=${CMAKE_PREFIX_PATH}:/opt/ros/humble /usr/bin/cmake --build /home/roboi-amr/ros2_ws/src/amr2_packages/roboi_amr_msgs/build/roboi_amr_msgs -- -j8 -l8
[0.022s] -- Found ament_cmake: 1.3.10 (/opt/ros/humble/share/ament_cmake/cmake)
[0.094s] -- Found builtin_interfaces: 1.2.1 (/opt/ros/humble/share/builtin_interfaces/cmake)
[0.107s] -- Found rosidl_generator_c: 3.1.5 (/opt/ros/humble/share/rosidl_generator_c/cmake)
[0.109s] -- Found rosidl_adapter: 3.1.5 (/opt/ros/humble/share/rosidl_adapter/cmake)
[0.112s] -- Found rosidl_generator_cpp: 3.1.5 (/opt/ros/humble/share/rosidl_generator_cpp/cmake)
[0.118s] -- Using all available rosidl_typesupport_c: rosidl_typesupport_fastrtps_c;rosidl_typesupport_introspection_c
[0.125s] -- Using all available rosidl_typesupport_cpp: rosidl_typesupport_fastrtps_cpp;rosidl_typesupport_introspection_cpp
[0.131s] -- Found rosidl_default_generators: 1.2.0 (/opt/ros/humble/share/rosidl_default_generators/cmake)
[0.135s] -- Found std_msgs: 4.2.4 (/opt/ros/humble/share/std_msgs/cmake)
[0.312s] -- Found ament_cmake_ros: 0.10.0 (/opt/ros/humble/share/ament_cmake_ros/cmake)
[0.528s] -- Using all available rosidl_typesupport_c: rosidl_typesupport_fastrtps_c;rosidl_typesupport_introspection_c
[0.619s] -- Using all available rosidl_typesupport_cpp: rosidl_typesupport_fastrtps_cpp;rosidl_typesupport_introspection_cpp
[0.633s] -- Found python_cmake_module: 0.10.0 (/opt/ros/humble/share/python_cmake_module/cmake)
[0.646s] -- Using PYTHON_EXECUTABLE: /usr/bin/python3
[0.646s] -- Using PYTHON_INCLUDE_DIRS: /usr/include/python3.10
[0.646s] -- Using PYTHON_LIBRARIES: /usr/lib/x86_64-linux-gnu/libpython3.10.so
[0.664s] -- Configuring done
[0.684s] -- Generating done
[0.686s] -- Build files have been written to: /home/roboi-amr/ros2_ws/src/amr2_packages/roboi_amr_msgs/build/roboi_amr_msgs
[0.702s] [  2%] [34m[1mGenerating C code for ROS interfaces[0m
[0.708s] [  4%] [34m[1mGenerating C++ code for ROS interfaces[0m
[0.714s] [  4%] Built target ament_cmake_python_copy_roboi_amr_msgs
[0.874s] running egg_info
[0.874s] writing roboi_amr_msgs.egg-info/PKG-INFO
[0.875s] writing dependency_links to roboi_amr_msgs.egg-info/dependency_links.txt
[0.875s] writing top-level names to roboi_amr_msgs.egg-info/top_level.txt
[0.876s] reading manifest file 'roboi_amr_msgs.egg-info/SOURCES.txt'
[0.876s] writing manifest file 'roboi_amr_msgs.egg-info/SOURCES.txt'
[0.893s] [  4%] Built target ament_cmake_python_build_roboi_amr_msgs_egg
[0.997s] [35m[1mConsolidate compiler generated dependencies of target roboi_amr_msgs__rosidl_generator_c[0m
[1.001s] [  4%] Built target roboi_amr_msgs__cpp
[1.004s] [  6%] [32mBuilding C object CMakeFiles/roboi_amr_msgs__rosidl_generator_c.dir/rosidl_generator_c/roboi_amr_msgs/srv/detail/led_command__functions.c.o[0m
[1.004s] [  8%] [32mBuilding C object CMakeFiles/roboi_amr_msgs__rosidl_generator_c.dir/rosidl_generator_c/roboi_amr_msgs/msg/detail/stststus__functions.c.o[0m
[1.005s] [ 10%] [32mBuilding C object CMakeFiles/roboi_amr_msgs__rosidl_generator_c.dir/rosidl_generator_c/roboi_amr_msgs/msg/detail/ledcommand__functions.c.o[0m
[1.009s] [ 12%] [34m[1mGenerating C++ introspection for ROS interfaces[0m
[1.009s] [ 14%] [34m[1mGenerating C++ type support dispatch for ROS interfaces[0m
[1.010s] [ 17%] [34m[1mGenerating C++ type support for eProsima Fast-RTPS[0m
[1.054s] [ 19%] [32m[1mLinking C shared library libroboi_amr_msgs__rosidl_generator_c.so[0m
[1.078s] [ 19%] Built target roboi_amr_msgs__rosidl_generator_c
[1.085s] [ 21%] [34m[1mGenerating C type support dispatch for ROS interfaces[0m
[1.087s] [ 23%] [34m[1mGenerating C introspection for ROS interfaces[0m
[1.087s] [ 25%] [34m[1mGenerating C type support for eProsima Fast-RTPS[0m
[1.284s] [35m[1mConsolidate compiler generated dependencies of target roboi_amr_msgs__rosidl_typesupport_fastrtps_cpp[0m
[1.299s] [ 29%] [32mBuilding CXX object CMakeFiles/roboi_amr_msgs__rosidl_typesupport_fastrtps_cpp.dir/rosidl_typesupport_fastrtps_cpp/roboi_amr_msgs/srv/detail/dds_fastrtps/led_command__type_support.cpp.o[0m
[1.299s] [ 29%] [32mBuilding CXX object CMakeFiles/roboi_amr_msgs__rosidl_typesupport_fastrtps_cpp.dir/rosidl_typesupport_fastrtps_cpp/roboi_amr_msgs/msg/detail/dds_fastrtps/stststus__type_support.cpp.o[0m
[1.299s] [ 31%] [32mBuilding CXX object CMakeFiles/roboi_amr_msgs__rosidl_typesupport_fastrtps_cpp.dir/rosidl_typesupport_fastrtps_cpp/roboi_amr_msgs/msg/detail/dds_fastrtps/ledcommand__type_support.cpp.o[0m
[1.315s] [35m[1mConsolidate compiler generated dependencies of target roboi_amr_msgs__rosidl_typesupport_c[0m
[1.325s] [ 34%] [32mBuilding CXX object CMakeFiles/roboi_amr_msgs__rosidl_typesupport_c.dir/rosidl_typesupport_c/roboi_amr_msgs/msg/stststus__type_support.cpp.o[0m
[1.354s] [ 36%] [32mBuilding CXX object CMakeFiles/roboi_amr_msgs__rosidl_typesupport_c.dir/rosidl_typesupport_c/roboi_amr_msgs/msg/ledcommand__type_support.cpp.o[0m
[1.384s] [ 38%] [32mBuilding CXX object CMakeFiles/roboi_amr_msgs__rosidl_typesupport_c.dir/rosidl_typesupport_c/roboi_amr_msgs/srv/led_command__type_support.cpp.o[0m
[1.401s] [35m[1mConsolidate compiler generated dependencies of target roboi_amr_msgs__rosidl_typesupport_cpp[0m
[1.415s] [ 40%] [32mBuilding CXX object CMakeFiles/roboi_amr_msgs__rosidl_typesupport_cpp.dir/rosidl_typesupport_cpp/roboi_amr_msgs/msg/stststus__type_support.cpp.o[0m
[1.415s] [ 42%] [32m[1mLinking CXX shared library libroboi_amr_msgs__rosidl_typesupport_c.so[0m
[1.457s] [ 42%] Built target roboi_amr_msgs__rosidl_typesupport_c
[1.466s] [ 44%] [32mBuilding CXX object CMakeFiles/roboi_amr_msgs__rosidl_typesupport_cpp.dir/rosidl_typesupport_cpp/roboi_amr_msgs/msg/ledcommand__type_support.cpp.o[0m
[1.476s] [35m[1mConsolidate compiler generated dependencies of target roboi_amr_msgs__rosidl_typesupport_introspection_cpp[0m
[1.492s] [ 46%] [32mBuilding CXX object CMakeFiles/roboi_amr_msgs__rosidl_typesupport_introspection_cpp.dir/rosidl_typesupport_introspection_cpp/roboi_amr_msgs/msg/detail/stststus__type_support.cpp.o[0m
[1.549s] [35m[1mConsolidate compiler generated dependencies of target roboi_amr_msgs__rosidl_typesupport_introspection_c[0m
[1.560s] [ 48%] [32mBuilding C object CMakeFiles/roboi_amr_msgs__rosidl_typesupport_introspection_c.dir/rosidl_typesupport_introspection_c/roboi_amr_msgs/msg/detail/stststus__type_support.c.o[0m
[1.582s] [35m[1mConsolidate compiler generated dependencies of target roboi_amr_msgs__rosidl_typesupport_fastrtps_c[0m
[1.594s] [ 53%] [32mBuilding CXX object CMakeFiles/roboi_amr_msgs__rosidl_typesupport_fastrtps_c.dir/rosidl_typesupport_fastrtps_c/roboi_amr_msgs/msg/detail/stststus__type_support_c.cpp.o[0m
[1.595s] [ 53%] [32mBuilding C object CMakeFiles/roboi_amr_msgs__rosidl_typesupport_introspection_c.dir/rosidl_typesupport_introspection_c/roboi_amr_msgs/msg/detail/ledcommand__type_support.c.o[0m
[1.628s] [ 55%] [32mBuilding C object CMakeFiles/roboi_amr_msgs__rosidl_typesupport_introspection_c.dir/rosidl_typesupport_introspection_c/roboi_amr_msgs/srv/detail/led_command__type_support.c.o[0m
[1.666s] [ 57%] [32m[1mLinking C shared library libroboi_amr_msgs__rosidl_typesupport_introspection_c.so[0m
[1.688s] [ 59%] [32mBuilding CXX object CMakeFiles/roboi_amr_msgs__rosidl_typesupport_introspection_cpp.dir/rosidl_typesupport_introspection_cpp/roboi_amr_msgs/msg/detail/ledcommand__type_support.cpp.o[0m
[1.699s] [ 59%] Built target roboi_amr_msgs__rosidl_typesupport_introspection_c
[1.707s] [ 61%] [32mBuilding CXX object CMakeFiles/roboi_amr_msgs__rosidl_typesupport_introspection_cpp.dir/rosidl_typesupport_introspection_cpp/roboi_amr_msgs/srv/detail/led_command__type_support.cpp.o[0m
[1.714s] [ 63%] [32mBuilding CXX object CMakeFiles/roboi_amr_msgs__rosidl_typesupport_fastrtps_c.dir/rosidl_typesupport_fastrtps_c/roboi_amr_msgs/msg/detail/ledcommand__type_support_c.cpp.o[0m
[1.733s] [ 65%] [32mBuilding CXX object CMakeFiles/roboi_amr_msgs__rosidl_typesupport_fastrtps_c.dir/rosidl_typesupport_fastrtps_c/roboi_amr_msgs/srv/detail/led_command__type_support_c.cpp.o[0m
[1.738s] [ 68%] [32m[1mLinking CXX shared library libroboi_amr_msgs__rosidl_typesupport_fastrtps_cpp.so[0m
[1.744s] [ 70%] [32mBuilding CXX object CMakeFiles/roboi_amr_msgs__rosidl_typesupport_cpp.dir/rosidl_typesupport_cpp/roboi_amr_msgs/srv/led_command__type_support.cpp.o[0m
[1.818s] [ 70%] Built target roboi_amr_msgs__rosidl_typesupport_fastrtps_cpp
[2.022s] [ 72%] [32m[1mLinking CXX shared library libroboi_amr_msgs__rosidl_typesupport_cpp.so[0m
[2.042s] [ 74%] [32m[1mLinking CXX shared library libroboi_amr_msgs__rosidl_typesupport_fastrtps_c.so[0m
[2.050s] [ 74%] Built target roboi_amr_msgs__rosidl_typesupport_cpp
[2.055s] [ 76%] [32m[1mLinking CXX shared library libroboi_amr_msgs__rosidl_typesupport_introspection_cpp.so[0m
[2.091s] [ 76%] Built target roboi_amr_msgs__rosidl_typesupport_fastrtps_c
[2.097s] [ 76%] Built target roboi_amr_msgs__rosidl_typesupport_introspection_cpp
[2.109s] [ 76%] Built target roboi_amr_msgs
[2.122s] [ 78%] [34m[1mGenerating Python code for ROS interfaces[0m
[2.521s] [ 78%] Built target roboi_amr_msgs__py
[2.528s] [35m[1mConsolidate compiler generated dependencies of target roboi_amr_msgs__rosidl_generator_py[0m
[2.538s] [ 85%] [32mBuilding C object CMakeFiles/roboi_amr_msgs__rosidl_generator_py.dir/rosidl_generator_py/roboi_amr_msgs/msg/_ledcommand_s.c.o[0m
[2.538s] [ 85%] [32mBuilding C object CMakeFiles/roboi_amr_msgs__rosidl_generator_py.dir/rosidl_generator_py/roboi_amr_msgs/msg/_stststus_s.c.o[0m
[2.538s] [ 85%] [32mBuilding C object CMakeFiles/roboi_amr_msgs__rosidl_generator_py.dir/rosidl_generator_py/roboi_amr_msgs/srv/_led_command_s.c.o[0m
[2.608s] [ 87%] [32m[1mLinking C shared library rosidl_generator_py/roboi_amr_msgs/libroboi_amr_msgs__rosidl_generator_py.so[0m
[2.635s] [ 87%] Built target roboi_amr_msgs__rosidl_generator_py
[2.642s] [35m[1mConsolidate compiler generated dependencies of target roboi_amr_msgs__rosidl_typesupport_fastrtps_c__pyext[0m
[2.642s] [35m[1mConsolidate compiler generated dependencies of target roboi_amr_msgs__rosidl_typesupport_introspection_c__pyext[0m
[2.642s] [35m[1mConsolidate compiler generated dependencies of target roboi_amr_msgs__rosidl_typesupport_c__pyext[0m
[2.650s] [ 93%] [32mBuilding C object CMakeFiles/roboi_amr_msgs__rosidl_typesupport_fastrtps_c__pyext.dir/rosidl_generator_py/roboi_amr_msgs/_roboi_amr_msgs_s.ep.rosidl_typesupport_fastrtps_c.c.o[0m
[2.650s] [ 93%] [32mBuilding C object CMakeFiles/roboi_amr_msgs__rosidl_typesupport_c__pyext.dir/rosidl_generator_py/roboi_amr_msgs/_roboi_amr_msgs_s.ep.rosidl_typesupport_c.c.o[0m
[2.650s] [ 93%] [32mBuilding C object CMakeFiles/roboi_amr_msgs__rosidl_typesupport_introspection_c__pyext.dir/rosidl_generator_py/roboi_amr_msgs/_roboi_amr_msgs_s.ep.rosidl_typesupport_introspection_c.c.o[0m
[2.717s] [ 97%] [32m[1mLinking C shared library rosidl_generator_py/roboi_amr_msgs/roboi_amr_msgs_s__rosidl_typesupport_fastrtps_c.cpython-310-x86_64-linux-gnu.so[0m
[2.717s] [ 97%] [32m[1mLinking C shared library rosidl_generator_py/roboi_amr_msgs/roboi_amr_msgs_s__rosidl_typesupport_c.cpython-310-x86_64-linux-gnu.so[0m
[2.717s] [100%] [32m[1mLinking C shared library rosidl_generator_py/roboi_amr_msgs/roboi_amr_msgs_s__rosidl_typesupport_introspection_c.cpython-310-x86_64-linux-gnu.so[0m
[2.741s] [100%] Built target roboi_amr_msgs__rosidl_typesupport_c__pyext
[2.741s] [100%] Built target roboi_amr_msgs__rosidl_typesupport_introspection_c__pyext
[2.741s] [100%] Built target roboi_amr_msgs__rosidl_typesupport_fastrtps_c__pyext
[2.748s] Invoked command in '/home/roboi-amr/ros2_ws/src/amr2_packages/roboi_amr_msgs/build/roboi_amr_msgs' returned '0': CMAKE_PREFIX_PATH=${CMAKE_PREFIX_PATH}:/opt/ros/humble /usr/bin/cmake --build /home/roboi-amr/ros2_ws/src/amr2_packages/roboi_amr_msgs/build/roboi_amr_msgs -- -j8 -l8
[2.811s] Invoking command in '/home/roboi-amr/ros2_ws/src/amr2_packages/roboi_amr_msgs/build/roboi_amr_msgs': CMAKE_PREFIX_PATH=${CMAKE_PREFIX_PATH}:/opt/ros/humble /usr/bin/cmake --install /home/roboi-amr/ros2_ws/src/amr2_packages/roboi_amr_msgs/build/roboi_amr_msgs
[2.816s] -- Install configuration: ""
[2.816s] -- Up-to-date: /home/roboi-amr/ros2_ws/src/amr2_packages/roboi_amr_msgs/install/roboi_amr_msgs/share/ament_index/resource_index/rosidl_interfaces/roboi_amr_msgs
[2.816s] -- Up-to-date: /home/roboi-amr/ros2_ws/src/amr2_packages/roboi_amr_msgs/install/roboi_amr_msgs/include/roboi_amr_msgs/roboi_amr_msgs
[2.816s] -- Up-to-date: /home/roboi-amr/ros2_ws/src/amr2_packages/roboi_amr_msgs/install/roboi_amr_msgs/include/roboi_amr_msgs/roboi_amr_msgs/srv
[2.816s] -- Installing: /home/roboi-amr/ros2_ws/src/amr2_packages/roboi_amr_msgs/install/roboi_amr_msgs/include/roboi_amr_msgs/roboi_amr_msgs/srv/led_command.h
[2.816s] -- Up-to-date: /home/roboi-amr/ros2_ws/src/amr2_packages/roboi_amr_msgs/install/roboi_amr_msgs/include/roboi_amr_msgs/roboi_amr_msgs/srv/detail
[2.816s] -- Installing: /home/roboi-amr/ros2_ws/src/amr2_packages/roboi_amr_msgs/install/roboi_amr_msgs/include/roboi_amr_msgs/roboi_amr_msgs/srv/detail/led_command__functions.c
[2.816s] -- Installing: /home/roboi-amr/ros2_ws/src/amr2_packages/roboi_amr_msgs/install/roboi_amr_msgs/include/roboi_amr_msgs/roboi_amr_msgs/srv/detail/led_command__functions.h
[2.816s] -- Installing: /home/roboi-amr/ros2_ws/src/amr2_packages/roboi_amr_msgs/install/roboi_amr_msgs/include/roboi_amr_msgs/roboi_amr_msgs/srv/detail/led_command__struct.h
[2.816s] -- Installing: /home/roboi-amr/ros2_ws/src/amr2_packages/roboi_amr_msgs/install/roboi_amr_msgs/include/roboi_amr_msgs/roboi_amr_msgs/srv/detail/led_command__type_support.h
[2.816s] -- Up-to-date: /home/roboi-amr/ros2_ws/src/amr2_packages/roboi_amr_msgs/install/roboi_amr_msgs/include/roboi_amr_msgs/roboi_amr_msgs/msg
[2.816s] -- Installing: /home/roboi-amr/ros2_ws/src/amr2_packages/roboi_amr_msgs/install/roboi_amr_msgs/include/roboi_amr_msgs/roboi_amr_msgs/msg/stststus.h
[2.816s] -- Up-to-date: /home/roboi-amr/ros2_ws/src/amr2_packages/roboi_amr_msgs/install/roboi_amr_msgs/include/roboi_amr_msgs/roboi_amr_msgs/msg/sterringmsg.h
[2.816s] -- Installing: /home/roboi-amr/ros2_ws/src/amr2_packages/roboi_amr_msgs/install/roboi_amr_msgs/include/roboi_amr_msgs/roboi_amr_msgs/msg/ledcommand.h
[2.816s] -- Up-to-date: /home/roboi-amr/ros2_ws/src/amr2_packages/roboi_amr_msgs/install/roboi_amr_msgs/include/roboi_amr_msgs/roboi_amr_msgs/msg/detail
[2.816s] -- Up-to-date: /home/roboi-amr/ros2_ws/src/amr2_packages/roboi_amr_msgs/install/roboi_amr_msgs/include/roboi_amr_msgs/roboi_amr_msgs/msg/detail/sterringmsg__functions.c
[2.817s] -- Installing: /home/roboi-amr/ros2_ws/src/amr2_packages/roboi_amr_msgs/install/roboi_amr_msgs/include/roboi_amr_msgs/roboi_amr_msgs/msg/detail/ledcommand__struct.h
[2.817s] -- Installing: /home/roboi-amr/ros2_ws/src/amr2_packages/roboi_amr_msgs/install/roboi_amr_msgs/include/roboi_amr_msgs/roboi_amr_msgs/msg/detail/stststus__functions.h
[2.817s] -- Up-to-date: /home/roboi-amr/ros2_ws/src/amr2_packages/roboi_amr_msgs/install/roboi_amr_msgs/include/roboi_amr_msgs/roboi_amr_msgs/msg/detail/sterringmsg__type_support.h
[2.817s] -- Installing: /home/roboi-amr/ros2_ws/src/amr2_packages/roboi_amr_msgs/install/roboi_amr_msgs/include/roboi_amr_msgs/roboi_amr_msgs/msg/detail/ledcommand__functions.h
[2.817s] -- Installing: /home/roboi-amr/ros2_ws/src/amr2_packages/roboi_amr_msgs/install/roboi_amr_msgs/include/roboi_amr_msgs/roboi_amr_msgs/msg/detail/ledcommand__type_support.h
[2.817s] -- Installing: /home/roboi-amr/ros2_ws/src/amr2_packages/roboi_amr_msgs/install/roboi_amr_msgs/include/roboi_amr_msgs/roboi_amr_msgs/msg/detail/stststus__struct.h
[2.817s] -- Up-to-date: /home/roboi-amr/ros2_ws/src/amr2_packages/roboi_amr_msgs/install/roboi_amr_msgs/include/roboi_amr_msgs/roboi_amr_msgs/msg/detail/sterringmsg__struct.h
[2.817s] -- Up-to-date: /home/roboi-amr/ros2_ws/src/amr2_packages/roboi_amr_msgs/install/roboi_amr_msgs/include/roboi_amr_msgs/roboi_amr_msgs/msg/detail/sterringmsg__functions.h
[2.817s] -- Installing: /home/roboi-amr/ros2_ws/src/amr2_packages/roboi_amr_msgs/install/roboi_amr_msgs/include/roboi_amr_msgs/roboi_amr_msgs/msg/detail/stststus__type_support.h
[2.817s] -- Installing: /home/roboi-amr/ros2_ws/src/amr2_packages/roboi_amr_msgs/install/roboi_amr_msgs/include/roboi_amr_msgs/roboi_amr_msgs/msg/detail/stststus__functions.c
[2.817s] -- Installing: /home/roboi-amr/ros2_ws/src/amr2_packages/roboi_amr_msgs/install/roboi_amr_msgs/include/roboi_amr_msgs/roboi_amr_msgs/msg/detail/ledcommand__functions.c
[2.817s] -- Up-to-date: /home/roboi-amr/ros2_ws/src/amr2_packages/roboi_amr_msgs/install/roboi_amr_msgs/include/roboi_amr_msgs/roboi_amr_msgs/msg/rosidl_generator_c__visibility_control.h
[2.817s] -- Up-to-date: /home/roboi-amr/ros2_ws/src/amr2_packages/roboi_amr_msgs/install/roboi_amr_msgs/share/roboi_amr_msgs/environment/library_path.sh
[2.817s] -- Installing: /home/roboi-amr/ros2_ws/src/amr2_packages/roboi_amr_msgs/install/roboi_amr_msgs/share/roboi_amr_msgs/environment/library_path.dsv
[2.817s] -- Installing: /home/roboi-amr/ros2_ws/src/amr2_packages/roboi_amr_msgs/install/roboi_amr_msgs/lib/libroboi_amr_msgs__rosidl_generator_c.so
[2.818s] -- Set runtime path of "/home/roboi-amr/ros2_ws/src/amr2_packages/roboi_amr_msgs/install/roboi_amr_msgs/lib/libroboi_amr_msgs__rosidl_generator_c.so" to ""
[2.818s] -- Up-to-date: /home/roboi-amr/ros2_ws/src/amr2_packages/roboi_amr_msgs/install/roboi_amr_msgs/include/roboi_amr_msgs/roboi_amr_msgs
[2.818s] -- Up-to-date: /home/roboi-amr/ros2_ws/src/amr2_packages/roboi_amr_msgs/install/roboi_amr_msgs/include/roboi_amr_msgs/roboi_amr_msgs/srv
[2.818s] -- Up-to-date: /home/roboi-amr/ros2_ws/src/amr2_packages/roboi_amr_msgs/install/roboi_amr_msgs/include/roboi_amr_msgs/roboi_amr_msgs/srv/detail
[2.818s] -- Installing: /home/roboi-amr/ros2_ws/src/amr2_packages/roboi_amr_msgs/install/roboi_amr_msgs/include/roboi_amr_msgs/roboi_amr_msgs/srv/detail/led_command__rosidl_typesupport_fastrtps_c.h
[2.818s] -- Up-to-date: /home/roboi-amr/ros2_ws/src/amr2_packages/roboi_amr_msgs/install/roboi_amr_msgs/include/roboi_amr_msgs/roboi_amr_msgs/msg
[2.818s] -- Up-to-date: /home/roboi-amr/ros2_ws/src/amr2_packages/roboi_amr_msgs/install/roboi_amr_msgs/include/roboi_amr_msgs/roboi_amr_msgs/msg/rosidl_typesupport_fastrtps_c__visibility_control.h
[2.818s] -- Up-to-date: /home/roboi-amr/ros2_ws/src/amr2_packages/roboi_amr_msgs/install/roboi_amr_msgs/include/roboi_amr_msgs/roboi_amr_msgs/msg/detail
[2.818s] -- Up-to-date: /home/roboi-amr/ros2_ws/src/amr2_packages/roboi_amr_msgs/install/roboi_amr_msgs/include/roboi_amr_msgs/roboi_amr_msgs/msg/detail/sterringmsg__rosidl_typesupport_fastrtps_c.h
[2.818s] -- Installing: /home/roboi-amr/ros2_ws/src/amr2_packages/roboi_amr_msgs/install/roboi_amr_msgs/include/roboi_amr_msgs/roboi_amr_msgs/msg/detail/ledcommand__rosidl_typesupport_fastrtps_c.h
[2.818s] -- Installing: /home/roboi-amr/ros2_ws/src/amr2_packages/roboi_amr_msgs/install/roboi_amr_msgs/include/roboi_amr_msgs/roboi_amr_msgs/msg/detail/stststus__rosidl_typesupport_fastrtps_c.h
[2.818s] -- Installing: /home/roboi-amr/ros2_ws/src/amr2_packages/roboi_amr_msgs/install/roboi_amr_msgs/lib/libroboi_amr_msgs__rosidl_typesupport_fastrtps_c.so
[2.818s] -- Set runtime path of "/home/roboi-amr/ros2_ws/src/amr2_packages/roboi_amr_msgs/install/roboi_amr_msgs/lib/libroboi_amr_msgs__rosidl_typesupport_fastrtps_c.so" to ""
[2.818s] -- Up-to-date: /home/roboi-amr/ros2_ws/src/amr2_packages/roboi_amr_msgs/install/roboi_amr_msgs/include/roboi_amr_msgs/roboi_amr_msgs
[2.818s] -- Up-to-date: /home/roboi-amr/ros2_ws/src/amr2_packages/roboi_amr_msgs/install/roboi_amr_msgs/include/roboi_amr_msgs/roboi_amr_msgs/srv
[2.818s] -- Installing: /home/roboi-amr/ros2_ws/src/amr2_packages/roboi_amr_msgs/install/roboi_amr_msgs/include/roboi_amr_msgs/roboi_amr_msgs/srv/led_command.hpp
[2.818s] -- Up-to-date: /home/roboi-amr/ros2_ws/src/amr2_packages/roboi_amr_msgs/install/roboi_amr_msgs/include/roboi_amr_msgs/roboi_amr_msgs/srv/detail
[2.819s] -- Installing: /home/roboi-amr/ros2_ws/src/amr2_packages/roboi_amr_msgs/install/roboi_amr_msgs/include/roboi_amr_msgs/roboi_amr_msgs/srv/detail/led_command__struct.hpp
[2.819s] -- Installing: /home/roboi-amr/ros2_ws/src/amr2_packages/roboi_amr_msgs/install/roboi_amr_msgs/include/roboi_amr_msgs/roboi_amr_msgs/srv/detail/led_command__builder.hpp
[2.819s] -- Installing: /home/roboi-amr/ros2_ws/src/amr2_packages/roboi_amr_msgs/install/roboi_amr_msgs/include/roboi_amr_msgs/roboi_amr_msgs/srv/detail/led_command__traits.hpp
[2.819s] -- Up-to-date: /home/roboi-amr/ros2_ws/src/amr2_packages/roboi_amr_msgs/install/roboi_amr_msgs/include/roboi_amr_msgs/roboi_amr_msgs/msg
[2.819s] -- Installing: /home/roboi-amr/ros2_ws/src/amr2_packages/roboi_amr_msgs/install/roboi_amr_msgs/include/roboi_amr_msgs/roboi_amr_msgs/msg/stststus.hpp
[2.819s] -- Up-to-date: /home/roboi-amr/ros2_ws/src/amr2_packages/roboi_amr_msgs/install/roboi_amr_msgs/include/roboi_amr_msgs/roboi_amr_msgs/msg/detail
[2.819s] -- Up-to-date: /home/roboi-amr/ros2_ws/src/amr2_packages/roboi_amr_msgs/install/roboi_amr_msgs/include/roboi_amr_msgs/roboi_amr_msgs/msg/detail/sterringmsg__builder.hpp
[2.819s] -- Installing: /home/roboi-amr/ros2_ws/src/amr2_packages/roboi_amr_msgs/install/roboi_amr_msgs/include/roboi_amr_msgs/roboi_amr_msgs/msg/detail/stststus__struct.hpp
[2.819s] -- Up-to-date: /home/roboi-amr/ros2_ws/src/amr2_packages/roboi_amr_msgs/install/roboi_amr_msgs/include/roboi_amr_msgs/roboi_amr_msgs/msg/detail/sterringmsg__struct.hpp
[2.819s] -- Installing: /home/roboi-amr/ros2_ws/src/amr2_packages/roboi_amr_msgs/install/roboi_amr_msgs/include/roboi_amr_msgs/roboi_amr_msgs/msg/detail/ledcommand__builder.hpp
[2.819s] -- Installing: /home/roboi-amr/ros2_ws/src/amr2_packages/roboi_amr_msgs/install/roboi_amr_msgs/include/roboi_amr_msgs/roboi_amr_msgs/msg/detail/stststus__traits.hpp
[2.819s] -- Installing: /home/roboi-amr/ros2_ws/src/amr2_packages/roboi_amr_msgs/install/roboi_amr_msgs/include/roboi_amr_msgs/roboi_amr_msgs/msg/detail/ledcommand__traits.hpp
[2.819s] -- Installing: /home/roboi-amr/ros2_ws/src/amr2_packages/roboi_amr_msgs/install/roboi_amr_msgs/include/roboi_amr_msgs/roboi_amr_msgs/msg/detail/stststus__builder.hpp
[2.819s] -- Up-to-date: /home/roboi-amr/ros2_ws/src/amr2_packages/roboi_amr_msgs/install/roboi_amr_msgs/include/roboi_amr_msgs/roboi_amr_msgs/msg/detail/sterringmsg__traits.hpp
[2.819s] -- Installing: /home/roboi-amr/ros2_ws/src/amr2_packages/roboi_amr_msgs/install/roboi_amr_msgs/include/roboi_amr_msgs/roboi_amr_msgs/msg/detail/ledcommand__struct.hpp
[2.819s] -- Up-to-date: /home/roboi-amr/ros2_ws/src/amr2_packages/roboi_amr_msgs/install/roboi_amr_msgs/include/roboi_amr_msgs/roboi_amr_msgs/msg/sterringmsg.hpp
[2.819s] -- Installing: /home/roboi-amr/ros2_ws/src/amr2_packages/roboi_amr_msgs/install/roboi_amr_msgs/include/roboi_amr_msgs/roboi_amr_msgs/msg/ledcommand.hpp
[2.819s] -- Up-to-date: /home/roboi-amr/ros2_ws/src/amr2_packages/roboi_amr_msgs/install/roboi_amr_msgs/include/roboi_amr_msgs/roboi_amr_msgs
[2.819s] -- Up-to-date: /home/roboi-amr/ros2_ws/src/amr2_packages/roboi_amr_msgs/install/roboi_amr_msgs/include/roboi_amr_msgs/roboi_amr_msgs/srv
[2.820s] -- Up-to-date: /home/roboi-amr/ros2_ws/src/amr2_packages/roboi_amr_msgs/install/roboi_amr_msgs/include/roboi_amr_msgs/roboi_amr_msgs/srv/detail
[2.820s] -- Installing: /home/roboi-amr/ros2_ws/src/amr2_packages/roboi_amr_msgs/install/roboi_amr_msgs/include/roboi_amr_msgs/roboi_amr_msgs/srv/detail/led_command__rosidl_typesupport_fastrtps_cpp.hpp
[2.820s] -- Up-to-date: /home/roboi-amr/ros2_ws/src/amr2_packages/roboi_amr_msgs/install/roboi_amr_msgs/include/roboi_amr_msgs/roboi_amr_msgs/srv/detail/dds_fastrtps
[2.820s] -- Up-to-date: /home/roboi-amr/ros2_ws/src/amr2_packages/roboi_amr_msgs/install/roboi_amr_msgs/include/roboi_amr_msgs/roboi_amr_msgs/msg
[2.820s] -- Up-to-date: /home/roboi-amr/ros2_ws/src/amr2_packages/roboi_amr_msgs/install/roboi_amr_msgs/include/roboi_amr_msgs/roboi_amr_msgs/msg/detail
[2.820s] -- Installing: /home/roboi-amr/ros2_ws/src/amr2_packages/roboi_amr_msgs/install/roboi_amr_msgs/include/roboi_amr_msgs/roboi_amr_msgs/msg/detail/ledcommand__rosidl_typesupport_fastrtps_cpp.hpp
[2.820s] -- Up-to-date: /home/roboi-amr/ros2_ws/src/amr2_packages/roboi_amr_msgs/install/roboi_amr_msgs/include/roboi_amr_msgs/roboi_amr_msgs/msg/detail/sterringmsg__rosidl_typesupport_fastrtps_cpp.hpp
[2.820s] -- Installing: /home/roboi-amr/ros2_ws/src/amr2_packages/roboi_amr_msgs/install/roboi_amr_msgs/include/roboi_amr_msgs/roboi_amr_msgs/msg/detail/stststus__rosidl_typesupport_fastrtps_cpp.hpp
[2.820s] -- Up-to-date: /home/roboi-amr/ros2_ws/src/amr2_packages/roboi_amr_msgs/install/roboi_amr_msgs/include/roboi_amr_msgs/roboi_amr_msgs/msg/detail/dds_fastrtps
[2.820s] -- Up-to-date: /home/roboi-amr/ros2_ws/src/amr2_packages/roboi_amr_msgs/install/roboi_amr_msgs/include/roboi_amr_msgs/roboi_amr_msgs/msg/rosidl_typesupport_fastrtps_cpp__visibility_control.h
[2.820s] -- Installing: /home/roboi-amr/ros2_ws/src/amr2_packages/roboi_amr_msgs/install/roboi_amr_msgs/lib/libroboi_amr_msgs__rosidl_typesupport_fastrtps_cpp.so
[2.820s] -- Set runtime path of "/home/roboi-amr/ros2_ws/src/amr2_packages/roboi_amr_msgs/install/roboi_amr_msgs/lib/libroboi_amr_msgs__rosidl_typesupport_fastrtps_cpp.so" to ""
[2.820s] -- Up-to-date: /home/roboi-amr/ros2_ws/src/amr2_packages/roboi_amr_msgs/install/roboi_amr_msgs/include/roboi_amr_msgs/roboi_amr_msgs
[2.820s] -- Up-to-date: /home/roboi-amr/ros2_ws/src/amr2_packages/roboi_amr_msgs/install/roboi_amr_msgs/include/roboi_amr_msgs/roboi_amr_msgs/srv
[2.820s] -- Up-to-date: /home/roboi-amr/ros2_ws/src/amr2_packages/roboi_amr_msgs/install/roboi_amr_msgs/include/roboi_amr_msgs/roboi_amr_msgs/srv/detail
[2.820s] -- Installing: /home/roboi-amr/ros2_ws/src/amr2_packages/roboi_amr_msgs/install/roboi_amr_msgs/include/roboi_amr_msgs/roboi_amr_msgs/srv/detail/led_command__type_support.c
[2.821s] -- Installing: /home/roboi-amr/ros2_ws/src/amr2_packages/roboi_amr_msgs/install/roboi_amr_msgs/include/roboi_amr_msgs/roboi_amr_msgs/srv/detail/led_command__rosidl_typesupport_introspection_c.h
[2.821s] -- Up-to-date: /home/roboi-amr/ros2_ws/src/amr2_packages/roboi_amr_msgs/install/roboi_amr_msgs/include/roboi_amr_msgs/roboi_amr_msgs/msg
[2.821s] -- Up-to-date: /home/roboi-amr/ros2_ws/src/amr2_packages/roboi_amr_msgs/install/roboi_amr_msgs/include/roboi_amr_msgs/roboi_amr_msgs/msg/rosidl_typesupport_introspection_c__visibility_control.h
[2.821s] -- Up-to-date: /home/roboi-amr/ros2_ws/src/amr2_packages/roboi_amr_msgs/install/roboi_amr_msgs/include/roboi_amr_msgs/roboi_amr_msgs/msg/detail
[2.821s] -- Installing: /home/roboi-amr/ros2_ws/src/amr2_packages/roboi_amr_msgs/install/roboi_amr_msgs/include/roboi_amr_msgs/roboi_amr_msgs/msg/detail/ledcommand__rosidl_typesupport_introspection_c.h
[2.821s] -- Installing: /home/roboi-amr/ros2_ws/src/amr2_packages/roboi_amr_msgs/install/roboi_amr_msgs/include/roboi_amr_msgs/roboi_amr_msgs/msg/detail/ledcommand__type_support.c
[2.821s] -- Installing: /home/roboi-amr/ros2_ws/src/amr2_packages/roboi_amr_msgs/install/roboi_amr_msgs/include/roboi_amr_msgs/roboi_amr_msgs/msg/detail/stststus__rosidl_typesupport_introspection_c.h
[2.821s] -- Up-to-date: /home/roboi-amr/ros2_ws/src/amr2_packages/roboi_amr_msgs/install/roboi_amr_msgs/include/roboi_amr_msgs/roboi_amr_msgs/msg/detail/sterringmsg__type_support.c
[2.821s] -- Up-to-date: /home/roboi-amr/ros2_ws/src/amr2_packages/roboi_amr_msgs/install/roboi_amr_msgs/include/roboi_amr_msgs/roboi_amr_msgs/msg/detail/sterringmsg__rosidl_typesupport_introspection_c.h
[2.821s] -- Installing: /home/roboi-amr/ros2_ws/src/amr2_packages/roboi_amr_msgs/install/roboi_amr_msgs/include/roboi_amr_msgs/roboi_amr_msgs/msg/detail/stststus__type_support.c
[2.821s] -- Installing: /home/roboi-amr/ros2_ws/src/amr2_packages/roboi_amr_msgs/install/roboi_amr_msgs/lib/libroboi_amr_msgs__rosidl_typesupport_introspection_c.so
[2.821s] -- Set runtime path of "/home/roboi-amr/ros2_ws/src/amr2_packages/roboi_amr_msgs/install/roboi_amr_msgs/lib/libroboi_amr_msgs__rosidl_typesupport_introspection_c.so" to ""
[2.821s] -- Installing: /home/roboi-amr/ros2_ws/src/amr2_packages/roboi_amr_msgs/install/roboi_amr_msgs/lib/libroboi_amr_msgs__rosidl_typesupport_c.so
[2.822s] -- Set runtime path of "/home/roboi-amr/ros2_ws/src/amr2_packages/roboi_amr_msgs/install/roboi_amr_msgs/lib/libroboi_amr_msgs__rosidl_typesupport_c.so" to ""
[2.822s] -- Up-to-date: /home/roboi-amr/ros2_ws/src/amr2_packages/roboi_amr_msgs/install/roboi_amr_msgs/include/roboi_amr_msgs/roboi_amr_msgs
[2.822s] -- Up-to-date: /home/roboi-amr/ros2_ws/src/amr2_packages/roboi_amr_msgs/install/roboi_amr_msgs/include/roboi_amr_msgs/roboi_amr_msgs/srv
[2.822s] -- Up-to-date: /home/roboi-amr/ros2_ws/src/amr2_packages/roboi_amr_msgs/install/roboi_amr_msgs/include/roboi_amr_msgs/roboi_amr_msgs/srv/detail
[2.822s] -- Installing: /home/roboi-amr/ros2_ws/src/amr2_packages/roboi_amr_msgs/install/roboi_amr_msgs/include/roboi_amr_msgs/roboi_amr_msgs/srv/detail/led_command__type_support.cpp
[2.822s] -- Installing: /home/roboi-amr/ros2_ws/src/amr2_packages/roboi_amr_msgs/install/roboi_amr_msgs/include/roboi_amr_msgs/roboi_amr_msgs/srv/detail/led_command__rosidl_typesupport_introspection_cpp.hpp
[2.822s] -- Up-to-date: /home/roboi-amr/ros2_ws/src/amr2_packages/roboi_amr_msgs/install/roboi_amr_msgs/include/roboi_amr_msgs/roboi_amr_msgs/msg
[2.822s] -- Up-to-date: /home/roboi-amr/ros2_ws/src/amr2_packages/roboi_amr_msgs/install/roboi_amr_msgs/include/roboi_amr_msgs/roboi_amr_msgs/msg/detail
[2.822s] -- Up-to-date: /home/roboi-amr/ros2_ws/src/amr2_packages/roboi_amr_msgs/install/roboi_amr_msgs/include/roboi_amr_msgs/roboi_amr_msgs/msg/detail/sterringmsg__rosidl_typesupport_introspection_cpp.hpp
[2.822s] -- Installing: /home/roboi-amr/ros2_ws/src/amr2_packages/roboi_amr_msgs/install/roboi_amr_msgs/include/roboi_amr_msgs/roboi_amr_msgs/msg/detail/ledcommand__rosidl_typesupport_introspection_cpp.hpp
[2.822s] -- Installing: /home/roboi-amr/ros2_ws/src/amr2_packages/roboi_amr_msgs/install/roboi_amr_msgs/include/roboi_amr_msgs/roboi_amr_msgs/msg/detail/ledcommand__type_support.cpp
[2.822s] -- Up-to-date: /home/roboi-amr/ros2_ws/src/amr2_packages/roboi_amr_msgs/install/roboi_amr_msgs/include/roboi_amr_msgs/roboi_amr_msgs/msg/detail/sterringmsg__type_support.cpp
[2.822s] -- Installing: /home/roboi-amr/ros2_ws/src/amr2_packages/roboi_amr_msgs/install/roboi_amr_msgs/include/roboi_amr_msgs/roboi_amr_msgs/msg/detail/stststus__type_support.cpp
[2.822s] -- Installing: /home/roboi-amr/ros2_ws/src/amr2_packages/roboi_amr_msgs/install/roboi_amr_msgs/include/roboi_amr_msgs/roboi_amr_msgs/msg/detail/stststus__rosidl_typesupport_introspection_cpp.hpp
[2.822s] -- Installing: /home/roboi-amr/ros2_ws/src/amr2_packages/roboi_amr_msgs/install/roboi_amr_msgs/lib/libroboi_amr_msgs__rosidl_typesupport_introspection_cpp.so
[2.823s] -- Set runtime path of "/home/roboi-amr/ros2_ws/src/amr2_packages/roboi_amr_msgs/install/roboi_amr_msgs/lib/libroboi_amr_msgs__rosidl_typesupport_introspection_cpp.so" to ""
[2.823s] -- Installing: /home/roboi-amr/ros2_ws/src/amr2_packages/roboi_amr_msgs/install/roboi_amr_msgs/lib/libroboi_amr_msgs__rosidl_typesupport_cpp.so
[2.823s] -- Set runtime path of "/home/roboi-amr/ros2_ws/src/amr2_packages/roboi_amr_msgs/install/roboi_amr_msgs/lib/libroboi_amr_msgs__rosidl_typesupport_cpp.so" to ""
[2.823s] -- Up-to-date: /home/roboi-amr/ros2_ws/src/amr2_packages/roboi_amr_msgs/install/roboi_amr_msgs/share/roboi_amr_msgs/environment/pythonpath.sh
[2.823s] -- Installing: /home/roboi-amr/ros2_ws/src/amr2_packages/roboi_amr_msgs/install/roboi_amr_msgs/share/roboi_amr_msgs/environment/pythonpath.dsv
[2.823s] -- Up-to-date: /home/roboi-amr/ros2_ws/src/amr2_packages/roboi_amr_msgs/install/roboi_amr_msgs/local/lib/python3.10/dist-packages/roboi_amr_msgs-0.0.0-py3.10.egg-info
[2.823s] -- Installing: /home/roboi-amr/ros2_ws/src/amr2_packages/roboi_amr_msgs/install/roboi_amr_msgs/local/lib/python3.10/dist-packages/roboi_amr_msgs-0.0.0-py3.10.egg-info/dependency_links.txt
[2.823s] -- Installing: /home/roboi-amr/ros2_ws/src/amr2_packages/roboi_amr_msgs/install/roboi_amr_msgs/local/lib/python3.10/dist-packages/roboi_amr_msgs-0.0.0-py3.10.egg-info/SOURCES.txt
[2.823s] -- Installing: /home/roboi-amr/ros2_ws/src/amr2_packages/roboi_amr_msgs/install/roboi_amr_msgs/local/lib/python3.10/dist-packages/roboi_amr_msgs-0.0.0-py3.10.egg-info/PKG-INFO
[2.823s] -- Installing: /home/roboi-amr/ros2_ws/src/amr2_packages/roboi_amr_msgs/install/roboi_amr_msgs/local/lib/python3.10/dist-packages/roboi_amr_msgs-0.0.0-py3.10.egg-info/top_level.txt
[2.823s] -- Up-to-date: /home/roboi-amr/ros2_ws/src/amr2_packages/roboi_amr_msgs/install/roboi_amr_msgs/local/lib/python3.10/dist-packages/roboi_amr_msgs
[2.823s] -- Installing: /home/roboi-amr/ros2_ws/src/amr2_packages/roboi_amr_msgs/install/roboi_amr_msgs/local/lib/python3.10/dist-packages/roboi_amr_msgs/__init__.py
[2.823s] -- Installing: /home/roboi-amr/ros2_ws/src/amr2_packages/roboi_amr_msgs/install/roboi_amr_msgs/local/lib/python3.10/dist-packages/roboi_amr_msgs/_roboi_amr_msgs_s.ep.rosidl_typesupport_fastrtps_c.c
[2.824s] -- Installing: /home/roboi-amr/ros2_ws/src/amr2_packages/roboi_amr_msgs/install/roboi_amr_msgs/local/lib/python3.10/dist-packages/roboi_amr_msgs/_roboi_amr_msgs_s.ep.rosidl_typesupport_introspection_c.c
[2.824s] -- Installing: /home/roboi-amr/ros2_ws/src/amr2_packages/roboi_amr_msgs/install/roboi_amr_msgs/local/lib/python3.10/dist-packages/roboi_amr_msgs/roboi_amr_msgs_s__rosidl_typesupport_introspection_c.cpython-310-x86_64-linux-gnu.so
[2.824s] -- Installing: /home/roboi-amr/ros2_ws/src/amr2_packages/roboi_amr_msgs/install/roboi_amr_msgs/local/lib/python3.10/dist-packages/roboi_amr_msgs/roboi_amr_msgs_s__rosidl_typesupport_c.cpython-310-x86_64-linux-gnu.so
[2.824s] -- Up-to-date: /home/roboi-amr/ros2_ws/src/amr2_packages/roboi_amr_msgs/install/roboi_amr_msgs/local/lib/python3.10/dist-packages/roboi_amr_msgs/srv
[2.824s] -- Installing: /home/roboi-amr/ros2_ws/src/amr2_packages/roboi_amr_msgs/install/roboi_amr_msgs/local/lib/python3.10/dist-packages/roboi_amr_msgs/srv/__init__.py
[2.824s] -- Installing: /home/roboi-amr/ros2_ws/src/amr2_packages/roboi_amr_msgs/install/roboi_amr_msgs/local/lib/python3.10/dist-packages/roboi_amr_msgs/srv/_led_command.py
[2.824s] -- Installing: /home/roboi-amr/ros2_ws/src/amr2_packages/roboi_amr_msgs/install/roboi_amr_msgs/local/lib/python3.10/dist-packages/roboi_amr_msgs/srv/_led_command_s.c
[2.824s] -- Up-to-date: /home/roboi-amr/ros2_ws/src/amr2_packages/roboi_amr_msgs/install/roboi_amr_msgs/local/lib/python3.10/dist-packages/roboi_amr_msgs/msg
[2.824s] -- Installing: /home/roboi-amr/ros2_ws/src/amr2_packages/roboi_amr_msgs/install/roboi_amr_msgs/local/lib/python3.10/dist-packages/roboi_amr_msgs/msg/__init__.py
[2.824s] -- Installing: /home/roboi-amr/ros2_ws/src/amr2_packages/roboi_amr_msgs/install/roboi_amr_msgs/local/lib/python3.10/dist-packages/roboi_amr_msgs/msg/_ledcommand_s.c
[2.824s] -- Installing: /home/roboi-amr/ros2_ws/src/amr2_packages/roboi_amr_msgs/install/roboi_amr_msgs/local/lib/python3.10/dist-packages/roboi_amr_msgs/msg/_stststus_s.c
[2.824s] -- Up-to-date: /home/roboi-amr/ros2_ws/src/amr2_packages/roboi_amr_msgs/install/roboi_amr_msgs/local/lib/python3.10/dist-packages/roboi_amr_msgs/msg/_sterringmsg_s.c
[2.824s] -- Installing: /home/roboi-amr/ros2_ws/src/amr2_packages/roboi_amr_msgs/install/roboi_amr_msgs/local/lib/python3.10/dist-packages/roboi_amr_msgs/msg/_stststus.py
[2.824s] -- Installing: /home/roboi-amr/ros2_ws/src/amr2_packages/roboi_amr_msgs/install/roboi_amr_msgs/local/lib/python3.10/dist-packages/roboi_amr_msgs/msg/_ledcommand.py
[2.824s] -- Up-to-date: /home/roboi-amr/ros2_ws/src/amr2_packages/roboi_amr_msgs/install/roboi_amr_msgs/local/lib/python3.10/dist-packages/roboi_amr_msgs/msg/_sterringmsg.py
[2.824s] -- Installing: /home/roboi-amr/ros2_ws/src/amr2_packages/roboi_amr_msgs/install/roboi_amr_msgs/local/lib/python3.10/dist-packages/roboi_amr_msgs/roboi_amr_msgs_s__rosidl_typesupport_fastrtps_c.cpython-310-x86_64-linux-gnu.so
[2.825s] -- Installing: /home/roboi-amr/ros2_ws/src/amr2_packages/roboi_amr_msgs/install/roboi_amr_msgs/local/lib/python3.10/dist-packages/roboi_amr_msgs/_roboi_amr_msgs_s.ep.rosidl_typesupport_c.c
[2.825s] -- Installing: /home/roboi-amr/ros2_ws/src/amr2_packages/roboi_amr_msgs/install/roboi_amr_msgs/local/lib/python3.10/dist-packages/roboi_amr_msgs/libroboi_amr_msgs__rosidl_generator_py.so
[2.850s] Listing '/home/roboi-amr/ros2_ws/src/amr2_packages/roboi_amr_msgs/install/roboi_amr_msgs/local/lib/python3.10/dist-packages/roboi_amr_msgs'...
[2.850s] Compiling '/home/roboi-amr/ros2_ws/src/amr2_packages/roboi_amr_msgs/install/roboi_amr_msgs/local/lib/python3.10/dist-packages/roboi_amr_msgs/__init__.py'...
[2.850s] Listing '/home/roboi-amr/ros2_ws/src/amr2_packages/roboi_amr_msgs/install/roboi_amr_msgs/local/lib/python3.10/dist-packages/roboi_amr_msgs/msg'...
[2.850s] Compiling '/home/roboi-amr/ros2_ws/src/amr2_packages/roboi_amr_msgs/install/roboi_amr_msgs/local/lib/python3.10/dist-packages/roboi_amr_msgs/msg/__init__.py'...
[2.851s] Compiling '/home/roboi-amr/ros2_ws/src/amr2_packages/roboi_amr_msgs/install/roboi_amr_msgs/local/lib/python3.10/dist-packages/roboi_amr_msgs/msg/_ledcommand.py'...
[2.851s] Compiling '/home/roboi-amr/ros2_ws/src/amr2_packages/roboi_amr_msgs/install/roboi_amr_msgs/local/lib/python3.10/dist-packages/roboi_amr_msgs/msg/_stststus.py'...
[2.851s] Listing '/home/roboi-amr/ros2_ws/src/amr2_packages/roboi_amr_msgs/install/roboi_amr_msgs/local/lib/python3.10/dist-packages/roboi_amr_msgs/srv'...
[2.851s] Compiling '/home/roboi-amr/ros2_ws/src/amr2_packages/roboi_amr_msgs/install/roboi_amr_msgs/local/lib/python3.10/dist-packages/roboi_amr_msgs/srv/__init__.py'...
[2.851s] Compiling '/home/roboi-amr/ros2_ws/src/amr2_packages/roboi_amr_msgs/install/roboi_amr_msgs/local/lib/python3.10/dist-packages/roboi_amr_msgs/srv/_led_command.py'...
[2.853s] -- Installing: /home/roboi-amr/ros2_ws/src/amr2_packages/roboi_amr_msgs/install/roboi_amr_msgs/local/lib/python3.10/dist-packages/roboi_amr_msgs/roboi_amr_msgs_s__rosidl_typesupport_fastrtps_c.cpython-310-x86_64-linux-gnu.so
[2.853s] -- Set runtime path of "/home/roboi-amr/ros2_ws/src/amr2_packages/roboi_amr_msgs/install/roboi_amr_msgs/local/lib/python3.10/dist-packages/roboi_amr_msgs/roboi_amr_msgs_s__rosidl_typesupport_fastrtps_c.cpython-310-x86_64-linux-gnu.so" to ""
[2.853s] -- Installing: /home/roboi-amr/ros2_ws/src/amr2_packages/roboi_amr_msgs/install/roboi_amr_msgs/local/lib/python3.10/dist-packages/roboi_amr_msgs/roboi_amr_msgs_s__rosidl_typesupport_introspection_c.cpython-310-x86_64-linux-gnu.so
[2.853s] -- Set runtime path of "/home/roboi-amr/ros2_ws/src/amr2_packages/roboi_amr_msgs/install/roboi_amr_msgs/local/lib/python3.10/dist-packages/roboi_amr_msgs/roboi_amr_msgs_s__rosidl_typesupport_introspection_c.cpython-310-x86_64-linux-gnu.so" to ""
[2.854s] -- Installing: /home/roboi-amr/ros2_ws/src/amr2_packages/roboi_amr_msgs/install/roboi_amr_msgs/local/lib/python3.10/dist-packages/roboi_amr_msgs/roboi_amr_msgs_s__rosidl_typesupport_c.cpython-310-x86_64-linux-gnu.so
[2.854s] -- Set runtime path of "/home/roboi-amr/ros2_ws/src/amr2_packages/roboi_amr_msgs/install/roboi_amr_msgs/local/lib/python3.10/dist-packages/roboi_amr_msgs/roboi_amr_msgs_s__rosidl_typesupport_c.cpython-310-x86_64-linux-gnu.so" to ""
[2.854s] -- Installing: /home/roboi-amr/ros2_ws/src/amr2_packages/roboi_amr_msgs/install/roboi_amr_msgs/lib/libroboi_amr_msgs__rosidl_generator_py.so
[2.854s] -- Set runtime path of "/home/roboi-amr/ros2_ws/src/amr2_packages/roboi_amr_msgs/install/roboi_amr_msgs/lib/libroboi_amr_msgs__rosidl_generator_py.so" to ""
[2.854s] -- Up-to-date: /home/roboi-amr/ros2_ws/src/amr2_packages/roboi_amr_msgs/install/roboi_amr_msgs/share/roboi_amr_msgs/msg/Stststus.idl
[2.854s] -- Installing: /home/roboi-amr/ros2_ws/src/amr2_packages/roboi_amr_msgs/install/roboi_amr_msgs/share/roboi_amr_msgs/msg/Ledcommand.idl
[2.854s] -- Up-to-date: /home/roboi-amr/ros2_ws/src/amr2_packages/roboi_amr_msgs/install/roboi_amr_msgs/share/roboi_amr_msgs/srv/LedCommand.idl
[2.854s] -- Up-to-date: /home/roboi-amr/ros2_ws/src/amr2_packages/roboi_amr_msgs/install/roboi_amr_msgs/share/roboi_amr_msgs/msg/Stststus.msg
[2.854s] -- Installing: /home/roboi-amr/ros2_ws/src/amr2_packages/roboi_amr_msgs/install/roboi_amr_msgs/share/roboi_amr_msgs/msg/Ledcommand.msg
[2.854s] -- Up-to-date: /home/roboi-amr/ros2_ws/src/amr2_packages/roboi_amr_msgs/install/roboi_amr_msgs/share/roboi_amr_msgs/srv/LedCommand.srv
[2.855s] -- Up-to-date: /home/roboi-amr/ros2_ws/src/amr2_packages/roboi_amr_msgs/install/roboi_amr_msgs/share/roboi_amr_msgs/srv/LedCommand_Request.msg
[2.855s] -- Up-to-date: /home/roboi-amr/ros2_ws/src/amr2_packages/roboi_amr_msgs/install/roboi_amr_msgs/share/roboi_amr_msgs/srv/LedCommand_Response.msg
[2.855s] -- Up-to-date: /home/roboi-amr/ros2_ws/src/amr2_packages/roboi_amr_msgs/install/roboi_amr_msgs/share/ament_index/resource_index/package_run_dependencies/roboi_amr_msgs
[2.855s] -- Installing: /home/roboi-amr/ros2_ws/src/amr2_packages/roboi_amr_msgs/install/roboi_amr_msgs/share/ament_index/resource_index/parent_prefix_path/roboi_amr_msgs
[2.855s] -- Up-to-date: /home/roboi-amr/ros2_ws/src/amr2_packages/roboi_amr_msgs/install/roboi_amr_msgs/share/roboi_amr_msgs/environment/ament_prefix_path.sh
[2.855s] -- Installing: /home/roboi-amr/ros2_ws/src/amr2_packages/roboi_amr_msgs/install/roboi_amr_msgs/share/roboi_amr_msgs/environment/ament_prefix_path.dsv
[2.855s] -- Up-to-date: /home/roboi-amr/ros2_ws/src/amr2_packages/roboi_amr_msgs/install/roboi_amr_msgs/share/roboi_amr_msgs/environment/path.sh
[2.855s] -- Installing: /home/roboi-amr/ros2_ws/src/amr2_packages/roboi_amr_msgs/install/roboi_amr_msgs/share/roboi_amr_msgs/environment/path.dsv
[2.855s] -- Up-to-date: /home/roboi-amr/ros2_ws/src/amr2_packages/roboi_amr_msgs/install/roboi_amr_msgs/share/roboi_amr_msgs/local_setup.bash
[2.855s] -- Up-to-date: /home/roboi-amr/ros2_ws/src/amr2_packages/roboi_amr_msgs/install/roboi_amr_msgs/share/roboi_amr_msgs/local_setup.sh
[2.855s] -- Up-to-date: /home/roboi-amr/ros2_ws/src/amr2_packages/roboi_amr_msgs/install/roboi_amr_msgs/share/roboi_amr_msgs/local_setup.zsh
[2.855s] -- Installing: /home/roboi-amr/ros2_ws/src/amr2_packages/roboi_amr_msgs/install/roboi_amr_msgs/share/roboi_amr_msgs/local_setup.dsv
[2.855s] -- Installing: /home/roboi-amr/ros2_ws/src/amr2_packages/roboi_amr_msgs/install/roboi_amr_msgs/share/roboi_amr_msgs/package.dsv
[2.855s] -- Up-to-date: /home/roboi-amr/ros2_ws/src/amr2_packages/roboi_amr_msgs/install/roboi_amr_msgs/share/ament_index/resource_index/packages/roboi_amr_msgs
[2.855s] -- Up-to-date: /home/roboi-amr/ros2_ws/src/amr2_packages/roboi_amr_msgs/install/roboi_amr_msgs/share/roboi_amr_msgs/cmake/export_roboi_amr_msgs__rosidl_generator_cExport.cmake
[2.856s] -- Up-to-date: /home/roboi-amr/ros2_ws/src/amr2_packages/roboi_amr_msgs/install/roboi_amr_msgs/share/roboi_amr_msgs/cmake/export_roboi_amr_msgs__rosidl_generator_cExport-noconfig.cmake
[2.856s] -- Up-to-date: /home/roboi-amr/ros2_ws/src/amr2_packages/roboi_amr_msgs/install/roboi_amr_msgs/share/roboi_amr_msgs/cmake/export_roboi_amr_msgs__rosidl_typesupport_fastrtps_cExport.cmake
[2.856s] -- Up-to-date: /home/roboi-amr/ros2_ws/src/amr2_packages/roboi_amr_msgs/install/roboi_amr_msgs/share/roboi_amr_msgs/cmake/export_roboi_amr_msgs__rosidl_typesupport_fastrtps_cExport-noconfig.cmake
[2.856s] -- Up-to-date: /home/roboi-amr/ros2_ws/src/amr2_packages/roboi_amr_msgs/install/roboi_amr_msgs/share/roboi_amr_msgs/cmake/export_roboi_amr_msgs__rosidl_generator_cppExport.cmake
[2.856s] -- Up-to-date: /home/roboi-amr/ros2_ws/src/amr2_packages/roboi_amr_msgs/install/roboi_amr_msgs/share/roboi_amr_msgs/cmake/export_roboi_amr_msgs__rosidl_typesupport_fastrtps_cppExport.cmake
[2.856s] -- Up-to-date: /home/roboi-amr/ros2_ws/src/amr2_packages/roboi_amr_msgs/install/roboi_amr_msgs/share/roboi_amr_msgs/cmake/export_roboi_amr_msgs__rosidl_typesupport_fastrtps_cppExport-noconfig.cmake
[2.856s] -- Up-to-date: /home/roboi-amr/ros2_ws/src/amr2_packages/roboi_amr_msgs/install/roboi_amr_msgs/share/roboi_amr_msgs/cmake/roboi_amr_msgs__rosidl_typesupport_introspection_cExport.cmake
[2.856s] -- Up-to-date: /home/roboi-amr/ros2_ws/src/amr2_packages/roboi_amr_msgs/install/roboi_amr_msgs/share/roboi_amr_msgs/cmake/roboi_amr_msgs__rosidl_typesupport_introspection_cExport-noconfig.cmake
[2.856s] -- Up-to-date: /home/roboi-amr/ros2_ws/src/amr2_packages/roboi_amr_msgs/install/roboi_amr_msgs/share/roboi_amr_msgs/cmake/roboi_amr_msgs__rosidl_typesupport_cExport.cmake
[2.856s] -- Up-to-date: /home/roboi-amr/ros2_ws/src/amr2_packages/roboi_amr_msgs/install/roboi_amr_msgs/share/roboi_amr_msgs/cmake/roboi_amr_msgs__rosidl_typesupport_cExport-noconfig.cmake
[2.856s] -- Up-to-date: /home/roboi-amr/ros2_ws/src/amr2_packages/roboi_amr_msgs/install/roboi_amr_msgs/share/roboi_amr_msgs/cmake/roboi_amr_msgs__rosidl_typesupport_introspection_cppExport.cmake
[2.856s] -- Up-to-date: /home/roboi-amr/ros2_ws/src/amr2_packages/roboi_amr_msgs/install/roboi_amr_msgs/share/roboi_amr_msgs/cmake/roboi_amr_msgs__rosidl_typesupport_introspection_cppExport-noconfig.cmake
[2.856s] -- Up-to-date: /home/roboi-amr/ros2_ws/src/amr2_packages/roboi_amr_msgs/install/roboi_amr_msgs/share/roboi_amr_msgs/cmake/roboi_amr_msgs__rosidl_typesupport_cppExport.cmake
[2.856s] -- Up-to-date: /home/roboi-amr/ros2_ws/src/amr2_packages/roboi_amr_msgs/install/roboi_amr_msgs/share/roboi_amr_msgs/cmake/roboi_amr_msgs__rosidl_typesupport_cppExport-noconfig.cmake
[2.856s] -- Up-to-date: /home/roboi-amr/ros2_ws/src/amr2_packages/roboi_amr_msgs/install/roboi_amr_msgs/share/roboi_amr_msgs/cmake/export_roboi_amr_msgs__rosidl_generator_pyExport.cmake
[2.857s] -- Up-to-date: /home/roboi-amr/ros2_ws/src/amr2_packages/roboi_amr_msgs/install/roboi_amr_msgs/share/roboi_amr_msgs/cmake/export_roboi_amr_msgs__rosidl_generator_pyExport-noconfig.cmake
[2.857s] -- Up-to-date: /home/roboi-amr/ros2_ws/src/amr2_packages/roboi_amr_msgs/install/roboi_amr_msgs/share/roboi_amr_msgs/cmake/rosidl_cmake-extras.cmake
[2.857s] -- Up-to-date: /home/roboi-amr/ros2_ws/src/amr2_packages/roboi_amr_msgs/install/roboi_amr_msgs/share/roboi_amr_msgs/cmake/ament_cmake_export_dependencies-extras.cmake
[2.857s] -- Up-to-date: /home/roboi-amr/ros2_ws/src/amr2_packages/roboi_amr_msgs/install/roboi_amr_msgs/share/roboi_amr_msgs/cmake/ament_cmake_export_include_directories-extras.cmake
[2.857s] -- Up-to-date: /home/roboi-amr/ros2_ws/src/amr2_packages/roboi_amr_msgs/install/roboi_amr_msgs/share/roboi_amr_msgs/cmake/ament_cmake_export_libraries-extras.cmake
[2.857s] -- Up-to-date: /home/roboi-amr/ros2_ws/src/amr2_packages/roboi_amr_msgs/install/roboi_amr_msgs/share/roboi_amr_msgs/cmake/ament_cmake_export_targets-extras.cmake
[2.857s] -- Up-to-date: /home/roboi-amr/ros2_ws/src/amr2_packages/roboi_amr_msgs/install/roboi_amr_msgs/share/roboi_amr_msgs/cmake/rosidl_cmake_export_typesupport_targets-extras.cmake
[2.857s] -- Up-to-date: /home/roboi-amr/ros2_ws/src/amr2_packages/roboi_amr_msgs/install/roboi_amr_msgs/share/roboi_amr_msgs/cmake/rosidl_cmake_export_typesupport_libraries-extras.cmake
[2.857s] -- Up-to-date: /home/roboi-amr/ros2_ws/src/amr2_packages/roboi_amr_msgs/install/roboi_amr_msgs/share/roboi_amr_msgs/cmake/roboi_amr_msgsConfig.cmake
[2.857s] -- Up-to-date: /home/roboi-amr/ros2_ws/src/amr2_packages/roboi_amr_msgs/install/roboi_amr_msgs/share/roboi_amr_msgs/cmake/roboi_amr_msgsConfig-version.cmake
[2.857s] -- Up-to-date: /home/roboi-amr/ros2_ws/src/amr2_packages/roboi_amr_msgs/install/roboi_amr_msgs/share/roboi_amr_msgs/package.xml
[2.858s] Invoked command in '/home/roboi-amr/ros2_ws/src/amr2_packages/roboi_amr_msgs/build/roboi_amr_msgs' returned '0': CMAKE_PREFIX_PATH=${CMAKE_PREFIX_PATH}:/opt/ros/humble /usr/bin/cmake --install /home/roboi-amr/ros2_ws/src/amr2_packages/roboi_amr_msgs/build/roboi_amr_msgs
