-- Found ament_cmake: 1.3.10 (/opt/ros/humble/share/ament_cmake/cmake)
-- Found rclcpp: 16.0.10 (/opt/ros/humble/share/rclcpp/cmake)
-- Found rosidl_generator_c: 3.1.5 (/opt/ros/humble/share/rosidl_generator_c/cmake)
-- Found rosidl_adapter: 3.1.5 (/opt/ros/humble/share/rosidl_adapter/cmake)
-- Found rosidl_generator_cpp: 3.1.5 (/opt/ros/humble/share/rosidl_generator_cpp/cmake)
-- Using all available rosidl_typesupport_c: rosidl_typesupport_fastrtps_c;rosidl_typesupport_introspection_c
-- Using all available rosidl_typesupport_cpp: rosidl_typesupport_fastrtps_cpp;rosidl_typesupport_introspection_cpp
-- Found rmw_implementation_cmake: 6.1.2 (/opt/ros/humble/share/rmw_implementation_cmake/cmake)
-- Found rmw_fastrtps_cpp: 6.2.7 (/opt/ros/humble/share/rmw_fastrtps_cpp/cmake)
-- Using RMW implementation 'rmw_fastrtps_cpp' as default
-- Found roboi_amr_msgs: 0.0.0 (/home/roboi-amr/ros2_ws/src/amr2_packages/roboi_amr_msgs/install/roboi_amr_msgs/share/roboi_amr_msgs/cmake)
-- Found ament_lint_auto: 0.12.11 (/opt/ros/humble/share/ament_lint_auto/cmake)
-- Added test 'cppcheck' to perform static code analysis on C / C++ code
-- Configured cppcheck include dirs: /home/roboi-amr/ros2_ws/src/amr2_packages/roboi_control/include
-- Configured cppcheck exclude dirs and/or files: 
-- Added test 'flake8' to check Python code syntax and style conventions
-- Added test 'lint_cmake' to check CMake code style
-- Added test 'pep257' to check Python code against some of the docstring style conventions in PEP 257
-- Added test 'uncrustify' to check C / C++ code style
-- Configured uncrustify additional arguments: 
-- Added test 'xmllint' to check XML markup files
-- Configuring done
-- Generating done
-- Build files have been written to: /home/roboi-amr/ros2_ws/src/amr2_packages/roboi_control/build/roboi_amr_control
[35m[1mConsolidate compiler generated dependencies of target roboi_amr_control[0m
[ 20%] [32m[1mLinking CXX executable roboi_amr_control[0m
[100%] Built target roboi_amr_control
-- Install configuration: ""
-- Installing: /home/roboi-amr/ros2_ws/src/amr2_packages/roboi_control/install/roboi_amr_control/lib/roboi_amr_control/roboi_amr_control
-- Set runtime path of "/home/roboi-amr/ros2_ws/src/amr2_packages/roboi_control/install/roboi_amr_control/lib/roboi_amr_control/roboi_amr_control" to ""
-- Up-to-date: /home/roboi-amr/ros2_ws/src/amr2_packages/roboi_control/install/roboi_amr_control/share/ament_index/resource_index/package_run_dependencies/roboi_amr_control
-- Up-to-date: /home/roboi-amr/ros2_ws/src/amr2_packages/roboi_control/install/roboi_amr_control/share/ament_index/resource_index/parent_prefix_path/roboi_amr_control
-- Up-to-date: /home/roboi-amr/ros2_ws/src/amr2_packages/roboi_control/install/roboi_amr_control/share/roboi_amr_control/environment/ament_prefix_path.sh
-- Installing: /home/roboi-amr/ros2_ws/src/amr2_packages/roboi_control/install/roboi_amr_control/share/roboi_amr_control/environment/ament_prefix_path.dsv
-- Up-to-date: /home/roboi-amr/ros2_ws/src/amr2_packages/roboi_control/install/roboi_amr_control/share/roboi_amr_control/environment/path.sh
-- Installing: /home/roboi-amr/ros2_ws/src/amr2_packages/roboi_control/install/roboi_amr_control/share/roboi_amr_control/environment/path.dsv
-- Up-to-date: /home/roboi-amr/ros2_ws/src/amr2_packages/roboi_control/install/roboi_amr_control/share/roboi_amr_control/local_setup.bash
-- Up-to-date: /home/roboi-amr/ros2_ws/src/amr2_packages/roboi_control/install/roboi_amr_control/share/roboi_amr_control/local_setup.sh
-- Up-to-date: /home/roboi-amr/ros2_ws/src/amr2_packages/roboi_control/install/roboi_amr_control/share/roboi_amr_control/local_setup.zsh
-- Installing: /home/roboi-amr/ros2_ws/src/amr2_packages/roboi_control/install/roboi_amr_control/share/roboi_amr_control/local_setup.dsv
-- Installing: /home/roboi-amr/ros2_ws/src/amr2_packages/roboi_control/install/roboi_amr_control/share/roboi_amr_control/package.dsv
-- Up-to-date: /home/roboi-amr/ros2_ws/src/amr2_packages/roboi_control/install/roboi_amr_control/share/ament_index/resource_index/packages/roboi_amr_control
-- Up-to-date: /home/roboi-amr/ros2_ws/src/amr2_packages/roboi_control/install/roboi_amr_control/share/roboi_amr_control/cmake/roboi_amr_controlConfig.cmake
-- Up-to-date: /home/roboi-amr/ros2_ws/src/amr2_packages/roboi_control/install/roboi_amr_control/share/roboi_amr_control/cmake/roboi_amr_controlConfig-version.cmake
-- Up-to-date: /home/roboi-amr/ros2_ws/src/amr2_packages/roboi_control/install/roboi_amr_control/share/roboi_amr_control/package.xml
