[0.007s] Invoking command in '/home/roboi-amr/ros2_ws/src/amr2_packages/roboi_control/build/roboi_amr_control': CMAKE_PREFIX_PATH=${CMAKE_PREFIX_PATH}:/opt/ros/humble /usr/bin/cmake --build /home/roboi-amr/ros2_ws/src/amr2_packages/roboi_control/build/roboi_amr_control -- -j8 -l8
[0.023s] -- Found ament_cmake: 1.3.10 (/opt/ros/humble/share/ament_cmake/cmake)
[0.098s] -- Found rclcpp: 16.0.10 (/opt/ros/humble/share/rclcpp/cmake)
[0.116s] -- Found rosidl_generator_c: 3.1.5 (/opt/ros/humble/share/rosidl_generator_c/cmake)
[0.117s] -- Found rosidl_adapter: 3.1.5 (/opt/ros/humble/share/rosidl_adapter/cmake)
[0.121s] -- Found rosidl_generator_cpp: 3.1.5 (/opt/ros/humble/share/rosidl_generator_cpp/cmake)
[0.128s] -- Using all available rosidl_typesupport_c: rosidl_typesupport_fastrtps_c;rosidl_typesupport_introspection_c
[0.136s] -- Using all available rosidl_typesupport_cpp: rosidl_typesupport_fastrtps_cpp;rosidl_typesupport_introspection_cpp
[0.156s] -- Found rmw_implementation_cmake: 6.1.2 (/opt/ros/humble/share/rmw_implementation_cmake/cmake)
[0.156s] -- Found rmw_fastrtps_cpp: 6.2.7 (/opt/ros/humble/share/rmw_fastrtps_cpp/cmake)
[0.214s] -- Using RMW implementation 'rmw_fastrtps_cpp' as default
[0.242s] -- Found roboi_amr_msgs: 0.0.0 (/home/roboi-amr/ros2_ws/src/amr2_packages/roboi_amr_msgs/install/roboi_amr_msgs/share/roboi_amr_msgs/cmake)
[0.251s] -- Found ament_lint_auto: 0.12.11 (/opt/ros/humble/share/ament_lint_auto/cmake)
[0.299s] -- Added test 'cppcheck' to perform static code analysis on C / C++ code
[0.299s] -- Configured cppcheck include dirs: /home/roboi-amr/ros2_ws/src/amr2_packages/roboi_control/include
[0.299s] -- Configured cppcheck exclude dirs and/or files: 
[0.300s] -- Added test 'flake8' to check Python code syntax and style conventions
[0.302s] -- Added test 'lint_cmake' to check CMake code style
[0.303s] -- Added test 'pep257' to check Python code against some of the docstring style conventions in PEP 257
[0.310s] -- Added test 'uncrustify' to check C / C++ code style
[0.310s] -- Configured uncrustify additional arguments: 
[0.311s] -- Added test 'xmllint' to check XML markup files
[0.311s] -- Configuring done
[0.317s] -- Generating done
[0.318s] -- Build files have been written to: /home/roboi-amr/ros2_ws/src/amr2_packages/roboi_control/build/roboi_amr_control
[0.336s] [35m[1mConsolidate compiler generated dependencies of target roboi_amr_control[0m
[0.352s] [ 20%] [32m[1mLinking CXX executable roboi_amr_control[0m
[0.962s] [100%] Built target roboi_amr_control
[0.969s] Invoked command in '/home/roboi-amr/ros2_ws/src/amr2_packages/roboi_control/build/roboi_amr_control' returned '0': CMAKE_PREFIX_PATH=${CMAKE_PREFIX_PATH}:/opt/ros/humble /usr/bin/cmake --build /home/roboi-amr/ros2_ws/src/amr2_packages/roboi_control/build/roboi_amr_control -- -j8 -l8
[0.995s] Invoking command in '/home/roboi-amr/ros2_ws/src/amr2_packages/roboi_control/build/roboi_amr_control': CMAKE_PREFIX_PATH=${CMAKE_PREFIX_PATH}:/opt/ros/humble /usr/bin/cmake --install /home/roboi-amr/ros2_ws/src/amr2_packages/roboi_control/build/roboi_amr_control
[1.000s] -- Install configuration: ""
[1.000s] -- Installing: /home/roboi-amr/ros2_ws/src/amr2_packages/roboi_control/install/roboi_amr_control/lib/roboi_amr_control/roboi_amr_control
[1.003s] -- Set runtime path of "/home/roboi-amr/ros2_ws/src/amr2_packages/roboi_control/install/roboi_amr_control/lib/roboi_amr_control/roboi_amr_control" to ""
[1.003s] -- Up-to-date: /home/roboi-amr/ros2_ws/src/amr2_packages/roboi_control/install/roboi_amr_control/share/ament_index/resource_index/package_run_dependencies/roboi_amr_control
[1.003s] -- Up-to-date: /home/roboi-amr/ros2_ws/src/amr2_packages/roboi_control/install/roboi_amr_control/share/ament_index/resource_index/parent_prefix_path/roboi_amr_control
[1.003s] -- Up-to-date: /home/roboi-amr/ros2_ws/src/amr2_packages/roboi_control/install/roboi_amr_control/share/roboi_amr_control/environment/ament_prefix_path.sh
[1.003s] -- Installing: /home/roboi-amr/ros2_ws/src/amr2_packages/roboi_control/install/roboi_amr_control/share/roboi_amr_control/environment/ament_prefix_path.dsv
[1.003s] -- Up-to-date: /home/roboi-amr/ros2_ws/src/amr2_packages/roboi_control/install/roboi_amr_control/share/roboi_amr_control/environment/path.sh
[1.004s] -- Installing: /home/roboi-amr/ros2_ws/src/amr2_packages/roboi_control/install/roboi_amr_control/share/roboi_amr_control/environment/path.dsv
[1.004s] -- Up-to-date: /home/roboi-amr/ros2_ws/src/amr2_packages/roboi_control/install/roboi_amr_control/share/roboi_amr_control/local_setup.bash
[1.004s] -- Up-to-date: /home/roboi-amr/ros2_ws/src/amr2_packages/roboi_control/install/roboi_amr_control/share/roboi_amr_control/local_setup.sh
[1.004s] -- Up-to-date: /home/roboi-amr/ros2_ws/src/amr2_packages/roboi_control/install/roboi_amr_control/share/roboi_amr_control/local_setup.zsh
[1.004s] -- Installing: /home/roboi-amr/ros2_ws/src/amr2_packages/roboi_control/install/roboi_amr_control/share/roboi_amr_control/local_setup.dsv
[1.004s] -- Installing: /home/roboi-amr/ros2_ws/src/amr2_packages/roboi_control/install/roboi_amr_control/share/roboi_amr_control/package.dsv
[1.004s] -- Up-to-date: /home/roboi-amr/ros2_ws/src/amr2_packages/roboi_control/install/roboi_amr_control/share/ament_index/resource_index/packages/roboi_amr_control
[1.004s] -- Up-to-date: /home/roboi-amr/ros2_ws/src/amr2_packages/roboi_control/install/roboi_amr_control/share/roboi_amr_control/cmake/roboi_amr_controlConfig.cmake
[1.004s] -- Up-to-date: /home/roboi-amr/ros2_ws/src/amr2_packages/roboi_control/install/roboi_amr_control/share/roboi_amr_control/cmake/roboi_amr_controlConfig-version.cmake
[1.004s] -- Up-to-date: /home/roboi-amr/ros2_ws/src/amr2_packages/roboi_control/install/roboi_amr_control/share/roboi_amr_control/package.xml
[1.005s] Invoked command in '/home/roboi-amr/ros2_ws/src/amr2_packages/roboi_control/build/roboi_amr_control' returned '0': CMAKE_PREFIX_PATH=${CMAKE_PREFIX_PATH}:/opt/ros/humble /usr/bin/cmake --install /home/roboi-amr/ros2_ws/src/amr2_packages/roboi_control/build/roboi_amr_control
